2020/06/01 08:00 [35m(/home/teamgrit/Projects/mcs/mvc/dao/janus_dao.go:65)[0m
[33m[2020-06-01 08:00:28][0m [36;1m[0.60ms][0m SELECT * FROM b2b_live a  WHERE (a.live_seq = '9dcbe551-6dc8-781d-c99f-392aa8472b5b') 
[36;31m[1 rows affected or returned ][0m 
2020/06/01 08:00 [35m(/home/teamgrit/Projects/mcs/mvc/dao/janus_dao.go:95)[0m
[33m[2020-06-01 08:00:28][0m [36;1m[0.94ms][0m SELECT * FROM `b2b_live`  WHERE (live_seq = '9dcbe551-6dc8-781d-c99f-392aa8472b5b') 
[36;31m[1 rows affected or returned ][0m 
2020/06/01 08:00 [35m(/home/teamgrit/Projects/mcs/mvc/dao/janus_dao.go:97)[0m
[33m[2020-06-01 08:00:28][0m [36;1m[0.65ms][0m UPDATE `b2b_live` SET `status` = '9000', `updated_at` = '2020-06-01 08:00:28'  WHERE (live_seq = '9dcbe551-6dc8-781d-c99f-392aa8472b5b') 
[36;31m[1 rows affected or returned ][0m 
2020/06/01 08:04 [35m(/home/teamgrit/Projects/mcs/mvc/dao/janus_dao.go:65)[0m
[33m[2020-06-01 08:04:06][0m [36;1m[0.82ms][0m SELECT * FROM b2b_live a  WHERE (a.live_seq = '9dcbe551-6dc8-781d-c99f-392aa8472b5b') 
[36;31m[1 rows affected or returned ][0m 
2020/06/01 08:04 [35m(/home/teamgrit/Projects/mcs/mvc/dao/janus_dao.go:47)[0m
[33m[2020-06-01 08:04:13][0m [36;1m[0.73ms][0m SELECT * FROM b2b_auth a  WHERE (a.key = 'coshop') 
[36;31m[1 rows affected or returned ][0m 
2020/06/01 08:04 [35m(/home/teamgrit/Projects/mcs/mvc/dao/janus_dao.go:57)[0m
[33m[2020-06-01 08:04:13][0m [36;1m[0.62ms][0m INSERT INTO `b2b_live` (`live_seq`,`service_seq`,`room_name`,`access_point`,`videoroom`,`textroom`,`record`,`description`,`status`,`created_at`,`updated_at`,`callback`) VALUES ('928d00a3-83a2-18f7-7410-1016fdfef009',1,'Title','wss://dev-edge.cojam.shop:18001','560534332704449','560534332704449',true,'desc','1000','2020-06-01 08:04:13','2020-06-01 08:04:13','https://dev-api.cojam.shop/media') 
[36;31m[1 rows affected or returned ][0m 
2020/06/01 08:04 [35m(/home/teamgrit/Projects/mcs/mvc/dao/janus_dao.go:65)[0m
[33m[2020-06-01 08:04:50][0m [36;1m[1.05ms][0m SELECT * FROM b2b_live a  WHERE (a.live_seq = '928d00a3-83a2-18f7-7410-1016fdfef009') 
[36;31m[1 rows affected or returned ][0m 
2020/06/01 08:04 [35m(/home/teamgrit/Projects/mcs/mvc/dao/janus_dao.go:65)[0m
[33m[2020-06-01 08:04:53][0m [36;1m[0.70ms][0m SELECT * FROM b2b_live a  WHERE (a.live_seq = '928d00a3-83a2-18f7-7410-1016fdfef009') 
[36;31m[1 rows affected or returned ][0m 
2020/06/01 08:04 [35m(/home/teamgrit/Projects/mcs/mvc/dao/janus_dao.go:137)[0m
[33m[2020-06-01 08:04:53][0m [36;1m[6.13ms][0m UPDATE `b2b_live` SET `status` = '1000', `updated_at` = '2020-06-01 08:04:53'   
[36;31m[814 rows affected or returned ][0m 
2020/06/01 08:04 [35m(/home/teamgrit/Projects/mcs/mvc/dao/janus_dao.go:65)[0m
[33m[2020-06-01 08:04:54][0m [36;1m[0.90ms][0m SELECT * FROM b2b_live a  WHERE (a.live_seq = '928d00a3-83a2-18f7-7410-1016fdfef009') 
[36;31m[1 rows affected or returned ][0m 
2020/06/01 08:05 [35m(/home/teamgrit/Projects/mcs/mvc/dao/janus_dao.go:65)[0m
[33m[2020-06-01 08:05:29][0m [36;1m[0.81ms][0m SELECT * FROM b2b_live a  WHERE (a.live_seq = '928d00a3-83a2-18f7-7410-1016fdfef009') 
[36;31m[1 rows affected or returned ][0m 
2020/06/01 08:06 [35m(/home/teamgrit/Projects/mcs/mvc/dao/janus_dao.go:65)[0m
[33m[2020-06-01 08:06:45][0m [36;1m[0.70ms][0m SELECT * FROM b2b_live a  WHERE (a.live_seq = '928d00a3-83a2-18f7-7410-1016fdfef009') 
[36;31m[1 rows affected or returned ][0m 
2020/06/01 08:07 [35m(/home/teamgrit/Projects/mcs/mvc/dao/janus_dao.go:65)[0m
[33m[2020-06-01 08:07:01][0m [36;1m[0.65ms][0m SELECT * FROM b2b_live a  WHERE (a.live_seq = '928d00a3-83a2-18f7-7410-1016fdfef009') 
[36;31m[1 rows affected or returned ][0m 
2020/06/01 08:07 [35m(/home/teamgrit/Projects/mcs/mvc/dao/janus_dao.go:65)[0m
[33m[2020-06-01 08:07:12][0m [36;1m[0.64ms][0m SELECT * FROM b2b_live a  WHERE (a.live_seq = '928d00a3-83a2-18f7-7410-1016fdfef009') 
[36;31m[1 rows affected or returned ][0m 
2020/06/01 08:07 [35m(/home/teamgrit/Projects/mcs/mvc/dao/janus_dao.go:65)[0m
[33m[2020-06-01 08:07:15][0m [36;1m[1.29ms][0m SELECT * FROM b2b_live a  WHERE (a.live_seq = '928d00a3-83a2-18f7-7410-1016fdfef009') 
[36;31m[1 rows affected or returned ][0m 
2020/06/01 08:07 [35m(/home/teamgrit/Projects/mcs/mvc/dao/janus_dao.go:65)[0m
[33m[2020-06-01 08:07:31][0m [36;1m[0.73ms][0m SELECT * FROM b2b_live a  WHERE (a.live_seq = '928d00a3-83a2-18f7-7410-1016fdfef009') 
[36;31m[1 rows affected or returned ][0m 
2020/06/01 08:07 [35m(/home/teamgrit/Projects/mcs/mvc/dao/janus_dao.go:65)[0m
[33m[2020-06-01 08:07:34][0m [36;1m[0.71ms][0m SELECT * FROM b2b_live a  WHERE (a.live_seq = '928d00a3-83a2-18f7-7410-1016fdfef009') 
[36;31m[1 rows affected or returned ][0m 
2020/06/01 08:09 [35m(/home/teamgrit/Projects/mcs/mvc/dao/janus_dao.go:65)[0m
[33m[2020-06-01 08:09:38][0m [36;1m[0.88ms][0m SELECT * FROM b2b_live a  WHERE (a.live_seq = '928d00a3-83a2-18f7-7410-1016fdfef009') 
[36;31m[1 rows affected or returned ][0m 
2020/06/01 08:09 [35m(/home/teamgrit/Projects/mcs/mvc/dao/janus_dao.go:65)[0m
[33m[2020-06-01 08:09:42][0m [36;1m[0.70ms][0m SELECT * FROM b2b_live a  WHERE (a.live_seq = '928d00a3-83a2-18f7-7410-1016fdfef009') 
[36;31m[1 rows affected or returned ][0m 
2020/06/01 08:09 [35m(/home/teamgrit/Projects/mcs/mvc/dao/janus_dao.go:95)[0m
[33m[2020-06-01 08:09:42][0m [36;1m[1.06ms][0m SELECT * FROM `b2b_live`  WHERE (live_seq = '928d00a3-83a2-18f7-7410-1016fdfef009') 
[36;31m[1 rows affected or returned ][0m 
2020/06/01 08:09 [35m(/home/teamgrit/Projects/mcs/mvc/dao/janus_dao.go:97)[0m
[33m[2020-06-01 08:09:42][0m [36;1m[0.66ms][0m UPDATE `b2b_live` SET `status` = '9000', `updated_at` = '2020-06-01 08:09:42'  WHERE (live_seq = '928d00a3-83a2-18f7-7410-1016fdfef009') 
[36;31m[1 rows affected or returned ][0m 
2020/06/01 08:11 [35m(/home/teamgrit/Projects/mcs/mvc/dao/janus_dao.go:47)[0m
[33m[2020-06-01 08:11:02][0m [36;1m[0.70ms][0m SELECT * FROM b2b_auth a  WHERE (a.key = 'coshop') 
[36;31m[1 rows affected or returned ][0m 
2020/06/01 08:11 [35m(/home/teamgrit/Projects/mcs/mvc/dao/janus_dao.go:57)[0m
[33m[2020-06-01 08:11:02][0m [36;1m[1.47ms][0m INSERT INTO `b2b_live` (`live_seq`,`service_seq`,`room_name`,`access_point`,`videoroom`,`textroom`,`record`,`description`,`status`,`created_at`,`updated_at`,`callback`) VALUES ('70b2068a-dc7b-aca9-6a2f-ce48af0a8a84',1,'Title','wss://dev-edge.cojam.shop:18002','2627144067849746','2627144067849746',true,'desc','1000','2020-06-01 08:11:02','2020-06-01 08:11:02','https://dev-api.cojam.shop/media') 
[36;31m[1 rows affected or returned ][0m 
2020/06/01 08:11 [35m(/home/teamgrit/Projects/mcs/mvc/dao/janus_dao.go:65)[0m
[33m[2020-06-01 08:11:19][0m [36;1m[1.08ms][0m SELECT * FROM b2b_live a  WHERE (a.live_seq = '70b2068a-dc7b-aca9-6a2f-ce48af0a8a84') 
[36;31m[1 rows affected or returned ][0m 
2020/06/01 08:11 [35m(/home/teamgrit/Projects/mcs/mvc/dao/janus_dao.go:65)[0m
[33m[2020-06-01 08:11:21][0m [36;1m[1.64ms][0m SELECT * FROM b2b_live a  WHERE (a.live_seq = '70b2068a-dc7b-aca9-6a2f-ce48af0a8a84') 
[36;31m[1 rows affected or returned ][0m 
2020/06/01 08:11 [35m(/home/teamgrit/Projects/mcs/mvc/dao/janus_dao.go:137)[0m
[33m[2020-06-01 08:11:21][0m [36;1m[6.77ms][0m UPDATE `b2b_live` SET `status` = '1000', `updated_at` = '2020-06-01 08:11:21'   
[36;31m[815 rows affected or returned ][0m 
2020/06/01 08:11 [35m(/home/teamgrit/Projects/mcs/mvc/dao/janus_dao.go:65)[0m
[33m[2020-06-01 08:11:22][0m [36;1m[0.91ms][0m SELECT * FROM b2b_live a  WHERE (a.live_seq = '70b2068a-dc7b-aca9-6a2f-ce48af0a8a84') 
[36;31m[1 rows affected or returned ][0m 
2020/06/01 08:12 [35m(/home/teamgrit/Projects/mcs/mvc/dao/janus_dao.go:65)[0m
[33m[2020-06-01 08:12:36][0m [36;1m[0.80ms][0m SELECT * FROM b2b_live a  WHERE (a.live_seq = '70b2068a-dc7b-aca9-6a2f-ce48af0a8a84') 
[36;31m[1 rows affected or returned ][0m 
2020/06/01 08:12 [35m(/home/teamgrit/Projects/mcs/mvc/dao/janus_dao.go:65)[0m
[33m[2020-06-01 08:12:44][0m [36;1m[0.72ms][0m SELECT * FROM b2b_live a  WHERE (a.live_seq = '70b2068a-dc7b-aca9-6a2f-ce48af0a8a84') 
[36;31m[1 rows affected or returned ][0m 
2020/06/01 08:12 [35m(/home/teamgrit/Projects/mcs/mvc/dao/janus_dao.go:95)[0m
[33m[2020-06-01 08:12:44][0m [36;1m[0.98ms][0m SELECT * FROM `b2b_live`  WHERE (live_seq = '70b2068a-dc7b-aca9-6a2f-ce48af0a8a84') 
[36;31m[1 rows affected or returned ][0m 
2020/06/01 08:12 [35m(/home/teamgrit/Projects/mcs/mvc/dao/janus_dao.go:97)[0m
[33m[2020-06-01 08:12:44][0m [36;1m[0.53ms][0m UPDATE `b2b_live` SET `status` = '9000', `updated_at` = '2020-06-01 08:12:44'  WHERE (live_seq = '70b2068a-dc7b-aca9-6a2f-ce48af0a8a84') 
[36;31m[1 rows affected or returned ][0m 
2020/06/01 08:13 [35m(/home/teamgrit/Projects/mcs/mvc/dao/janus_dao.go:47)[0m
[33m[2020-06-01 08:13:41][0m [36;1m[0.85ms][0m SELECT * FROM b2b_auth a  WHERE (a.key = 'coshop') 
[36;31m[1 rows affected or returned ][0m 
2020/06/01 08:13 [35m(/home/teamgrit/Projects/mcs/mvc/dao/janus_dao.go:57)[0m
[33m[2020-06-01 08:13:41][0m [36;1m[1.42ms][0m INSERT INTO `b2b_live` (`live_seq`,`service_seq`,`room_name`,`access_point`,`videoroom`,`textroom`,`record`,`description`,`status`,`created_at`,`updated_at`,`callback`) VALUES ('08c39db1-ed58-e0d5-c33e-42a53e7681ab',1,'Title','wss://dev-edge.cojam.shop:18002','4355677926203025','4355677926203025',true,'desc','1000','2020-06-01 08:13:41','2020-06-01 08:13:41','https://dev-api.cojam.shop/media') 
[36;31m[1 rows affected or returned ][0m 
2020/06/01 08:14 [35m(/home/teamgrit/Projects/mcs/mvc/dao/janus_dao.go:65)[0m
[33m[2020-06-01 08:14:01][0m [36;1m[0.90ms][0m SELECT * FROM b2b_live a  WHERE (a.live_seq = '08c39db1-ed58-e0d5-c33e-42a53e7681ab') 
[36;31m[1 rows affected or returned ][0m 
2020/06/01 08:14 [35m(/home/teamgrit/Projects/mcs/mvc/dao/janus_dao.go:65)[0m
[33m[2020-06-01 08:14:20][0m [36;1m[0.72ms][0m SELECT * FROM b2b_live a  WHERE (a.live_seq = '08c39db1-ed58-e0d5-c33e-42a53e7681ab') 
[36;31m[1 rows affected or returned ][0m 
2020/06/01 08:14 [35m(/home/teamgrit/Projects/mcs/mvc/dao/janus_dao.go:137)[0m
[33m[2020-06-01 08:14:20][0m [36;1m[6.51ms][0m UPDATE `b2b_live` SET `status` = '1000', `updated_at` = '2020-06-01 08:14:20'   
[36;31m[816 rows affected or returned ][0m 
2020/06/01 08:14 [35m(/home/teamgrit/Projects/mcs/mvc/dao/janus_dao.go:65)[0m
[33m[2020-06-01 08:14:21][0m [36;1m[0.82ms][0m SELECT * FROM b2b_live a  WHERE (a.live_seq = '08c39db1-ed58-e0d5-c33e-42a53e7681ab') 
[36;31m[1 rows affected or returned ][0m 
2020/06/01 08:15 [35m(/home/teamgrit/Projects/mcs/mvc/dao/janus_dao.go:65)[0m
[33m[2020-06-01 08:15:55][0m [36;1m[0.84ms][0m SELECT * FROM b2b_live a  WHERE (a.live_seq = '08c39db1-ed58-e0d5-c33e-42a53e7681ab') 
[36;31m[1 rows affected or returned ][0m 
2020/06/01 08:16 [35m(/home/teamgrit/Projects/mcs/mvc/dao/janus_dao.go:65)[0m
[33m[2020-06-01 08:16:07][0m [36;1m[0.62ms][0m SELECT * FROM b2b_live a  WHERE (a.live_seq = '08c39db1-ed58-e0d5-c33e-42a53e7681ab') 
[36;31m[1 rows affected or returned ][0m 
2020/06/01 08:16 [35m(/home/teamgrit/Projects/mcs/mvc/dao/janus_dao.go:65)[0m
[33m[2020-06-01 08:16:13][0m [36;1m[0.67ms][0m SELECT * FROM b2b_live a  WHERE (a.live_seq = '08c39db1-ed58-e0d5-c33e-42a53e7681ab') 
[36;31m[1 rows affected or returned ][0m 
2020/06/01 08:16 [35m(/home/teamgrit/Projects/mcs/mvc/dao/janus_dao.go:65)[0m
[33m[2020-06-01 08:16:31][0m [36;1m[0.71ms][0m SELECT * FROM b2b_live a  WHERE (a.live_seq = '08c39db1-ed58-e0d5-c33e-42a53e7681ab') 
[36;31m[1 rows affected or returned ][0m 
2020/06/01 08:16 [35m(/home/teamgrit/Projects/mcs/mvc/dao/janus_dao.go:65)[0m
[33m[2020-06-01 08:16:36][0m [36;1m[0.77ms][0m SELECT * FROM b2b_live a  WHERE (a.live_seq = '08c39db1-ed58-e0d5-c33e-42a53e7681ab') 
[36;31m[1 rows affected or returned ][0m 
2020/06/01 08:16 [35m(/home/teamgrit/Projects/mcs/mvc/dao/janus_dao.go:65)[0m
[33m[2020-06-01 08:16:59][0m [36;1m[0.78ms][0m SELECT * FROM b2b_live a  WHERE (a.live_seq = '08c39db1-ed58-e0d5-c33e-42a53e7681ab') 
[36;31m[1 rows affected or returned ][0m 
2020/06/01 08:17 [35m(/home/teamgrit/Projects/mcs/mvc/dao/janus_dao.go:65)[0m
[33m[2020-06-01 08:17:02][0m [36;1m[0.74ms][0m SELECT * FROM b2b_live a  WHERE (a.live_seq = '08c39db1-ed58-e0d5-c33e-42a53e7681ab') 
[36;31m[1 rows affected or returned ][0m 
2020/06/01 08:39 [35m(/home/teamgrit/Projects/mcs/mvc/dao/janus_dao.go:65)[0m
[33m[2020-06-01 08:39:56][0m [36;1m[0.77ms][0m SELECT * FROM b2b_live a  WHERE (a.live_seq = '08c39db1-ed58-e0d5-c33e-42a53e7681ab') 
[36;31m[1 rows affected or returned ][0m 
2020/06/01 08:39 [35m(/home/teamgrit/Projects/mcs/mvc/dao/janus_dao.go:65)[0m
[33m[2020-06-01 08:39:59][0m [36;1m[0.76ms][0m SELECT * FROM b2b_live a  WHERE (a.live_seq = '08c39db1-ed58-e0d5-c33e-42a53e7681ab') 
[36;31m[1 rows affected or returned ][0m 
2020/06/01 08:40 [35m(/home/teamgrit/Projects/mcs/mvc/dao/janus_dao.go:65)[0m
[33m[2020-06-01 08:40:05][0m [36;1m[0.76ms][0m SELECT * FROM b2b_live a  WHERE (a.live_seq = '08c39db1-ed58-e0d5-c33e-42a53e7681ab') 
[36;31m[1 rows affected or returned ][0m 
2020/06/01 08:40 [35m(/home/teamgrit/Projects/mcs/mvc/dao/janus_dao.go:95)[0m
[33m[2020-06-01 08:40:05][0m [36;1m[0.91ms][0m SELECT * FROM `b2b_live`  WHERE (live_seq = '08c39db1-ed58-e0d5-c33e-42a53e7681ab') 
[36;31m[1 rows affected or returned ][0m 
2020/06/01 08:40 [35m(/home/teamgrit/Projects/mcs/mvc/dao/janus_dao.go:97)[0m
[33m[2020-06-01 08:40:05][0m [36;1m[0.73ms][0m UPDATE `b2b_live` SET `status` = '9000', `updated_at` = '2020-06-01 08:40:05'  WHERE (live_seq = '08c39db1-ed58-e0d5-c33e-42a53e7681ab') 
[36;31m[1 rows affected or returned ][0m 
2020/06/01 08:40 [35m(/home/teamgrit/Projects/mcs/mvc/dao/janus_dao.go:65)[0m
[33m[2020-06-01 08:40:07][0m [36;1m[0.74ms][0m SELECT * FROM b2b_live a  WHERE (a.live_seq = '08c39db1-ed58-e0d5-c33e-42a53e7681ab') 
[36;31m[1 rows affected or returned ][0m 
2020/06/01 08:40 [35m(/home/teamgrit/Projects/mcs/mvc/dao/janus_dao.go:95)[0m
[33m[2020-06-01 08:40:07][0m [36;1m[0.63ms][0m SELECT * FROM `b2b_live`  WHERE (live_seq = '08c39db1-ed58-e0d5-c33e-42a53e7681ab') 
[36;31m[1 rows affected or returned ][0m 
2020/06/01 08:40 [35m(/home/teamgrit/Projects/mcs/mvc/dao/janus_dao.go:97)[0m
[33m[2020-06-01 08:40:07][0m [36;1m[0.54ms][0m UPDATE `b2b_live` SET `status` = '9000', `updated_at` = '2020-06-01 08:40:07'  WHERE (live_seq = '08c39db1-ed58-e0d5-c33e-42a53e7681ab') 
[36;31m[1 rows affected or returned ][0m 
2020/06/01 08:43 [35m(/home/teamgrit/Projects/mcs/mvc/dao/janus_dao.go:65)[0m
[33m[2020-06-01 08:43:44][0m [36;1m[0.94ms][0m SELECT * FROM b2b_live a  WHERE (a.live_seq = '12e0cd21-dacd-7835-d4c7-56d4579c2946') 
[36;31m[1 rows affected or returned ][0m 
2020/06/01 08:44 [35m(/home/teamgrit/Projects/mcs/mvc/dao/janus_dao.go:47)[0m
[33m[2020-06-01 08:44:22][0m [36;1m[0.55ms][0m SELECT * FROM b2b_auth a  WHERE (a.key = 'coshop') 
[36;31m[1 rows affected or returned ][0m 
2020/06/01 08:44 [35m(/home/teamgrit/Projects/mcs/mvc/dao/janus_dao.go:57)[0m
[33m[2020-06-01 08:44:22][0m [36;1m[1.07ms][0m INSERT INTO `b2b_live` (`live_seq`,`service_seq`,`room_name`,`access_point`,`videoroom`,`textroom`,`record`,`description`,`status`,`created_at`,`updated_at`,`callback`) VALUES ('2618f4a9-faf8-df03-3b00-bf90e71070d4',1,'Title','wss://dev-edge.cojam.shop:18002','2155277897679023','2155277897679023',true,'desc','1000','2020-06-01 08:44:22','2020-06-01 08:44:22','https://dev-api.cojam.shop/media') 
[36;31m[1 rows affected or returned ][0m 
2020/06/01 08:44 [35m(/home/teamgrit/Projects/mcs/mvc/dao/janus_dao.go:65)[0m
[33m[2020-06-01 08:44:50][0m [36;1m[0.94ms][0m SELECT * FROM b2b_live a  WHERE (a.live_seq = '2618f4a9-faf8-df03-3b00-bf90e71070d4') 
[36;31m[1 rows affected or returned ][0m 
2020/06/01 08:44 [35m(/home/teamgrit/Projects/mcs/mvc/dao/janus_dao.go:95)[0m
[33m[2020-06-01 08:44:50][0m [36;1m[0.69ms][0m SELECT * FROM `b2b_live`  WHERE (live_seq = '2618f4a9-faf8-df03-3b00-bf90e71070d4') 
[36;31m[1 rows affected or returned ][0m 
2020/06/01 08:44 [35m(/home/teamgrit/Projects/mcs/mvc/dao/janus_dao.go:97)[0m
[33m[2020-06-01 08:44:50][0m [36;1m[1.12ms][0m UPDATE `b2b_live` SET `status` = '9000', `updated_at` = '2020-06-01 08:44:50'  WHERE (live_seq = '2618f4a9-faf8-df03-3b00-bf90e71070d4') 
[36;31m[1 rows affected or returned ][0m 
2020/06/01 08:45 [35m(/home/teamgrit/Projects/mcs/mvc/dao/janus_dao.go:65)[0m
[33m[2020-06-01 08:45:54][0m [36;1m[1.01ms][0m SELECT * FROM b2b_live a  WHERE (a.live_seq = '12e0cd21-dacd-7835-d4c7-56d4579c2946') 
[36;31m[1 rows affected or returned ][0m 
2020/06/01 08:46 [35m(/home/teamgrit/Projects/mcs/mvc/dao/janus_dao.go:65)[0m
[33m[2020-06-01 08:46:01][0m [36;1m[0.73ms][0m SELECT * FROM b2b_live a  WHERE (a.live_seq = '12e0cd21-dacd-7835-d4c7-56d4579c2946') 
[36;31m[1 rows affected or returned ][0m 
2020/06/01 08:46 [35m(/home/teamgrit/Projects/mcs/mvc/dao/janus_dao.go:65)[0m
[33m[2020-06-01 08:46:49][0m [36;1m[0.75ms][0m SELECT * FROM b2b_live a  WHERE (a.live_seq = '12e0cd21-dacd-7835-d4c7-56d4579c2946') 
[36;31m[1 rows affected or returned ][0m 
2020/06/01 08:49 [35m(/home/teamgrit/Projects/mcs/mvc/dao/janus_dao.go:65)[0m
[33m[2020-06-01 08:49:21][0m [36;1m[0.80ms][0m SELECT * FROM b2b_live a  WHERE (a.live_seq = '12e0cd21-dacd-7835-d4c7-56d4579c2946') 
[36;31m[1 rows affected or returned ][0m 
2020/06/01 08:54 [35m(/home/teamgrit/Projects/mcs/mvc/dao/janus_dao.go:47)[0m
[33m[2020-06-01 08:54:59][0m [36;1m[0.88ms][0m SELECT * FROM b2b_auth a  WHERE (a.key = 'coshop') 
[36;31m[1 rows affected or returned ][0m 
2020/06/01 08:54 [35m(/home/teamgrit/Projects/mcs/mvc/dao/janus_dao.go:57)[0m
[33m[2020-06-01 08:54:59][0m [36;1m[0.66ms][0m INSERT INTO `b2b_live` (`live_seq`,`service_seq`,`room_name`,`access_point`,`videoroom`,`textroom`,`record`,`description`,`status`,`created_at`,`updated_at`,`callback`) VALUES ('ecd7dbea-6700-17d3-f3f7-fb21a3de62c1',1,'Title','wss://dev-edge.cojam.shop:18002','4281937352755390','4281937352755390',true,'desc','1000','2020-06-01 08:54:59','2020-06-01 08:54:59','https://dev-api.cojam.shop/media') 
[36;31m[1 rows affected or returned ][0m 
2020/06/01 08:55 [35m(/home/teamgrit/Projects/mcs/mvc/dao/janus_dao.go:65)[0m
[33m[2020-06-01 08:55:22][0m [36;1m[1.21ms][0m SELECT * FROM b2b_live a  WHERE (a.live_seq = '08c39db1-ed58-e0d5-c33e-42a53e7681ab') 
[36;31m[1 rows affected or returned ][0m 
2020/06/01 08:55 [35m(/home/teamgrit/Projects/mcs/mvc/dao/janus_dao.go:95)[0m
[33m[2020-06-01 08:55:22][0m [36;1m[0.83ms][0m SELECT * FROM `b2b_live`  WHERE (live_seq = '08c39db1-ed58-e0d5-c33e-42a53e7681ab') 
[36;31m[1 rows affected or returned ][0m 
2020/06/01 08:55 [35m(/home/teamgrit/Projects/mcs/mvc/dao/janus_dao.go:97)[0m
[33m[2020-06-01 08:55:22][0m [36;1m[0.68ms][0m UPDATE `b2b_live` SET `status` = '9000', `updated_at` = '2020-06-01 08:55:22'  WHERE (live_seq = '08c39db1-ed58-e0d5-c33e-42a53e7681ab') 
[36;31m[1 rows affected or returned ][0m 
2020/06/01 08:55 [35m(/home/teamgrit/Projects/mcs/mvc/dao/janus_dao.go:65)[0m
[33m[2020-06-01 08:55:32][0m [36;1m[1.04ms][0m SELECT * FROM b2b_live a  WHERE (a.live_seq = 'ecd7dbea-6700-17d3-f3f7-fb21a3de62c1') 
[36;31m[1 rows affected or returned ][0m 
2020/06/01 08:55 [35m(/home/teamgrit/Projects/mcs/mvc/dao/janus_dao.go:65)[0m
[33m[2020-06-01 08:55:35][0m [36;1m[0.68ms][0m SELECT * FROM b2b_live a  WHERE (a.live_seq = 'ecd7dbea-6700-17d3-f3f7-fb21a3de62c1') 
[36;31m[1 rows affected or returned ][0m 
2020/06/01 08:55 [35m(/home/teamgrit/Projects/mcs/mvc/dao/janus_dao.go:65)[0m
[33m[2020-06-01 08:55:49][0m [36;1m[0.78ms][0m SELECT * FROM b2b_live a  WHERE (a.live_seq = 'ecd7dbea-6700-17d3-f3f7-fb21a3de62c1') 
[36;31m[1 rows affected or returned ][0m 
2020/06/01 08:55 [35m(/home/teamgrit/Projects/mcs/mvc/dao/janus_dao.go:95)[0m
[33m[2020-06-01 08:55:49][0m [36;1m[0.85ms][0m SELECT * FROM `b2b_live`  WHERE (live_seq = 'ecd7dbea-6700-17d3-f3f7-fb21a3de62c1') 
[36;31m[1 rows affected or returned ][0m 
2020/06/01 08:55 [35m(/home/teamgrit/Projects/mcs/mvc/dao/janus_dao.go:97)[0m
[33m[2020-06-01 08:55:49][0m [36;1m[0.53ms][0m UPDATE `b2b_live` SET `status` = '9000', `updated_at` = '2020-06-01 08:55:49'  WHERE (live_seq = 'ecd7dbea-6700-17d3-f3f7-fb21a3de62c1') 
[36;31m[1 rows affected or returned ][0m 
2020/06/01 08:55 [35m(/home/teamgrit/Projects/mcs/mvc/dao/janus_dao.go:65)[0m
[33m[2020-06-01 08:55:53][0m [36;1m[0.99ms][0m SELECT * FROM b2b_live a  WHERE (a.live_seq = 'ecd7dbea-6700-17d3-f3f7-fb21a3de62c1') 
[36;31m[1 rows affected or returned ][0m 
2020/06/01 08:56 [35m(/home/teamgrit/Projects/mcs/mvc/dao/janus_dao.go:47)[0m
[33m[2020-06-01 08:56:08][0m [36;1m[0.66ms][0m SELECT * FROM b2b_auth a  WHERE (a.key = 'coshop') 
[36;31m[1 rows affected or returned ][0m 
2020/06/01 08:56 [35m(/home/teamgrit/Projects/mcs/mvc/dao/janus_dao.go:57)[0m
[33m[2020-06-01 08:56:08][0m [36;1m[0.63ms][0m INSERT INTO `b2b_live` (`live_seq`,`service_seq`,`room_name`,`access_point`,`videoroom`,`textroom`,`record`,`description`,`status`,`created_at`,`updated_at`,`callback`) VALUES ('e4035bd7-2f2b-01df-6bce-fe9f7d724490',1,'Title','wss://dev-edge.cojam.shop:18002','8799343082678463','8799343082678463',true,'desc','1000','2020-06-01 08:56:08','2020-06-01 08:56:08','https://dev-api.cojam.shop/media') 
[36;31m[1 rows affected or returned ][0m 
2020/06/01 08:56 [35m(/home/teamgrit/Projects/mcs/mvc/dao/janus_dao.go:65)[0m
[33m[2020-06-01 08:56:23][0m [36;1m[0.79ms][0m SELECT * FROM b2b_live a  WHERE (a.live_seq = 'e4035bd7-2f2b-01df-6bce-fe9f7d724490') 
[36;31m[1 rows affected or returned ][0m 
2020/06/01 08:56 [35m(/home/teamgrit/Projects/mcs/mvc/dao/janus_dao.go:65)[0m
[33m[2020-06-01 08:56:25][0m [36;1m[0.87ms][0m SELECT * FROM b2b_live a  WHERE (a.live_seq = 'e4035bd7-2f2b-01df-6bce-fe9f7d724490') 
[36;31m[1 rows affected or returned ][0m 
2020/06/01 08:56 [35m(/home/teamgrit/Projects/mcs/mvc/dao/janus_dao.go:137)[0m
[33m[2020-06-01 08:56:25][0m [36;1m[7.63ms][0m UPDATE `b2b_live` SET `status` = '1000', `updated_at` = '2020-06-01 08:56:25'   
[36;31m[819 rows affected or returned ][0m 
2020/06/01 08:56 [35m(/home/teamgrit/Projects/mcs/mvc/dao/janus_dao.go:65)[0m
[33m[2020-06-01 08:56:26][0m [36;1m[0.96ms][0m SELECT * FROM b2b_live a  WHERE (a.live_seq = 'e4035bd7-2f2b-01df-6bce-fe9f7d724490') 
[36;31m[1 rows affected or returned ][0m 
2020/06/01 08:56 [35m(/home/teamgrit/Projects/mcs/mvc/dao/janus_dao.go:65)[0m
[33m[2020-06-01 08:56:32][0m [36;1m[0.77ms][0m SELECT * FROM b2b_live a  WHERE (a.live_seq = 'e4035bd7-2f2b-01df-6bce-fe9f7d724490') 
[36;31m[1 rows affected or returned ][0m 
2020/06/01 08:58 [35m(/home/teamgrit/Projects/mcs/mvc/dao/janus_dao.go:65)[0m
[33m[2020-06-01 08:58:03][0m [36;1m[0.75ms][0m SELECT * FROM b2b_live a  WHERE (a.live_seq = 'e4035bd7-2f2b-01df-6bce-fe9f7d724490') 
[36;31m[1 rows affected or returned ][0m 
2020/06/01 08:58 [35m(/home/teamgrit/Projects/mcs/mvc/dao/janus_dao.go:65)[0m
[33m[2020-06-01 08:58:59][0m [36;1m[0.74ms][0m SELECT * FROM b2b_live a  WHERE (a.live_seq = 'e4035bd7-2f2b-01df-6bce-fe9f7d724490') 
[36;31m[1 rows affected or returned ][0m 
