2020/06/01 05:08 [35m(/home/teamgrit/Projects/mcs/mvc/dao/janus_dao.go:47)[0m
[33m[2020-06-01 05:08:58][0m [36;1m[0.76ms][0m SELECT * FROM b2b_auth a  WHERE (a.key = 'coshop') 
[36;31m[1 rows affected or returned ][0m 
2020/06/01 05:08 [35m(/home/teamgrit/Projects/mcs/mvc/dao/janus_dao.go:57)[0m
[33m[2020-06-01 05:08:58][0m [36;1m[0.65ms][0m INSERT INTO `b2b_live` (`live_seq`,`service_seq`,`room_name`,`access_point`,`videoroom`,`textroom`,`record`,`description`,`status`,`created_at`,`updated_at`,`callback`) VALUES ('0bedaaac-bae2-3f77-0038-57ea26c4f30b',1,'Title','wss://dev-edge.cojam.shop:18001','3905638266024627','3905638266024627',true,'desc','1000','2020-06-01 05:08:58','2020-06-01 05:08:58','https://dev-api.cojam.shop/media') 
[36;31m[1 rows affected or returned ][0m 
2020/06/01 05:09 [35m(/home/teamgrit/Projects/mcs/mvc/dao/janus_dao.go:65)[0m
[33m[2020-06-01 05:09:02][0m [36;1m[0.80ms][0m SELECT * FROM b2b_live a  WHERE (a.live_seq = '0bedaaac-bae2-3f77-0038-57ea26c4f30b') 
[36;31m[1 rows affected or returned ][0m 
2020/06/01 05:09 [35m(/home/teamgrit/Projects/mcs/mvc/dao/janus_dao.go:95)[0m
[33m[2020-06-01 05:09:02][0m [36;1m[1.84ms][0m SELECT * FROM `b2b_live`  WHERE (live_seq = '0bedaaac-bae2-3f77-0038-57ea26c4f30b') 
[36;31m[1 rows affected or returned ][0m 
2020/06/01 05:09 [35m(/home/teamgrit/Projects/mcs/mvc/dao/janus_dao.go:97)[0m
[33m[2020-06-01 05:09:02][0m [36;1m[0.55ms][0m UPDATE `b2b_live` SET `status` = '9000', `updated_at` = '2020-06-01 05:09:02'  WHERE (live_seq = '0bedaaac-bae2-3f77-0038-57ea26c4f30b') 
[36;31m[1 rows affected or returned ][0m 
2020/06/01 05:09 [35m(/home/teamgrit/Projects/mcs/mvc/dao/janus_dao.go:47)[0m
[33m[2020-06-01 05:09:26][0m [36;1m[0.60ms][0m SELECT * FROM b2b_auth a  WHERE (a.key = 'coshop') 
[36;31m[1 rows affected or returned ][0m 
2020/06/01 05:09 [35m(/home/teamgrit/Projects/mcs/mvc/dao/janus_dao.go:57)[0m
[33m[2020-06-01 05:09:26][0m [36;1m[0.65ms][0m INSERT INTO `b2b_live` (`live_seq`,`service_seq`,`room_name`,`access_point`,`videoroom`,`textroom`,`record`,`description`,`status`,`created_at`,`updated_at`,`callback`) VALUES ('9f3d52e2-654a-213d-aaf3-f28d1597689e',1,'Title','wss://dev-edge.cojam.shop:18001','759055732856537','759055732856537',true,'desc','1000','2020-06-01 05:09:26','2020-06-01 05:09:26','https://dev-api.cojam.shop/media') 
[36;31m[1 rows affected or returned ][0m 
2020/06/01 05:09 [35m(/home/teamgrit/Projects/mcs/mvc/dao/janus_dao.go:65)[0m
[33m[2020-06-01 05:09:30][0m [36;1m[0.86ms][0m SELECT * FROM b2b_live a  WHERE (a.live_seq = '9f3d52e2-654a-213d-aaf3-f28d1597689e') 
[36;31m[1 rows affected or returned ][0m 
2020/06/01 05:09 [35m(/home/teamgrit/Projects/mcs/mvc/dao/janus_dao.go:95)[0m
[33m[2020-06-01 05:09:30][0m [36;1m[0.69ms][0m SELECT * FROM `b2b_live`  WHERE (live_seq = '9f3d52e2-654a-213d-aaf3-f28d1597689e') 
[36;31m[1 rows affected or returned ][0m 
2020/06/01 05:09 [35m(/home/teamgrit/Projects/mcs/mvc/dao/janus_dao.go:97)[0m
[33m[2020-06-01 05:09:30][0m [36;1m[0.54ms][0m UPDATE `b2b_live` SET `status` = '9000', `updated_at` = '2020-06-01 05:09:30'  WHERE (live_seq = '9f3d52e2-654a-213d-aaf3-f28d1597689e') 
[36;31m[1 rows affected or returned ][0m 
2020/06/01 05:11 [35m(/home/teamgrit/Projects/mcs/mvc/dao/janus_dao.go:47)[0m
[33m[2020-06-01 05:11:57][0m [36;1m[0.76ms][0m SELECT * FROM b2b_auth a  WHERE (a.key = 'coshop') 
[36;31m[1 rows affected or returned ][0m 
2020/06/01 05:11 [35m(/home/teamgrit/Projects/mcs/mvc/dao/janus_dao.go:57)[0m
[33m[2020-06-01 05:11:57][0m [36;1m[0.70ms][0m INSERT INTO `b2b_live` (`live_seq`,`service_seq`,`room_name`,`access_point`,`videoroom`,`textroom`,`record`,`description`,`status`,`created_at`,`updated_at`,`callback`) VALUES ('9001971f-c5ec-9c05-60b3-3299b63339ee',1,'Title','wss://dev-edge.cojam.shop:18001','4512436332274391','4512436332274391',true,'desc','1000','2020-06-01 05:11:57','2020-06-01 05:11:57','https://dev-api.cojam.shop/media') 
[36;31m[1 rows affected or returned ][0m 
2020/06/01 05:11 [35m(/home/teamgrit/Projects/mcs/mvc/dao/janus_dao.go:65)[0m
[33m[2020-06-01 05:11:59][0m [36;1m[0.84ms][0m SELECT * FROM b2b_live a  WHERE (a.live_seq = '9001971f-c5ec-9c05-60b3-3299b63339ee') 
[36;31m[1 rows affected or returned ][0m 
2020/06/01 05:11 [35m(/home/teamgrit/Projects/mcs/mvc/dao/janus_dao.go:95)[0m
[33m[2020-06-01 05:11:59][0m [36;1m[0.67ms][0m SELECT * FROM `b2b_live`  WHERE (live_seq = '9001971f-c5ec-9c05-60b3-3299b63339ee') 
[36;31m[1 rows affected or returned ][0m 
2020/06/01 05:11 [35m(/home/teamgrit/Projects/mcs/mvc/dao/janus_dao.go:97)[0m
[33m[2020-06-01 05:11:59][0m [36;1m[0.67ms][0m UPDATE `b2b_live` SET `status` = '9000', `updated_at` = '2020-06-01 05:11:59'  WHERE (live_seq = '9001971f-c5ec-9c05-60b3-3299b63339ee') 
[36;31m[1 rows affected or returned ][0m 
2020/06/01 05:23 [35m(/home/teamgrit/Projects/mcs/mvc/dao/janus_dao.go:47)[0m
[33m[2020-06-01 05:23:48][0m [36;1m[0.72ms][0m SELECT * FROM b2b_auth a  WHERE (a.key = 'coshop') 
[36;31m[1 rows affected or returned ][0m 
2020/06/01 05:23 [35m(/home/teamgrit/Projects/mcs/mvc/dao/janus_dao.go:57)[0m
[33m[2020-06-01 05:23:48][0m [36;1m[1.09ms][0m INSERT INTO `b2b_live` (`live_seq`,`service_seq`,`room_name`,`access_point`,`videoroom`,`textroom`,`record`,`description`,`status`,`created_at`,`updated_at`,`callback`) VALUES ('c3631904-7c59-4a56-d8af-e83f24137257',1,'Title','wss://dev-edge.cojam.shop:18001','1157015096040721','1157015096040721',true,'desc','1000','2020-06-01 05:23:48','2020-06-01 05:23:48','https://dev-api.cojam.shop/media') 
[36;31m[1 rows affected or returned ][0m 
2020/06/01 05:25 [35m(/home/teamgrit/Projects/mcs/mvc/dao/janus_dao.go:65)[0m
[33m[2020-06-01 05:25:03][0m [36;1m[0.86ms][0m SELECT * FROM b2b_live a  WHERE (a.live_seq = 'c3631904-7c59-4a56-d8af-e83f24137257') 
[36;31m[1 rows affected or returned ][0m 
2020/06/01 05:25 [35m(/home/teamgrit/Projects/mcs/mvc/dao/janus_dao.go:65)[0m
[33m[2020-06-01 05:25:14][0m [36;1m[0.70ms][0m SELECT * FROM b2b_live a  WHERE (a.live_seq = 'c3631904-7c59-4a56-d8af-e83f24137257') 
[36;31m[1 rows affected or returned ][0m 
2020/06/01 05:25 [35m(/home/teamgrit/Projects/mcs/mvc/dao/janus_dao.go:65)[0m
[33m[2020-06-01 05:25:21][0m [36;1m[0.61ms][0m SELECT * FROM b2b_live a  WHERE (a.live_seq = 'c3631904-7c59-4a56-d8af-e83f24137257') 
[36;31m[1 rows affected or returned ][0m 
2020/06/01 05:25 [35m(/home/teamgrit/Projects/mcs/mvc/dao/janus_dao.go:95)[0m
[33m[2020-06-01 05:25:21][0m [36;1m[0.80ms][0m SELECT * FROM `b2b_live`  WHERE (live_seq = 'c3631904-7c59-4a56-d8af-e83f24137257') 
[36;31m[1 rows affected or returned ][0m 
2020/06/01 05:25 [35m(/home/teamgrit/Projects/mcs/mvc/dao/janus_dao.go:97)[0m
[33m[2020-06-01 05:25:21][0m [36;1m[0.62ms][0m UPDATE `b2b_live` SET `status` = '9000', `updated_at` = '2020-06-01 05:25:21'  WHERE (live_seq = 'c3631904-7c59-4a56-d8af-e83f24137257') 
[36;31m[1 rows affected or returned ][0m 
2020/06/01 05:25 [35m(/home/teamgrit/Projects/mcs/mvc/dao/janus_dao.go:65)[0m
[33m[2020-06-01 05:25:22][0m [36;1m[1.01ms][0m SELECT * FROM b2b_live a  WHERE (a.live_seq = 'c3631904-7c59-4a56-d8af-e83f24137257') 
[36;31m[1 rows affected or returned ][0m 
