2020/05/31 23:58 [35m(/home/teamgrit/Projects/mcs/mvc/dao/janus_dao.go:47)[0m
[33m[2020-05-31 23:58:32][0m [36;1m[27.61ms][0m SELECT * FROM b2b_auth a  WHERE (a.key = 'coshop') 
[36;31m[1 rows affected or returned ][0m 2020/05/31 23:58 [35m(/home/teamgrit/Projects/mcs/mvc/dao/janus_dao.go:57)[0m
[33m[2020-05-31 23:58:32][0m [36;1m[3.06ms][0m INSERT INTO `b2b_live` (`live_seq`,`service_seq`,`room_name`,`access_point`,`videoroom`,`textroom`,`record`,`description`,`status`,`created_at`,`updated_at`,`callback`) VALUES ('4d5c785c-fe45-8487-3b9f-363072d5bfa8',1,'Title','wss://dev-edge.cojam.shop:18001','8330012736758348','8330012736758348',true,'desc','1000','2020-05-31 23:58:32','2020-05-31 23:58:32','http://52.231.204.44:3000/media') 
[36;31m[1 rows affected or returned ][0m 2020/05/31 23:58 [35m(/home/teamgrit/Projects/mcs/mvc/dao/janus_dao.go:65)[0m
[33m[2020-05-31 23:58:40][0m [36;1m[3.44ms][0m SELECT * FROM b2b_live a  WHERE (a.live_seq = '4d5c785c-fe45-8487-3b9f-363072d5bfa8') 
[36;31m[1 rows affected or returned ][0m 2020/05/31 23:58 [35m(/home/teamgrit/Projects/mcs/mvc/dao/janus_dao.go:95)[0m
[33m[2020-05-31 23:58:40][0m [36;1m[0.91ms][0m SELECT * FROM `b2b_live`  WHERE (live_seq = '4d5c785c-fe45-8487-3b9f-363072d5bfa8') 
[36;31m[1 rows affected or returned ][0m 2020/05/31 23:58 [35m(/home/teamgrit/Projects/mcs/mvc/dao/janus_dao.go:97)[0m
[33m[2020-05-31 23:58:40][0m [36;1m[1.93ms][0m UPDATE `b2b_live` SET `status` = '9000', `updated_at` = '2020-05-31 23:58:40'  WHERE (live_seq = '4d5c785c-fe45-8487-3b9f-363072d5bfa8') 
[36;31m[1 rows affected or returned ][0m 2020/05/31 23:58 [35m(/home/teamgrit/Projects/mcs/mvc/dao/janus_dao.go:47)[0m
[33m[2020-05-31 23:58:45][0m [36;1m[0.59ms][0m SELECT * FROM b2b_auth a  WHERE (a.key = 'coshop') 
[36;31m[1 rows affected or returned ][0m 2020/05/31 23:58 [35m(/home/teamgrit/Projects/mcs/mvc/dao/janus_dao.go:57)[0m
[33m[2020-05-31 23:58:45][0m [36;1m[0.60ms][0m INSERT INTO `b2b_live` (`live_seq`,`service_seq`,`room_name`,`access_point`,`videoroom`,`textroom`,`record`,`description`,`status`,`created_at`,`updated_at`,`callback`) VALUES ('33d8bf8c-213a-b955-1242-60d2bd7f40a1',1,'Title','wss://dev-edge.cojam.shop:18001','1588564757035080','1588564757035080',true,'desc','1000','2020-05-31 23:58:45','2020-05-31 23:58:45','http://52.231.204.44:3000/media') 
[36;31m[1 rows affected or returned ][0m 2020/05/31 23:58 [35m(/home/teamgrit/Projects/mcs/mvc/dao/janus_dao.go:65)[0m
[33m[2020-05-31 23:58:49][0m [36;1m[0.78ms][0m SELECT * FROM b2b_live a  WHERE (a.live_seq = '33d8bf8c-213a-b955-1242-60d2bd7f40a1') 
[36;31m[1 rows affected or returned ][0m 2020/05/31 23:58 [35m(/home/teamgrit/Projects/mcs/mvc/dao/janus_dao.go:95)[0m
[33m[2020-05-31 23:58:49][0m [36;1m[0.86ms][0m SELECT * FROM `b2b_live`  WHERE (live_seq = '33d8bf8c-213a-b955-1242-60d2bd7f40a1') 
[36;31m[1 rows affected or returned ][0m 2020/05/31 23:58 [35m(/home/teamgrit/Projects/mcs/mvc/dao/janus_dao.go:97)[0m
[33m[2020-05-31 23:58:49][0m [36;1m[0.56ms][0m UPDATE `b2b_live` SET `status` = '9000', `updated_at` = '2020-05-31 23:58:49'  WHERE (live_seq = '33d8bf8c-213a-b955-1242-60d2bd7f40a1') 
[36;31m[1 rows affected or returned ][0m 