2020/05/24 15:00 [35m(/home/teamgrit/Projects/mcs/mvc/dao/janus_dao.go:47)[0m
[33m[2020-05-24 15:00:03][0m [36;1m[0.76ms][0m SELECT * FROM b2b_auth a  WHERE (a.key = 'coshop') 
[36;31m[1 rows affected or returned ][0m 2020/05/24 15:00 [35m(/home/teamgrit/Projects/mcs/mvc/dao/janus_dao.go:57)[0m
[33m[2020-05-24 15:00:03][0m [36;1m[0.84ms][0m INSERT INTO `b2b_live` (`live_seq`,`service_seq`,`room_name`,`access_point`,`videoroom`,`textroom`,`record`,`description`,`status`,`created_at`,`updated_at`,`callback`) VALUES ('1b2d7017-5a82-57df-1523-5a7bf014ab0c',1,'Title','wss://edge.cojam.shop:18002','992473277225429','992473277225429',true,'desc','1000','2020-05-24 15:00:03','2020-05-24 15:00:03','http://52.231.204.44:3000/media') 
[36;31m[1 rows affected or returned ][0m 2020/05/24 15:01 [35m(/home/teamgrit/Projects/mcs/mvc/dao/janus_dao.go:65)[0m
[33m[2020-05-24 15:01:38][0m [36;1m[0.93ms][0m SELECT * FROM b2b_live a  WHERE (a.live_seq = '1b2d7017-5a82-57df-1523-5a7bf014ab0c') 
[36;31m[1 rows affected or returned ][0m 2020/05/24 15:01 [35m(/home/teamgrit/Projects/mcs/mvc/dao/janus_dao.go:95)[0m
[33m[2020-05-24 15:01:38][0m [36;1m[0.81ms][0m SELECT * FROM `b2b_live`  WHERE (live_seq = '1b2d7017-5a82-57df-1523-5a7bf014ab0c') 
[36;31m[1 rows affected or returned ][0m 2020/05/24 15:01 [35m(/home/teamgrit/Projects/mcs/mvc/dao/janus_dao.go:97)[0m
[33m[2020-05-24 15:01:38][0m [36;1m[0.64ms][0m UPDATE `b2b_live` SET `status` = '9000', `updated_at` = '2020-05-24 15:01:38'  WHERE (live_seq = '1b2d7017-5a82-57df-1523-5a7bf014ab0c') 
[36;31m[1 rows affected or returned ][0m 2020/05/24 15:01 [35m(/home/teamgrit/Projects/mcs/mvc/dao/janus_dao.go:47)[0m
[33m[2020-05-24 15:01:55][0m [36;1m[0.68ms][0m SELECT * FROM b2b_auth a  WHERE (a.key = 'coshop') 
[36;31m[1 rows affected or returned ][0m 2020/05/24 15:01 [35m(/home/teamgrit/Projects/mcs/mvc/dao/janus_dao.go:57)[0m
[33m[2020-05-24 15:01:55][0m [36;1m[0.57ms][0m INSERT INTO `b2b_live` (`live_seq`,`service_seq`,`room_name`,`access_point`,`videoroom`,`textroom`,`record`,`description`,`status`,`created_at`,`updated_at`,`callback`) VALUES ('2707c56a-d744-6d6d-1985-c70a6f5d458e',1,'Title','wss://edge.cojam.shop:18002','1634971931921445','1634971931921445',true,'desc','1000','2020-05-24 15:01:55','2020-05-24 15:01:55','http://52.231.204.44:3000/media') 
[36;31m[1 rows affected or returned ][0m 2020/05/24 15:03 [35m(/home/teamgrit/Projects/mcs/mvc/dao/janus_dao.go:65)[0m
[33m[2020-05-24 15:03:08][0m [36;1m[0.85ms][0m SELECT * FROM b2b_live a  WHERE (a.live_seq = '2707c56a-d744-6d6d-1985-c70a6f5d458e') 
[36;31m[1 rows affected or returned ][0m 2020/05/24 15:03 [35m(/home/teamgrit/Projects/mcs/mvc/dao/janus_dao.go:95)[0m
[33m[2020-05-24 15:03:08][0m [36;1m[0.96ms][0m SELECT * FROM `b2b_live`  WHERE (live_seq = '2707c56a-d744-6d6d-1985-c70a6f5d458e') 
[36;31m[1 rows affected or returned ][0m 2020/05/24 15:03 [35m(/home/teamgrit/Projects/mcs/mvc/dao/janus_dao.go:97)[0m
[33m[2020-05-24 15:03:08][0m [36;1m[0.69ms][0m UPDATE `b2b_live` SET `status` = '9000', `updated_at` = '2020-05-24 15:03:08'  WHERE (live_seq = '2707c56a-d744-6d6d-1985-c70a6f5d458e') 
[36;31m[1 rows affected or returned ][0m 2020/05/24 15:16 [35m(/home/teamgrit/Projects/mcs/mvc/dao/janus_dao.go:65)[0m
[33m[2020-05-24 15:16:46][0m [36;1m[1.00ms][0m SELECT * FROM b2b_live a  WHERE (a.live_seq = '2707c56a-d744-6d6d-1985-c70a6f5d458e') 
[36;31m[1 rows affected or returned ][0m 2020/05/24 15:19 [35m(/home/teamgrit/Projects/mcs/mvc/dao/janus_dao.go:47)[0m
[33m[2020-05-24 15:19:08][0m [36;1m[0.58ms][0m SELECT * FROM b2b_auth a  WHERE (a.key = 'coshop') 
[36;31m[1 rows affected or returned ][0m 2020/05/24 15:19 [35m(/home/teamgrit/Projects/mcs/mvc/dao/janus_dao.go:57)[0m
[33m[2020-05-24 15:19:08][0m [36;1m[0.60ms][0m INSERT INTO `b2b_live` (`live_seq`,`service_seq`,`room_name`,`access_point`,`videoroom`,`textroom`,`record`,`description`,`status`,`created_at`,`updated_at`,`callback`) VALUES ('ddc765d7-9b70-0a2a-b1a3-38b3bd0511cd',1,'Title','wss://edge.cojam.shop:18002','8095406276210514','8095406276210514',true,'desc','1000','2020-05-24 15:19:08','2020-05-24 15:19:08','http://52.231.204.44:3000/media') 
[36;31m[1 rows affected or returned ][0m 2020/05/24 15:22 [35m(/home/teamgrit/Projects/mcs/mvc/dao/janus_dao.go:65)[0m
[33m[2020-05-24 15:22:11][0m [36;1m[0.94ms][0m SELECT * FROM b2b_live a  WHERE (a.live_seq = 'ddc765d7-9b70-0a2a-b1a3-38b3bd0511cd') 
[36;31m[1 rows affected or returned ][0m 2020/05/24 15:22 [35m(/home/teamgrit/Projects/mcs/mvc/dao/janus_dao.go:65)[0m
[33m[2020-05-24 15:22:34][0m [36;1m[0.88ms][0m SELECT * FROM b2b_live a  WHERE (a.live_seq = 'ddc765d7-9b70-0a2a-b1a3-38b3bd0511cd') 
[36;31m[1 rows affected or returned ][0m 2020/05/24 15:22 [35m(/home/teamgrit/Projects/mcs/mvc/dao/janus_dao.go:65)[0m
[33m[2020-05-24 15:22:35][0m [36;1m[0.73ms][0m SELECT * FROM b2b_live a  WHERE (a.live_seq = 'ddc765d7-9b70-0a2a-b1a3-38b3bd0511cd') 
[36;31m[1 rows affected or returned ][0m 2020/05/24 15:22 [35m(/home/teamgrit/Projects/mcs/mvc/dao/janus_dao.go:65)[0m
[33m[2020-05-24 15:22:36][0m [36;1m[0.86ms][0m SELECT * FROM b2b_live a  WHERE (a.live_seq = 'ddc765d7-9b70-0a2a-b1a3-38b3bd0511cd') 
[36;31m[1 rows affected or returned ][0m 2020/05/24 15:22 [35m(/home/teamgrit/Projects/mcs/mvc/dao/janus_dao.go:137)[0m
[33m[2020-05-24 15:22:36][0m [36;1m[5.00ms][0m UPDATE `b2b_live` SET `status` = '1000', `updated_at` = '2020-05-24 15:22:36'   
[36;31m[676 rows affected or returned ][0m 2020/05/24 15:22 [35m(/home/teamgrit/Projects/mcs/mvc/dao/janus_dao.go:65)[0m
[33m[2020-05-24 15:22:36][0m [36;1m[0.88ms][0m SELECT * FROM b2b_live a  WHERE (a.live_seq = 'ddc765d7-9b70-0a2a-b1a3-38b3bd0511cd') 
[36;31m[1 rows affected or returned ][0m 2020/05/24 15:36 [35m(/home/teamgrit/Projects/mcs/mvc/dao/janus_dao.go:65)[0m
[33m[2020-05-24 15:36:59][0m [36;1m[0.72ms][0m SELECT * FROM b2b_live a  WHERE (a.live_seq = 'ddc765d7-9b70-0a2a-b1a3-38b3bd0511cd') 
[36;31m[1 rows affected or returned ][0m 2020/05/24 15:36 [35m(/home/teamgrit/Projects/mcs/mvc/dao/janus_dao.go:95)[0m
[33m[2020-05-24 15:36:59][0m [36;1m[0.79ms][0m SELECT * FROM `b2b_live`  WHERE (live_seq = 'ddc765d7-9b70-0a2a-b1a3-38b3bd0511cd') 
[36;31m[1 rows affected or returned ][0m 2020/05/24 15:36 [35m(/home/teamgrit/Projects/mcs/mvc/dao/janus_dao.go:97)[0m
[33m[2020-05-24 15:36:59][0m [36;1m[0.61ms][0m UPDATE `b2b_live` SET `status` = '9000', `updated_at` = '2020-05-24 15:36:59'  WHERE (live_seq = 'ddc765d7-9b70-0a2a-b1a3-38b3bd0511cd') 
[36;31m[1 rows affected or returned ][0m 2020/05/24 15:57 [35m(/home/teamgrit/Projects/mcs/mvc/dao/janus_dao.go:65)[0m
[33m[2020-05-24 15:57:51][0m [36;1m[1.44ms][0m SELECT * FROM b2b_live a  WHERE (a.live_seq = 'ddc765d7-9b70-0a2a-b1a3-38b3bd0511cd') 
[36;31m[1 rows affected or returned ][0m 2020/05/24 15:57 [35m(/home/teamgrit/Projects/mcs/mvc/dao/janus_dao.go:65)[0m
[33m[2020-05-24 15:57:57][0m [36;1m[0.85ms][0m SELECT * FROM b2b_live a  WHERE (a.live_seq = 'ddc765d7-9b70-0a2a-b1a3-38b3bd0511cd') 
[36;31m[1 rows affected or returned ][0m 