2020/05/24 16:00 [35m(/home/teamgrit/Projects/mcs/mvc/dao/janus_dao.go:47)[0m
[33m[2020-05-24 16:00:24][0m [36;1m[0.79ms][0m SELECT * FROM b2b_auth a  WHERE (a.key = 'coshop') 
[36;31m[1 rows affected or returned ][0m 2020/05/24 16:00 [35m(/home/teamgrit/Projects/mcs/mvc/dao/janus_dao.go:57)[0m
[33m[2020-05-24 16:00:24][0m [36;1m[1.33ms][0m INSERT INTO `b2b_live` (`live_seq`,`service_seq`,`room_name`,`access_point`,`videoroom`,`textroom`,`record`,`description`,`status`,`created_at`,`updated_at`,`callback`) VALUES ('7ce10620-5557-3df7-a416-56c619a61643',1,'Title','wss://edge.cojam.shop:18002','4847472486849500','4847472486849500',true,'desc','1000','2020-05-24 16:00:24','2020-05-24 16:00:24','http://52.231.204.44:3000/media') 
[36;31m[1 rows affected or returned ][0m 2020/05/24 16:01 [35m(/home/teamgrit/Projects/mcs/mvc/dao/janus_dao.go:65)[0m
[33m[2020-05-24 16:01:39][0m [36;1m[1.01ms][0m SELECT * FROM b2b_live a  WHERE (a.live_seq = '7ce10620-5557-3df7-a416-56c619a61643') 
[36;31m[1 rows affected or returned ][0m 2020/05/24 16:01 [35m(/home/teamgrit/Projects/mcs/mvc/dao/janus_dao.go:65)[0m
[33m[2020-05-24 16:01:52][0m [36;1m[0.65ms][0m SELECT * FROM b2b_live a  WHERE (a.live_seq = '7ce10620-5557-3df7-a416-56c619a61643') 
[36;31m[1 rows affected or returned ][0m 2020/05/24 16:01 [35m(/home/teamgrit/Projects/mcs/mvc/dao/janus_dao.go:95)[0m
[33m[2020-05-24 16:01:52][0m [36;1m[0.70ms][0m SELECT * FROM `b2b_live`  WHERE (live_seq = '7ce10620-5557-3df7-a416-56c619a61643') 
[36;31m[1 rows affected or returned ][0m 2020/05/24 16:01 [35m(/home/teamgrit/Projects/mcs/mvc/dao/janus_dao.go:97)[0m
[33m[2020-05-24 16:01:52][0m [36;1m[0.53ms][0m UPDATE `b2b_live` SET `status` = '9000', `updated_at` = '2020-05-24 16:01:52'  WHERE (live_seq = '7ce10620-5557-3df7-a416-56c619a61643') 
[36;31m[1 rows affected or returned ][0m 2020/05/24 16:03 [35m(/home/teamgrit/Projects/mcs/mvc/dao/janus_dao.go:65)[0m
[33m[2020-05-24 16:03:19][0m [36;1m[0.85ms][0m SELECT * FROM b2b_live a  WHERE (a.live_seq = '7ce10620-5557-3df7-a416-56c619a61643') 
[36;31m[1 rows affected or returned ][0m 2020/05/24 16:03 [35m(/home/teamgrit/Projects/mcs/mvc/dao/janus_dao.go:95)[0m
[33m[2020-05-24 16:03:19][0m [36;1m[0.86ms][0m SELECT * FROM `b2b_live`  WHERE (live_seq = '7ce10620-5557-3df7-a416-56c619a61643') 
[36;31m[1 rows affected or returned ][0m 2020/05/24 16:03 [35m(/home/teamgrit/Projects/mcs/mvc/dao/janus_dao.go:97)[0m
[33m[2020-05-24 16:03:19][0m [36;1m[0.54ms][0m UPDATE `b2b_live` SET `status` = '9000', `updated_at` = '2020-05-24 16:03:19'  WHERE (live_seq = '7ce10620-5557-3df7-a416-56c619a61643') 
[36;31m[1 rows affected or returned ][0m 2020/05/24 16:04 [35m(/home/teamgrit/Projects/mcs/mvc/dao/janus_dao.go:65)[0m
[33m[2020-05-24 16:04:07][0m [36;1m[0.88ms][0m SELECT * FROM b2b_live a  WHERE (a.live_seq = '7ce10620-5557-3df7-a416-56c619a61643') 
[36;31m[1 rows affected or returned ][0m 2020/05/24 16:12 [35m(/home/teamgrit/Projects/mcs/mvc/dao/janus_dao.go:65)[0m
[33m[2020-05-24 16:12:26][0m [36;1m[0.83ms][0m SELECT * FROM b2b_live a  WHERE (a.live_seq = '7ce10620-5557-3df7-a416-56c619a61643') 
[36;31m[1 rows affected or returned ][0m 