2020/05/25 04:32 [35m(/home/teamgrit/Projects/mcs/mvc/dao/janus_dao.go:47)[0m
[33m[2020-05-25 04:32:04][0m [36;1m[1.29ms][0m SELECT * FROM b2b_auth a  WHERE (a.key = 'coshop') 
[36;31m[1 rows affected or returned ][0m 2020/05/25 04:32 [35m(/home/teamgrit/Projects/mcs/mvc/dao/janus_dao.go:57)[0m
[33m[2020-05-25 04:32:04][0m [36;1m[1.99ms][0m INSERT INTO `b2b_live` (`live_seq`,`service_seq`,`room_name`,`access_point`,`videoroom`,`textroom`,`record`,`description`,`status`,`created_at`,`updated_at`,`callback`) VALUES ('21ebb8d4-8f14-c984-ae41-ff79372e7936',1,'Title','wss://edge.cojam.shop:18002','8566456158206302','8566456158206302',true,'desc','1000','2020-05-25 04:32:04','2020-05-25 04:32:04','http://52.231.204.44:3000/media') 
[36;31m[1 rows affected or returned ][0m 2020/05/25 04:32 [35m(/home/teamgrit/Projects/mcs/mvc/dao/janus_dao.go:65)[0m
[33m[2020-05-25 04:32:55][0m [36;1m[0.86ms][0m SELECT * FROM b2b_live a  WHERE (a.live_seq = '21ebb8d4-8f14-c984-ae41-ff79372e7936') 
[36;31m[1 rows affected or returned ][0m 2020/05/25 04:36 [35m(/home/teamgrit/Projects/mcs/mvc/dao/janus_dao.go:65)[0m
[33m[2020-05-25 04:36:36][0m [36;1m[0.90ms][0m SELECT * FROM b2b_live a  WHERE (a.live_seq = '21ebb8d4-8f14-c984-ae41-ff79372e7936') 
[36;31m[1 rows affected or returned ][0m 2020/05/25 04:36 [35m(/home/teamgrit/Projects/mcs/mvc/dao/janus_dao.go:95)[0m
[33m[2020-05-25 04:36:36][0m [36;1m[0.85ms][0m SELECT * FROM `b2b_live`  WHERE (live_seq = '21ebb8d4-8f14-c984-ae41-ff79372e7936') 
[36;31m[1 rows affected or returned ][0m 2020/05/25 04:36 [35m(/home/teamgrit/Projects/mcs/mvc/dao/janus_dao.go:97)[0m
[33m[2020-05-25 04:36:36][0m [36;1m[0.60ms][0m UPDATE `b2b_live` SET `status` = '9000', `updated_at` = '2020-05-25 04:36:36'  WHERE (live_seq = '21ebb8d4-8f14-c984-ae41-ff79372e7936') 
[36;31m[1 rows affected or returned ][0m 2020/05/25 04:37 [35m(/home/teamgrit/Projects/mcs/mvc/dao/janus_dao.go:47)[0m
[33m[2020-05-25 04:37:01][0m [36;1m[0.82ms][0m SELECT * FROM b2b_auth a  WHERE (a.key = 'coshop') 
[36;31m[1 rows affected or returned ][0m 2020/05/25 04:37 [35m(/home/teamgrit/Projects/mcs/mvc/dao/janus_dao.go:57)[0m
[33m[2020-05-25 04:37:01][0m [36;1m[0.72ms][0m INSERT INTO `b2b_live` (`live_seq`,`service_seq`,`room_name`,`access_point`,`videoroom`,`textroom`,`record`,`description`,`status`,`created_at`,`updated_at`,`callback`) VALUES ('133b5472-739b-03c2-c62c-5d60dd900b0c',1,'Title','wss://edge.cojam.shop:18001','1331245588417864','1331245588417864',true,'desc','1000','2020-05-25 04:37:00','2020-05-25 04:37:00','http://52.231.204.44:3000/media') 
[36;31m[1 rows affected or returned ][0m 2020/05/25 04:37 [35m(/home/teamgrit/Projects/mcs/mvc/dao/janus_dao.go:65)[0m
[33m[2020-05-25 04:37:23][0m [36;1m[0.81ms][0m SELECT * FROM b2b_live a  WHERE (a.live_seq = '133b5472-739b-03c2-c62c-5d60dd900b0c') 
[36;31m[1 rows affected or returned ][0m 2020/05/25 04:37 [35m(/home/teamgrit/Projects/mcs/mvc/dao/janus_dao.go:95)[0m
[33m[2020-05-25 04:37:23][0m [36;1m[0.88ms][0m SELECT * FROM `b2b_live`  WHERE (live_seq = '133b5472-739b-03c2-c62c-5d60dd900b0c') 
[36;31m[1 rows affected or returned ][0m 2020/05/25 04:37 [35m(/home/teamgrit/Projects/mcs/mvc/dao/janus_dao.go:97)[0m
[33m[2020-05-25 04:37:23][0m [36;1m[0.67ms][0m UPDATE `b2b_live` SET `status` = '9000', `updated_at` = '2020-05-25 04:37:23'  WHERE (live_seq = '133b5472-739b-03c2-c62c-5d60dd900b0c') 
[36;31m[1 rows affected or returned ][0m 2020/05/25 04:43 [35m(/home/teamgrit/Projects/mcs/mvc/dao/janus_dao.go:65)[0m
[33m[2020-05-25 04:43:22][0m [36;1m[0.83ms][0m SELECT * FROM b2b_live a  WHERE (a.live_seq = '133b5472-739b-03c2-c62c-5d60dd900b0c') 
[36;31m[1 rows affected or returned ][0m 2020/05/25 04:44 [35m(/home/teamgrit/Projects/mcs/mvc/dao/janus_dao.go:47)[0m
[33m[2020-05-25 04:44:50][0m [36;1m[0.70ms][0m SELECT * FROM b2b_auth a  WHERE (a.key = 'coshop') 
[36;31m[1 rows affected or returned ][0m 2020/05/25 04:44 [35m(/home/teamgrit/Projects/mcs/mvc/dao/janus_dao.go:57)[0m
[33m[2020-05-25 04:44:50][0m [36;1m[0.58ms][0m INSERT INTO `b2b_live` (`live_seq`,`service_seq`,`room_name`,`access_point`,`videoroom`,`textroom`,`record`,`description`,`status`,`created_at`,`updated_at`,`callback`) VALUES ('0f914eea-b6f8-d892-02e3-b760359ea473',1,'Title','wss://edge.cojam.shop:18001','6854870821759969','6854870821759969',true,'desc','1000','2020-05-25 04:44:50','2020-05-25 04:44:50','http://52.231.204.44:3000/media') 
[36;31m[1 rows affected or returned ][0m 2020/05/25 04:45 [35m(/home/teamgrit/Projects/mcs/mvc/dao/janus_dao.go:65)[0m
[33m[2020-05-25 04:45:02][0m [36;1m[0.94ms][0m SELECT * FROM b2b_live a  WHERE (a.live_seq = '0f914eea-b6f8-d892-02e3-b760359ea473') 
[36;31m[1 rows affected or returned ][0m 2020/05/25 04:45 [35m(/home/teamgrit/Projects/mcs/mvc/dao/janus_dao.go:65)[0m
[33m[2020-05-25 04:45:50][0m [36;1m[0.74ms][0m SELECT * FROM b2b_live a  WHERE (a.live_seq = '0f914eea-b6f8-d892-02e3-b760359ea473') 
[36;31m[1 rows affected or returned ][0m 2020/05/25 04:46 [35m(/home/teamgrit/Projects/mcs/mvc/dao/janus_dao.go:65)[0m
[33m[2020-05-25 04:46:14][0m [36;1m[0.59ms][0m SELECT * FROM b2b_live a  WHERE (a.live_seq = '0f914eea-b6f8-d892-02e3-b760359ea473') 
[36;31m[1 rows affected or returned ][0m 2020/05/25 04:46 [35m(/home/teamgrit/Projects/mcs/mvc/dao/janus_dao.go:95)[0m
[33m[2020-05-25 04:46:14][0m [36;1m[0.85ms][0m SELECT * FROM `b2b_live`  WHERE (live_seq = '0f914eea-b6f8-d892-02e3-b760359ea473') 
[36;31m[1 rows affected or returned ][0m 2020/05/25 04:46 [35m(/home/teamgrit/Projects/mcs/mvc/dao/janus_dao.go:97)[0m
[33m[2020-05-25 04:46:14][0m [36;1m[0.76ms][0m UPDATE `b2b_live` SET `status` = '9000', `updated_at` = '2020-05-25 04:46:14'  WHERE (live_seq = '0f914eea-b6f8-d892-02e3-b760359ea473') 
[36;31m[1 rows affected or returned ][0m 2020/05/25 04:46 [35m(/home/teamgrit/Projects/mcs/mvc/dao/janus_dao.go:65)[0m
[33m[2020-05-25 04:46:16][0m [36;1m[0.97ms][0m SELECT * FROM b2b_live a  WHERE (a.live_seq = '0f914eea-b6f8-d892-02e3-b760359ea473') 
[36;31m[1 rows affected or returned ][0m 2020/05/25 04:52 [35m(/home/teamgrit/Projects/mcs/mvc/dao/janus_dao.go:65)[0m
[33m[2020-05-25 04:52:17][0m [36;1m[1.04ms][0m SELECT * FROM b2b_live a  WHERE (a.live_seq = '7fb33d8e-369d-9c59-986b-b20dd2e3ec04') 
[36;31m[1 rows affected or returned ][0m 2020/05/25 04:59 [35m(/home/teamgrit/Projects/mcs/mvc/dao/janus_dao.go:47)[0m
[33m[2020-05-25 04:59:07][0m [36;1m[0.61ms][0m SELECT * FROM b2b_auth a  WHERE (a.key = 'coshop') 
[36;31m[1 rows affected or returned ][0m 2020/05/25 04:59 [35m(/home/teamgrit/Projects/mcs/mvc/dao/janus_dao.go:57)[0m
[33m[2020-05-25 04:59:07][0m [36;1m[0.55ms][0m INSERT INTO `b2b_live` (`live_seq`,`service_seq`,`room_name`,`access_point`,`videoroom`,`textroom`,`record`,`description`,`status`,`created_at`,`updated_at`,`callback`) VALUES ('46c1856d-f69a-44de-8d43-93ad3f5a4512',1,'Title','wss://edge.cojam.shop:18001','3046037152205752','3046037152205752',true,'desc','1000','2020-05-25 04:59:07','2020-05-25 04:59:07','http://52.231.204.44:3000/media') 
[36;31m[1 rows affected or returned ][0m 2020/05/25 04:59 [35m(/home/teamgrit/Projects/mcs/mvc/dao/janus_dao.go:65)[0m
[33m[2020-05-25 04:59:09][0m [36;1m[0.89ms][0m SELECT * FROM b2b_live a  WHERE (a.live_seq = '7fb33d8e-369d-9c59-986b-b20dd2e3ec04') 
[36;31m[1 rows affected or returned ][0m 2020/05/25 04:59 [35m(/home/teamgrit/Projects/mcs/mvc/dao/janus_dao.go:65)[0m
[33m[2020-05-25 04:59:47][0m [36;1m[0.88ms][0m SELECT * FROM b2b_live a  WHERE (a.live_seq = '46c1856d-f69a-44de-8d43-93ad3f5a4512') 
[36;31m[1 rows affected or returned ][0m 2020/05/25 04:59 [35m(/home/teamgrit/Projects/mcs/mvc/dao/janus_dao.go:95)[0m
[33m[2020-05-25 04:59:47][0m [36;1m[0.76ms][0m SELECT * FROM `b2b_live`  WHERE (live_seq = '46c1856d-f69a-44de-8d43-93ad3f5a4512') 
[36;31m[1 rows affected or returned ][0m 2020/05/25 04:59 [35m(/home/teamgrit/Projects/mcs/mvc/dao/janus_dao.go:97)[0m
[33m[2020-05-25 04:59:47][0m [36;1m[0.64ms][0m UPDATE `b2b_live` SET `status` = '9000', `updated_at` = '2020-05-25 04:59:47'  WHERE (live_seq = '46c1856d-f69a-44de-8d43-93ad3f5a4512') 
[36;31m[1 rows affected or returned ][0m 2020/05/25 04:59 [35m(/home/teamgrit/Projects/mcs/mvc/dao/janus_dao.go:65)[0m
[33m[2020-05-25 04:59:49][0m [36;1m[0.99ms][0m SELECT * FROM b2b_live a  WHERE (a.live_seq = '46c1856d-f69a-44de-8d43-93ad3f5a4512') 
[36;31m[1 rows affected or returned ][0m 