2020/06/12 06:08 [35m(/home/teamgrit/Projects/mcs/mvc/dao/janus_dao.go:47)[0m
[33m[2020-06-12 06:08:15][0m [36;1m[0.76ms][0m SELECT * FROM b2b_auth a  WHERE (a.key = 'coshop') 
[36;31m[1 rows affected or returned ][0m 2020/06/12 06:08 [35m(/home/teamgrit/Projects/mcs/mvc/dao/janus_dao.go:57)[0m
[33m[2020-06-12 06:08:15][0m [36;1m[0.64ms][0m INSERT INTO `b2b_live` (`live_seq`,`service_seq`,`room_name`,`access_point`,`videoroom`,`textroom`,`record`,`description`,`status`,`created_at`,`updated_at`,`callback`) VALUES ('17463c79-cd19-8f54-10cb-1976ee83ba02',1,'Title','wss://dev-edge.cojam.shop:18001','1481810882889973','1481810882889973',true,'desc','1000','2020-06-12 06:08:15','2020-06-12 06:08:15','https://dev-api.cojam.shop/media') 
[36;31m[1 rows affected or returned ][0m 2020/06/12 06:08 [35m(/home/teamgrit/Projects/mcs/mvc/dao/janus_dao.go:65)[0m
[33m[2020-06-12 06:08:19][0m [36;1m[1.02ms][0m SELECT * FROM b2b_live a  WHERE (a.live_seq = '17463c79-cd19-8f54-10cb-1976ee83ba02') 
[36;31m[1 rows affected or returned ][0m 2020/06/12 06:08 [35m(/home/teamgrit/Projects/mcs/mvc/dao/janus_dao.go:65)[0m
[33m[2020-06-12 06:08:48][0m [36;1m[0.59ms][0m SELECT * FROM b2b_live a  WHERE (a.live_seq = '17463c79-cd19-8f54-10cb-1976ee83ba02') 
[36;31m[1 rows affected or returned ][0m 2020/06/12 06:08 [35m(/home/teamgrit/Projects/mcs/mvc/dao/janus_dao.go:95)[0m
[33m[2020-06-12 06:08:48][0m [36;1m[0.78ms][0m SELECT * FROM `b2b_live`  WHERE (live_seq = '17463c79-cd19-8f54-10cb-1976ee83ba02') 
[36;31m[1 rows affected or returned ][0m 2020/06/12 06:08 [35m(/home/teamgrit/Projects/mcs/mvc/dao/janus_dao.go:97)[0m
[33m[2020-06-12 06:08:48][0m [36;1m[1.05ms][0m UPDATE `b2b_live` SET `status` = '9000', `updated_at` = '2020-06-12 06:08:48'  WHERE (live_seq = '17463c79-cd19-8f54-10cb-1976ee83ba02') 
[36;31m[1 rows affected or returned ][0m 2020/06/12 06:24 [35m(/home/teamgrit/Projects/mcs/mvc/dao/janus_dao.go:47)[0m
[33m[2020-06-12 06:24:58][0m [36;1m[0.66ms][0m SELECT * FROM b2b_auth a  WHERE (a.key = 'coshop') 
[36;31m[1 rows affected or returned ][0m 2020/06/12 06:24 [35m(/home/teamgrit/Projects/mcs/mvc/dao/janus_dao.go:57)[0m
[33m[2020-06-12 06:24:58][0m [36;1m[0.75ms][0m INSERT INTO `b2b_live` (`live_seq`,`service_seq`,`room_name`,`access_point`,`videoroom`,`textroom`,`record`,`description`,`status`,`created_at`,`updated_at`,`callback`) VALUES ('1a51bee5-72f7-eeab-7899-9148bac90ea9',1,'Title','wss://dev-edge.cojam.shop:18001','6055013684050893','6055013684050893',true,'desc','1000','2020-06-12 06:24:58','2020-06-12 06:24:58','https://dev-api.cojam.shop/media') 
[36;31m[1 rows affected or returned ][0m 2020/06/12 06:27 [35m(/home/teamgrit/Projects/mcs/mvc/dao/janus_dao.go:65)[0m
[33m[2020-06-12 06:27:43][0m [36;1m[0.89ms][0m SELECT * FROM b2b_live a  WHERE (a.live_seq = '1a51bee5-72f7-eeab-7899-9148bac90ea9') 
[36;31m[1 rows affected or returned ][0m 2020/06/12 06:27 [35m(/home/teamgrit/Projects/mcs/mvc/dao/janus_dao.go:95)[0m
[33m[2020-06-12 06:27:43][0m [36;1m[0.66ms][0m SELECT * FROM `b2b_live`  WHERE (live_seq = '1a51bee5-72f7-eeab-7899-9148bac90ea9') 
[36;31m[1 rows affected or returned ][0m 2020/06/12 06:27 [35m(/home/teamgrit/Projects/mcs/mvc/dao/janus_dao.go:97)[0m
[33m[2020-06-12 06:27:43][0m [36;1m[0.67ms][0m UPDATE `b2b_live` SET `status` = '9000', `updated_at` = '2020-06-12 06:27:43'  WHERE (live_seq = '1a51bee5-72f7-eeab-7899-9148bac90ea9') 
[36;31m[1 rows affected or returned ][0m 2020/06/12 06:42 [35m(/home/teamgrit/Projects/mcs/mvc/dao/janus_dao.go:47)[0m
[33m[2020-06-12 06:42:49][0m [36;1m[0.69ms][0m SELECT * FROM b2b_auth a  WHERE (a.key = 'coshop') 
[36;31m[1 rows affected or returned ][0m 2020/06/12 06:42 [35m(/home/teamgrit/Projects/mcs/mvc/dao/janus_dao.go:57)[0m
[33m[2020-06-12 06:42:49][0m [36;1m[0.77ms][0m INSERT INTO `b2b_live` (`live_seq`,`service_seq`,`room_name`,`access_point`,`videoroom`,`textroom`,`record`,`description`,`status`,`created_at`,`updated_at`,`callback`) VALUES ('2a7befb4-e520-01c9-18f6-059cd491f381',1,'Title','wss://dev-edge.cojam.shop:18001','4551407572991800','4551407572991800',true,'desc','1000','2020-06-12 06:42:49','2020-06-12 06:42:49','https://dev-api.cojam.shop/media') 
[36;31m[1 rows affected or returned ][0m 2020/06/12 06:43 [35m(/home/teamgrit/Projects/mcs/mvc/dao/janus_dao.go:65)[0m
[33m[2020-06-12 06:43:12][0m [36;1m[3.21ms][0m SELECT * FROM b2b_live a  WHERE (a.live_seq = '2a7befb4-e520-01c9-18f6-059cd491f381') 
[36;31m[1 rows affected or returned ][0m 2020/06/12 06:44 [35m(/home/teamgrit/Projects/mcs/mvc/dao/janus_dao.go:65)[0m
[33m[2020-06-12 06:44:08][0m [36;1m[0.66ms][0m SELECT * FROM b2b_live a  WHERE (a.live_seq = '2a7befb4-e520-01c9-18f6-059cd491f381') 
[36;31m[1 rows affected or returned ][0m 2020/06/12 06:44 [35m(/home/teamgrit/Projects/mcs/mvc/dao/janus_dao.go:95)[0m
[33m[2020-06-12 06:44:09][0m [36;1m[0.91ms][0m SELECT * FROM `b2b_live`  WHERE (live_seq = '2a7befb4-e520-01c9-18f6-059cd491f381') 
[36;31m[1 rows affected or returned ][0m 2020/06/12 06:44 [35m(/home/teamgrit/Projects/mcs/mvc/dao/janus_dao.go:97)[0m
[33m[2020-06-12 06:44:09][0m [36;1m[0.61ms][0m UPDATE `b2b_live` SET `status` = '9000', `updated_at` = '2020-06-12 06:44:09'  WHERE (live_seq = '2a7befb4-e520-01c9-18f6-059cd491f381') 
[36;31m[1 rows affected or returned ][0m 2020/06/12 06:52 [35m(/home/teamgrit/Projects/mcs/mvc/dao/janus_dao.go:47)[0m
[33m[2020-06-12 06:52:44][0m [36;1m[0.74ms][0m SELECT * FROM b2b_auth a  WHERE (a.key = 'coshop') 
[36;31m[1 rows affected or returned ][0m 2020/06/12 06:52 [35m(/home/teamgrit/Projects/mcs/mvc/dao/janus_dao.go:57)[0m
[33m[2020-06-12 06:52:44][0m [36;1m[0.88ms][0m INSERT INTO `b2b_live` (`live_seq`,`service_seq`,`room_name`,`access_point`,`videoroom`,`textroom`,`record`,`description`,`status`,`created_at`,`updated_at`,`callback`) VALUES ('9c92cc22-b2cc-8222-240c-c4ae6c76035d',1,'Title','wss://dev-edge.cojam.shop:18002','1826590292879754','1826590292879754',true,'desc','1000','2020-06-12 06:52:44','2020-06-12 06:52:44','https://dev-api.cojam.shop/media') 
[36;31m[1 rows affected or returned ][0m 2020/06/12 06:53 [35m(/home/teamgrit/Projects/mcs/mvc/dao/janus_dao.go:65)[0m
[33m[2020-06-12 06:53:05][0m [36;1m[1.68ms][0m SELECT * FROM b2b_live a  WHERE (a.live_seq = '9c92cc22-b2cc-8222-240c-c4ae6c76035d') 
[36;31m[1 rows affected or returned ][0m 2020/06/12 06:54 [35m(/home/teamgrit/Projects/mcs/mvc/dao/janus_dao.go:65)[0m
[33m[2020-06-12 06:54:09][0m [36;1m[0.65ms][0m SELECT * FROM b2b_live a  WHERE (a.live_seq = '9c92cc22-b2cc-8222-240c-c4ae6c76035d') 
[36;31m[1 rows affected or returned ][0m 2020/06/12 06:54 [35m(/home/teamgrit/Projects/mcs/mvc/dao/janus_dao.go:95)[0m
[33m[2020-06-12 06:54:09][0m [36;1m[0.82ms][0m SELECT * FROM `b2b_live`  WHERE (live_seq = '9c92cc22-b2cc-8222-240c-c4ae6c76035d') 
[36;31m[1 rows affected or returned ][0m 2020/06/12 06:54 [35m(/home/teamgrit/Projects/mcs/mvc/dao/janus_dao.go:97)[0m
[33m[2020-06-12 06:54:09][0m [36;1m[0.55ms][0m UPDATE `b2b_live` SET `status` = '9000', `updated_at` = '2020-06-12 06:54:09'  WHERE (live_seq = '9c92cc22-b2cc-8222-240c-c4ae6c76035d') 
[36;31m[1 rows affected or returned ][0m 