2020/06/12 02:03 [35m(/home/teamgrit/Projects/mcs/mvc/dao/janus_dao.go:47)[0m
[33m[2020-06-12 02:03:45][0m [36;1m[0.80ms][0m SELECT * FROM b2b_auth a  WHERE (a.key = 'coshop') 
[36;31m[1 rows affected or returned ][0m 2020/06/12 02:03 [35m(/home/teamgrit/Projects/mcs/mvc/dao/janus_dao.go:57)[0m
[33m[2020-06-12 02:03:45][0m [36;1m[1.61ms][0m INSERT INTO `b2b_live` (`live_seq`,`service_seq`,`room_name`,`access_point`,`videoroom`,`textroom`,`record`,`description`,`status`,`created_at`,`updated_at`,`callback`) VALUES ('99b852cc-3bf7-af46-6009-7562b24dfc66',1,'Title','wss://dev-edge.cojam.shop:18002','3656773542692536','3656773542692536',true,'desc','1000','2020-06-12 02:03:45','2020-06-12 02:03:45','https://dev-api.cojam.shop/media') 
[36;31m[1 rows affected or returned ][0m 2020/06/12 02:10 [35m(/home/teamgrit/Projects/mcs/mvc/dao/janus_dao.go:65)[0m
[33m[2020-06-12 02:10:04][0m [36;1m[1.13ms][0m SELECT * FROM b2b_live a  WHERE (a.live_seq = '99b852cc-3bf7-af46-6009-7562b24dfc66') 
[36;31m[1 rows affected or returned ][0m 2020/06/12 02:10 [35m(/home/teamgrit/Projects/mcs/mvc/dao/janus_dao.go:65)[0m
[33m[2020-06-12 02:10:07][0m [36;1m[0.82ms][0m SELECT * FROM b2b_live a  WHERE (a.live_seq = '99b852cc-3bf7-af46-6009-7562b24dfc66') 
[36;31m[1 rows affected or returned ][0m 2020/06/12 02:10 [35m(/home/teamgrit/Projects/mcs/mvc/dao/janus_dao.go:65)[0m
[33m[2020-06-12 02:10:39][0m [36;1m[0.84ms][0m SELECT * FROM b2b_live a  WHERE (a.live_seq = '99b852cc-3bf7-af46-6009-7562b24dfc66') 
[36;31m[1 rows affected or returned ][0m 2020/06/12 02:11 [35m(/home/teamgrit/Projects/mcs/mvc/dao/janus_dao.go:65)[0m
[33m[2020-06-12 02:11:06][0m [36;1m[1.72ms][0m SELECT * FROM b2b_live a  WHERE (a.live_seq = '99b852cc-3bf7-af46-6009-7562b24dfc66') 
[36;31m[1 rows affected or returned ][0m 2020/06/12 02:17 [35m(/home/teamgrit/Projects/mcs/mvc/dao/janus_dao.go:65)[0m
[33m[2020-06-12 02:17:51][0m [36;1m[0.91ms][0m SELECT * FROM b2b_live a  WHERE (a.live_seq = '99b852cc-3bf7-af46-6009-7562b24dfc66') 
[36;31m[1 rows affected or returned ][0m 2020/06/12 02:19 [35m(/home/teamgrit/Projects/mcs/mvc/dao/janus_dao.go:65)[0m
[33m[2020-06-12 02:19:10][0m [36;1m[0.78ms][0m SELECT * FROM b2b_live a  WHERE (a.live_seq = '99b852cc-3bf7-af46-6009-7562b24dfc66') 
[36;31m[1 rows affected or returned ][0m 2020/06/12 02:24 [35m(/home/teamgrit/Projects/mcs/mvc/dao/janus_dao.go:65)[0m
[33m[2020-06-12 02:24:26][0m [36;1m[0.79ms][0m SELECT * FROM b2b_live a  WHERE (a.live_seq = '99b852cc-3bf7-af46-6009-7562b24dfc66') 
[36;31m[1 rows affected or returned ][0m 2020/06/12 02:24 [35m(/home/teamgrit/Projects/mcs/mvc/dao/janus_dao.go:65)[0m
[33m[2020-06-12 02:24:46][0m [36;1m[0.72ms][0m SELECT * FROM b2b_live a  WHERE (a.live_seq = '99b852cc-3bf7-af46-6009-7562b24dfc66') 
[36;31m[1 rows affected or returned ][0m 2020/06/12 02:27 [35m(/home/teamgrit/Projects/mcs/mvc/dao/janus_dao.go:65)[0m
[33m[2020-06-12 02:27:23][0m [36;1m[0.79ms][0m SELECT * FROM b2b_live a  WHERE (a.live_seq = '99b852cc-3bf7-af46-6009-7562b24dfc66') 
[36;31m[1 rows affected or returned ][0m 2020/06/12 02:30 [35m(/home/teamgrit/Projects/mcs/mvc/dao/janus_dao.go:65)[0m
[33m[2020-06-12 02:30:14][0m [36;1m[0.84ms][0m SELECT * FROM b2b_live a  WHERE (a.live_seq = '99b852cc-3bf7-af46-6009-7562b24dfc66') 
[36;31m[1 rows affected or returned ][0m 2020/06/12 02:31 [35m(/home/teamgrit/Projects/mcs/mvc/dao/janus_dao.go:65)[0m
[33m[2020-06-12 02:31:09][0m [36;1m[0.78ms][0m SELECT * FROM b2b_live a  WHERE (a.live_seq = '99b852cc-3bf7-af46-6009-7562b24dfc66') 
[36;31m[1 rows affected or returned ][0m 2020/06/12 02:37 [35m(/home/teamgrit/Projects/mcs/mvc/dao/janus_dao.go:65)[0m
[33m[2020-06-12 02:37:47][0m [36;1m[0.95ms][0m SELECT * FROM b2b_live a  WHERE (a.live_seq = '99b852cc-3bf7-af46-6009-7562b24dfc66') 
[36;31m[1 rows affected or returned ][0m 2020/06/12 02:40 [35m(/home/teamgrit/Projects/mcs/mvc/dao/janus_dao.go:65)[0m
[33m[2020-06-12 02:40:54][0m [36;1m[0.80ms][0m SELECT * FROM b2b_live a  WHERE (a.live_seq = '99b852cc-3bf7-af46-6009-7562b24dfc66') 
[36;31m[1 rows affected or returned ][0m 2020/06/12 02:43 [35m(/home/teamgrit/Projects/mcs/mvc/dao/janus_dao.go:65)[0m
[33m[2020-06-12 02:43:27][0m [36;1m[0.80ms][0m SELECT * FROM b2b_live a  WHERE (a.live_seq = '99b852cc-3bf7-af46-6009-7562b24dfc66') 
[36;31m[1 rows affected or returned ][0m 2020/06/12 02:46 [35m(/home/teamgrit/Projects/mcs/mvc/dao/janus_dao.go:65)[0m
[33m[2020-06-12 02:46:39][0m [36;1m[0.60ms][0m SELECT * FROM b2b_live a  WHERE (a.live_seq = '99b852cc-3bf7-af46-6009-7562b24dfc66') 
[36;31m[1 rows affected or returned ][0m 2020/06/12 02:46 [35m(/home/teamgrit/Projects/mcs/mvc/dao/janus_dao.go:95)[0m
[33m[2020-06-12 02:46:39][0m [36;1m[0.91ms][0m SELECT * FROM `b2b_live`  WHERE (live_seq = '99b852cc-3bf7-af46-6009-7562b24dfc66') 
[36;31m[1 rows affected or returned ][0m 2020/06/12 02:46 [35m(/home/teamgrit/Projects/mcs/mvc/dao/janus_dao.go:97)[0m
[33m[2020-06-12 02:46:39][0m [36;1m[0.58ms][0m UPDATE `b2b_live` SET `status` = '9000', `updated_at` = '2020-06-12 02:46:39'  WHERE (live_seq = '99b852cc-3bf7-af46-6009-7562b24dfc66') 
[36;31m[1 rows affected or returned ][0m 