2020/05/22 08:05 [35m(/home/teamgrit/Projects/mcs/mvc/dao/janus_dao.go:47)[0m
[33m[2020-05-22 08:05:11][0m [36;1m[0.75ms][0m SELECT * FROM b2b_auth a  WHERE (a.key = 'coshop') 
[36;31m[1 rows affected or returned ][0m 2020/05/22 08:05 [35m(/home/teamgrit/Projects/mcs/mvc/dao/janus_dao.go:57)[0m
[33m[2020-05-22 08:05:11][0m [36;1m[2.17ms][0m INSERT INTO `b2b_live` (`live_seq`,`service_seq`,`room_name`,`access_point`,`videoroom`,`textroom`,`record`,`description`,`status`,`created_at`,`updated_at`,`callback`) VALUES ('c78a15f3-2c7b-41a6-43fd-e8973577b8a9',1,'Title','wss://edge.cojam.shop:18001','2371550910341959','2371550910341959',true,'desc','1000','2020-05-22 08:05:11','2020-05-22 08:05:11','http://52.231.204.44:3000/media') 
[36;31m[1 rows affected or returned ][0m 2020/05/22 08:05 [35m(/home/teamgrit/Projects/mcs/mvc/dao/janus_dao.go:65)[0m
[33m[2020-05-22 08:05:57][0m [36;1m[0.88ms][0m SELECT * FROM b2b_live a  WHERE (a.live_seq = 'c78a15f3-2c7b-41a6-43fd-e8973577b8a9') 
[36;31m[1 rows affected or returned ][0m 2020/05/22 08:05 [35m(/home/teamgrit/Projects/mcs/mvc/dao/janus_dao.go:95)[0m
[33m[2020-05-22 08:05:57][0m [36;1m[0.93ms][0m SELECT * FROM `b2b_live`  WHERE (live_seq = 'c78a15f3-2c7b-41a6-43fd-e8973577b8a9') 
[36;31m[1 rows affected or returned ][0m 2020/05/22 08:05 [35m(/home/teamgrit/Projects/mcs/mvc/dao/janus_dao.go:97)[0m
[33m[2020-05-22 08:05:57][0m [36;1m[0.62ms][0m UPDATE `b2b_live` SET `status` = '9000', `updated_at` = '2020-05-22 08:05:57'  WHERE (live_seq = 'c78a15f3-2c7b-41a6-43fd-e8973577b8a9') 
[36;31m[1 rows affected or returned ][0m 2020/05/22 08:06 [35m(/home/teamgrit/Projects/mcs/mvc/dao/janus_dao.go:47)[0m
[33m[2020-05-22 08:06:56][0m [36;1m[0.74ms][0m SELECT * FROM b2b_auth a  WHERE (a.key = 'coshop') 
[36;31m[1 rows affected or returned ][0m 2020/05/22 08:06 [35m(/home/teamgrit/Projects/mcs/mvc/dao/janus_dao.go:57)[0m
[33m[2020-05-22 08:06:56][0m [36;1m[0.71ms][0m INSERT INTO `b2b_live` (`live_seq`,`service_seq`,`room_name`,`access_point`,`videoroom`,`textroom`,`record`,`description`,`status`,`created_at`,`updated_at`,`callback`) VALUES ('cf88d4f2-a94d-fd4c-bca4-aec12fc9af54',1,'Title','wss://edge.cojam.shop:18002','8679019622786422','8679019622786422',true,'desc','1000','2020-05-22 08:06:56','2020-05-22 08:06:56','http://52.231.204.44:3000/media') 
[36;31m[1 rows affected or returned ][0m 2020/05/22 08:09 [35m(/home/teamgrit/Projects/mcs/mvc/dao/janus_dao.go:65)[0m
[33m[2020-05-22 08:09:21][0m [36;1m[0.81ms][0m SELECT * FROM b2b_live a  WHERE (a.live_seq = 'cf88d4f2-a94d-fd4c-bca4-aec12fc9af54') 
[36;31m[1 rows affected or returned ][0m 2020/05/22 08:09 [35m(/home/teamgrit/Projects/mcs/mvc/dao/janus_dao.go:95)[0m
[33m[2020-05-22 08:09:21][0m [36;1m[0.84ms][0m SELECT * FROM `b2b_live`  WHERE (live_seq = 'cf88d4f2-a94d-fd4c-bca4-aec12fc9af54') 
[36;31m[1 rows affected or returned ][0m 2020/05/22 08:09 [35m(/home/teamgrit/Projects/mcs/mvc/dao/janus_dao.go:97)[0m
[33m[2020-05-22 08:09:21][0m [36;1m[0.56ms][0m UPDATE `b2b_live` SET `status` = '9000', `updated_at` = '2020-05-22 08:09:21'  WHERE (live_seq = 'cf88d4f2-a94d-fd4c-bca4-aec12fc9af54') 
[36;31m[1 rows affected or returned ][0m 2020/05/22 08:12 [35m(/home/teamgrit/Projects/mcs/mvc/dao/janus_dao.go:65)[0m
[33m[2020-05-22 08:12:56][0m [36;1m[0.84ms][0m SELECT * FROM b2b_live a  WHERE (a.live_seq = 'cf88d4f2-a94d-fd4c-bca4-aec12fc9af54') 
[36;31m[1 rows affected or returned ][0m 2020/05/22 08:13 [35m(/home/teamgrit/Projects/mcs/mvc/dao/janus_dao.go:47)[0m
[33m[2020-05-22 08:13:16][0m [36;1m[0.63ms][0m SELECT * FROM b2b_auth a  WHERE (a.key = 'coshop') 
[36;31m[1 rows affected or returned ][0m 2020/05/22 08:13 [35m(/home/teamgrit/Projects/mcs/mvc/dao/janus_dao.go:57)[0m
[33m[2020-05-22 08:13:16][0m [36;1m[0.63ms][0m INSERT INTO `b2b_live` (`live_seq`,`service_seq`,`room_name`,`access_point`,`videoroom`,`textroom`,`record`,`description`,`status`,`created_at`,`updated_at`,`callback`) VALUES ('1b049bdd-22b6-40af-3f4d-bec9eba44d64',1,'Title','wss://edge.cojam.shop:18002','5500562228516344','5500562228516344',true,'desc','1000','2020-05-22 08:13:16','2020-05-22 08:13:16','http://52.231.204.44:3000/media') 
[36;31m[1 rows affected or returned ][0m 2020/05/22 08:13 [35m(/home/teamgrit/Projects/mcs/mvc/dao/janus_dao.go:65)[0m
[33m[2020-05-22 08:13:35][0m [36;1m[0.79ms][0m SELECT * FROM b2b_live a  WHERE (a.live_seq = '1b049bdd-22b6-40af-3f4d-bec9eba44d64') 
[36;31m[1 rows affected or returned ][0m 2020/05/22 08:13 [35m(/home/teamgrit/Projects/mcs/mvc/dao/janus_dao.go:95)[0m
[33m[2020-05-22 08:13:35][0m [36;1m[1.57ms][0m SELECT * FROM `b2b_live`  WHERE (live_seq = '1b049bdd-22b6-40af-3f4d-bec9eba44d64') 
[36;31m[1 rows affected or returned ][0m 2020/05/22 08:13 [35m(/home/teamgrit/Projects/mcs/mvc/dao/janus_dao.go:97)[0m
[33m[2020-05-22 08:13:35][0m [36;1m[0.67ms][0m UPDATE `b2b_live` SET `status` = '9000', `updated_at` = '2020-05-22 08:13:35'  WHERE (live_seq = '1b049bdd-22b6-40af-3f4d-bec9eba44d64') 
[36;31m[1 rows affected or returned ][0m 2020/05/22 08:22 [35m(/home/teamgrit/Projects/mcs/mvc/dao/janus_dao.go:65)[0m
[33m[2020-05-22 08:22:48][0m [36;1m[2.24ms][0m SELECT * FROM b2b_live a  WHERE (a.live_seq = '85d6cd40-6016-5bab-1a2b-f25885318693') 
[36;31m[1 rows affected or returned ][0m 2020/05/22 08:24 [35m(/home/teamgrit/Projects/mcs/mvc/dao/janus_dao.go:65)[0m
[33m[2020-05-22 08:24:21][0m [36;1m[0.85ms][0m SELECT * FROM b2b_live a  WHERE (a.live_seq = '85d6cd40-6016-5bab-1a2b-f25885318693') 
[36;31m[1 rows affected or returned ][0m 2020/05/22 08:24 [35m(/home/teamgrit/Projects/mcs/mvc/dao/janus_dao.go:65)[0m
[33m[2020-05-22 08:24:53][0m [36;1m[0.73ms][0m SELECT * FROM b2b_live a  WHERE (a.live_seq = '85d6cd40-6016-5bab-1a2b-f25885318693') 
[36;31m[1 rows affected or returned ][0m 2020/05/22 08:25 [35m(/home/teamgrit/Projects/mcs/mvc/dao/janus_dao.go:65)[0m
[33m[2020-05-22 08:25:18][0m [36;1m[0.80ms][0m SELECT * FROM b2b_live a  WHERE (a.live_seq = '85d6cd40-6016-5bab-1a2b-f25885318693') 
[36;31m[1 rows affected or returned ][0m 2020/05/22 08:25 [35m(/home/teamgrit/Projects/mcs/mvc/dao/janus_dao.go:65)[0m
[33m[2020-05-22 08:25:19][0m [36;1m[0.67ms][0m SELECT * FROM b2b_live a  WHERE (a.live_seq = '85d6cd40-6016-5bab-1a2b-f25885318693') 
[36;31m[1 rows affected or returned ][0m 2020/05/22 08:25 [35m(/home/teamgrit/Projects/mcs/mvc/dao/janus_dao.go:65)[0m
[33m[2020-05-22 08:25:24][0m [36;1m[0.65ms][0m SELECT * FROM b2b_live a  WHERE (a.live_seq = '85d6cd40-6016-5bab-1a2b-f25885318693') 
[36;31m[1 rows affected or returned ][0m 2020/05/22 08:26 [35m(/home/teamgrit/Projects/mcs/mvc/dao/janus_dao.go:65)[0m
[33m[2020-05-22 08:26:07][0m [36;1m[0.64ms][0m SELECT * FROM b2b_live a  WHERE (a.live_seq = '85d6cd40-6016-5bab-1a2b-f25885318693') 
[36;31m[1 rows affected or returned ][0m 