2020/05/26 06:04 [35m(/home/teamgrit/Projects/mcs/mvc/dao/janus_dao.go:65)[0m
[33m[2020-05-26 06:04:32][0m [36;1m[0.74ms][0m SELECT * FROM b2b_live a  WHERE (a.live_seq = 'eb02c0e5-ab81-6854-484b-4c0036579039') 
[36;31m[1 rows affected or returned ][0m 
2020/05/26 06:05 [35m(/home/teamgrit/Projects/mcs/mvc/dao/janus_dao.go:65)[0m
[33m[2020-05-26 06:05:11][0m [36;1m[0.86ms][0m SELECT * FROM b2b_live a  WHERE (a.live_seq = 'eb02c0e5-ab81-6854-484b-4c0036579039') 
[36;31m[1 rows affected or returned ][0m 
2020/05/26 06:14 [35m(/home/teamgrit/Projects/mcs/mvc/dao/janus_dao.go:65)[0m
[33m[2020-05-26 06:14:40][0m [36;1m[1.02ms][0m SELECT * FROM b2b_live a  WHERE (a.live_seq = 'eb02c0e5-ab81-6854-484b-4c0036579039') 
[36;31m[1 rows affected or returned ][0m 
2020/05/26 06:20 [35m(/home/teamgrit/Projects/mcs/mvc/dao/janus_dao.go:65)[0m
[33m[2020-05-26 06:20:54][0m [36;1m[0.81ms][0m SELECT * FROM b2b_live a  WHERE (a.live_seq = 'eb02c0e5-ab81-6854-484b-4c0036579039') 
[36;31m[1 rows affected or returned ][0m 
2020/05/26 06:21 [35m(/home/teamgrit/Projects/mcs/mvc/dao/janus_dao.go:47)[0m
[33m[2020-05-26 06:21:29][0m [36;1m[0.60ms][0m SELECT * FROM b2b_auth a  WHERE (a.key = 'coshop') 
[36;31m[1 rows affected or returned ][0m 
2020/05/26 06:21 [35m(/home/teamgrit/Projects/mcs/mvc/dao/janus_dao.go:57)[0m
[33m[2020-05-26 06:21:29][0m [36;1m[0.64ms][0m INSERT INTO `b2b_live` (`live_seq`,`service_seq`,`room_name`,`access_point`,`videoroom`,`textroom`,`record`,`description`,`status`,`created_at`,`updated_at`,`callback`) VALUES ('e4c1c157-d0a6-db4c-e79d-f15ebcdd50b9',1,'Title','wss://edge.cojam.shop:18002','5619609409251692','5619609409251692',true,'desc','1000','2020-05-26 06:21:29','2020-05-26 06:21:29','http://52.231.204.44:3000/media') 
[36;31m[1 rows affected or returned ][0m 
2020/05/26 06:21 [35m(/home/teamgrit/Projects/mcs/mvc/dao/janus_dao.go:65)[0m
[33m[2020-05-26 06:21:44][0m [36;1m[0.99ms][0m SELECT * FROM b2b_live a  WHERE (a.live_seq = 'e4c1c157-d0a6-db4c-e79d-f15ebcdd50b9') 
[36;31m[1 rows affected or returned ][0m 
2020/05/26 06:21 [35m(/home/teamgrit/Projects/mcs/mvc/dao/janus_dao.go:65)[0m
[33m[2020-05-26 06:21:47][0m [36;1m[0.63ms][0m SELECT * FROM b2b_live a  WHERE (a.live_seq = 'e4c1c157-d0a6-db4c-e79d-f15ebcdd50b9') 
[36;31m[1 rows affected or returned ][0m 
2020/05/26 06:21 [35m(/home/teamgrit/Projects/mcs/mvc/dao/janus_dao.go:95)[0m
[33m[2020-05-26 06:21:47][0m [36;1m[0.88ms][0m SELECT * FROM `b2b_live`  WHERE (live_seq = 'e4c1c157-d0a6-db4c-e79d-f15ebcdd50b9') 
[36;31m[1 rows affected or returned ][0m 
2020/05/26 06:21 [35m(/home/teamgrit/Projects/mcs/mvc/dao/janus_dao.go:97)[0m
[33m[2020-05-26 06:21:47][0m [36;1m[0.57ms][0m UPDATE `b2b_live` SET `status` = '9000', `updated_at` = '2020-05-26 06:21:47'  WHERE (live_seq = 'e4c1c157-d0a6-db4c-e79d-f15ebcdd50b9') 
[36;31m[1 rows affected or returned ][0m 
2020/05/26 06:22 [35m(/home/teamgrit/Projects/mcs/mvc/dao/janus_dao.go:65)[0m
[33m[2020-05-26 06:22:33][0m [36;1m[1.58ms][0m SELECT * FROM b2b_live a  WHERE (a.live_seq = '065f044a-c844-4fe6-f76b-943e3b7c24de') 
[36;31m[1 rows affected or returned ][0m 
2020/05/26 06:22 [35m(/home/teamgrit/Projects/mcs/mvc/dao/janus_dao.go:65)[0m
[33m[2020-05-26 06:22:45][0m [36;1m[0.80ms][0m SELECT * FROM b2b_live a  WHERE (a.live_seq = '065f044a-c844-4fe6-f76b-943e3b7c24de') 
[36;31m[1 rows affected or returned ][0m 
2020/05/26 06:22 [35m(/home/teamgrit/Projects/mcs/mvc/dao/janus_dao.go:65)[0m
[33m[2020-05-26 06:22:53][0m [36;1m[0.72ms][0m SELECT * FROM b2b_live a  WHERE (a.live_seq = '065f044a-c844-4fe6-f76b-943e3b7c24de') 
[36;31m[1 rows affected or returned ][0m 
2020/05/26 06:23 [35m(/home/teamgrit/Projects/mcs/mvc/dao/janus_dao.go:65)[0m
[33m[2020-05-26 06:23:03][0m [36;1m[0.65ms][0m SELECT * FROM b2b_live a  WHERE (a.live_seq = '065f044a-c844-4fe6-f76b-943e3b7c24de') 
[36;31m[1 rows affected or returned ][0m 
2020/05/26 06:24 [35m(/home/teamgrit/Projects/mcs/mvc/dao/janus_dao.go:65)[0m
[33m[2020-05-26 06:24:31][0m [36;1m[0.80ms][0m SELECT * FROM b2b_live a  WHERE (a.live_seq = '065f044a-c844-4fe6-f76b-943e3b7c24de') 
[36;31m[1 rows affected or returned ][0m 
2020/05/26 06:25 [35m(/home/teamgrit/Projects/mcs/mvc/dao/janus_dao.go:65)[0m
[33m[2020-05-26 06:25:15][0m [36;1m[0.78ms][0m SELECT * FROM b2b_live a  WHERE (a.live_seq = '065f044a-c844-4fe6-f76b-943e3b7c24de') 
[36;31m[1 rows affected or returned ][0m 
2020/05/26 06:25 [35m(/home/teamgrit/Projects/mcs/mvc/dao/janus_dao.go:65)[0m
[33m[2020-05-26 06:25:32][0m [36;1m[1.02ms][0m SELECT * FROM b2b_live a  WHERE (a.live_seq = 'e4c1c157-d0a6-db4c-e79d-f15ebcdd50b9') 
[36;31m[1 rows affected or returned ][0m 
2020/05/26 06:25 [35m(/home/teamgrit/Projects/mcs/mvc/dao/janus_dao.go:95)[0m
[33m[2020-05-26 06:25:32][0m [36;1m[0.70ms][0m SELECT * FROM `b2b_live`  WHERE (live_seq = 'e4c1c157-d0a6-db4c-e79d-f15ebcdd50b9') 
[36;31m[1 rows affected or returned ][0m 
2020/05/26 06:25 [35m(/home/teamgrit/Projects/mcs/mvc/dao/janus_dao.go:97)[0m
[33m[2020-05-26 06:25:32][0m [36;1m[0.60ms][0m UPDATE `b2b_live` SET `status` = '9000', `updated_at` = '2020-05-26 06:25:32'  WHERE (live_seq = 'e4c1c157-d0a6-db4c-e79d-f15ebcdd50b9') 
[36;31m[1 rows affected or returned ][0m 
2020/05/26 06:25 [35m(/home/teamgrit/Projects/mcs/mvc/dao/janus_dao.go:65)[0m
[33m[2020-05-26 06:25:34][0m [36;1m[1.07ms][0m SELECT * FROM b2b_live a  WHERE (a.live_seq = 'e4c1c157-d0a6-db4c-e79d-f15ebcdd50b9') 
[36;31m[1 rows affected or returned ][0m 
2020/05/26 06:25 [35m(/home/teamgrit/Projects/mcs/mvc/dao/janus_dao.go:95)[0m
[33m[2020-05-26 06:25:34][0m [36;1m[1.99ms][0m SELECT * FROM `b2b_live`  WHERE (live_seq = 'e4c1c157-d0a6-db4c-e79d-f15ebcdd50b9') 
[36;31m[1 rows affected or returned ][0m 
2020/05/26 06:25 [35m(/home/teamgrit/Projects/mcs/mvc/dao/janus_dao.go:97)[0m
[33m[2020-05-26 06:25:34][0m [36;1m[0.95ms][0m UPDATE `b2b_live` SET `status` = '9000', `updated_at` = '2020-05-26 06:25:34'  WHERE (live_seq = 'e4c1c157-d0a6-db4c-e79d-f15ebcdd50b9') 
[36;31m[1 rows affected or returned ][0m 
2020/05/26 06:32 [35m(/home/teamgrit/Projects/mcs/mvc/dao/janus_dao.go:47)[0m
[33m[2020-05-26 06:32:44][0m [36;1m[0.83ms][0m SELECT * FROM b2b_auth a  WHERE (a.key = 'coshop') 
[36;31m[1 rows affected or returned ][0m 
2020/05/26 06:32 [35m(/home/teamgrit/Projects/mcs/mvc/dao/janus_dao.go:57)[0m
[33m[2020-05-26 06:32:44][0m [36;1m[1.80ms][0m INSERT INTO `b2b_live` (`live_seq`,`service_seq`,`room_name`,`access_point`,`videoroom`,`textroom`,`record`,`description`,`status`,`created_at`,`updated_at`,`callback`) VALUES ('922f3554-e761-4249-b7f5-7e092fb44ee8',1,'Title','wss://edge.cojam.shop:18001','8320907733610778','8320907733610778',true,'desc','1000','2020-05-26 06:32:44','2020-05-26 06:32:44','http://52.231.204.44:3000/media') 
[36;31m[1 rows affected or returned ][0m 
2020/05/26 06:32 [35m(/home/teamgrit/Projects/mcs/mvc/dao/janus_dao.go:65)[0m
[33m[2020-05-26 06:32:51][0m [36;1m[0.98ms][0m SELECT * FROM b2b_live a  WHERE (a.live_seq = '922f3554-e761-4249-b7f5-7e092fb44ee8') 
[36;31m[1 rows affected or returned ][0m 
2020/05/26 06:34 [35m(/home/teamgrit/Projects/mcs/mvc/dao/janus_dao.go:65)[0m
[33m[2020-05-26 06:34:58][0m [36;1m[2.68ms][0m SELECT * FROM b2b_live a  WHERE (a.live_seq = '922f3554-e761-4249-b7f5-7e092fb44ee8') 
[36;31m[1 rows affected or returned ][0m 
2020/05/26 06:35 [35m(/home/teamgrit/Projects/mcs/mvc/dao/janus_dao.go:65)[0m
[33m[2020-05-26 06:35:34][0m [36;1m[0.74ms][0m SELECT * FROM b2b_live a  WHERE (a.live_seq = '922f3554-e761-4249-b7f5-7e092fb44ee8') 
[36;31m[1 rows affected or returned ][0m 
2020/05/26 06:35 [35m(/home/teamgrit/Projects/mcs/mvc/dao/janus_dao.go:95)[0m
[33m[2020-05-26 06:35:34][0m [36;1m[0.84ms][0m SELECT * FROM `b2b_live`  WHERE (live_seq = '922f3554-e761-4249-b7f5-7e092fb44ee8') 
[36;31m[1 rows affected or returned ][0m 
2020/05/26 06:35 [35m(/home/teamgrit/Projects/mcs/mvc/dao/janus_dao.go:97)[0m
[33m[2020-05-26 06:35:34][0m [36;1m[0.57ms][0m UPDATE `b2b_live` SET `status` = '9000', `updated_at` = '2020-05-26 06:35:34'  WHERE (live_seq = '922f3554-e761-4249-b7f5-7e092fb44ee8') 
[36;31m[1 rows affected or returned ][0m 
2020/05/26 06:46 





2020/05/26 06:46 ===== ****************************** =====
2020/05/26 06:46 ===== ****************************** =====
2020/05/26 06:46 ===== START : Media Control Service  =====
2020/05/26 06:46 ===== **********(with iris)********* =====
2020/05/26 06:46 ===== ****************************** =====

2020/05/26 06:46 IRIS Version : 11.1.1
2020/05/26 06:52 [35m(/home/teamgrit/Projects/mcs/mvc/dao/janus_dao.go:47)[0m
[33m[2020-05-26 06:52:31][0m [36;1m[10.53ms][0m SELECT * FROM b2b_auth a  WHERE (a.key = 'coshop') 
[36;31m[1 rows affected or returned ][0m 
2020/05/26 06:52 [35m(/home/teamgrit/Projects/mcs/mvc/dao/janus_dao.go:57)[0m
[33m[2020-05-26 06:52:31][0m [36;1m[34.79ms][0m INSERT INTO `b2b_live` (`live_seq`,`service_seq`,`room_name`,`access_point`,`videoroom`,`textroom`,`record`,`description`,`status`,`created_at`,`updated_at`,`callback`) VALUES ('8cb9baa3-0df8-00da-a9fc-f4aa8c5ece45',1,'Title','wss://edge.cojam.shop:18002','1671894761523646','1671894761523646',true,'desc','1000','2020-05-26 06:52:31','2020-05-26 06:52:31','http://52.231.204.44:3000/media') 
[36;31m[1 rows affected or returned ][0m 
2020/05/26 06:53 [35m(/home/teamgrit/Projects/mcs/mvc/dao/janus_dao.go:65)[0m
[33m[2020-05-26 06:53:31][0m [36;1m[1.53ms][0m SELECT * FROM b2b_live a  WHERE (a.live_seq = '8cb9baa3-0df8-00da-a9fc-f4aa8c5ece45') 
[36;31m[1 rows affected or returned ][0m 
2020/05/26 06:53 [35m(/home/teamgrit/Projects/mcs/mvc/dao/janus_dao.go:65)[0m
[33m[2020-05-26 06:53:53][0m [36;1m[0.74ms][0m SELECT * FROM b2b_live a  WHERE (a.live_seq = '8cb9baa3-0df8-00da-a9fc-f4aa8c5ece45') 
[36;31m[1 rows affected or returned ][0m 
2020/05/26 06:53 [35m(/home/teamgrit/Projects/mcs/mvc/dao/janus_dao.go:95)[0m
[33m[2020-05-26 06:53:53][0m [36;1m[1.06ms][0m SELECT * FROM `b2b_live`  WHERE (live_seq = '8cb9baa3-0df8-00da-a9fc-f4aa8c5ece45') 
[36;31m[1 rows affected or returned ][0m 
2020/05/26 06:53 [35m(/home/teamgrit/Projects/mcs/mvc/dao/janus_dao.go:97)[0m
[33m[2020-05-26 06:53:53][0m [36;1m[3.33ms][0m UPDATE `b2b_live` SET `status` = '9000', `updated_at` = '2020-05-26 06:53:53'  WHERE (live_seq = '8cb9baa3-0df8-00da-a9fc-f4aa8c5ece45') 
[36;31m[1 rows affected or returned ][0m 
2020/05/26 06:53 [35m(/home/teamgrit/Projects/mcs/mvc/dao/janus_dao.go:65)[0m
[33m[2020-05-26 06:53:55][0m [36;1m[7.98ms][0m SELECT * FROM b2b_live a  WHERE (a.live_seq = '8cb9baa3-0df8-00da-a9fc-f4aa8c5ece45') 
[36;31m[1 rows affected or returned ][0m 
