2020/05/26 02:22 [35m(/home/teamgrit/Projects/mcs/mvc/dao/janus_dao.go:65)[0m
[33m[2020-05-26 02:22:59][0m [36;1m[0.99ms][0m SELECT * FROM b2b_live a  WHERE (a.live_seq = '59e5638e-3bb1-a54d-c501-c96f80876c2d') 
[36;31m[1 rows affected or returned ][0m 
2020/05/26 02:23 [35m(/home/teamgrit/Projects/mcs/mvc/dao/janus_dao.go:65)[0m
[33m[2020-05-26 02:23:08][0m [36;1m[1.25ms][0m SELECT * FROM b2b_live a  WHERE (a.live_seq = 'df3c6b02-a9d6-edcf-da17-7b7dd924eea9') 
[36;31m[1 rows affected or returned ][0m 
2020/05/26 02:23 [35m(/home/teamgrit/Projects/mcs/mvc/dao/janus_dao.go:65)[0m
[33m[2020-05-26 02:23:24][0m [36;1m[3.42ms][0m SELECT * FROM b2b_live a  WHERE (a.live_seq = 'df3c6b02-a9d6-edcf-da17-7b7dd924eea9') 
[36;31m[1 rows affected or returned ][0m 
2020/05/26 02:23 [35m(/home/teamgrit/Projects/mcs/mvc/dao/janus_dao.go:65)[0m
[33m[2020-05-26 02:23:25][0m [36;1m[0.75ms][0m SELECT * FROM b2b_live a  WHERE (a.live_seq = '59e5638e-3bb1-a54d-c501-c96f80876c2d') 
[36;31m[1 rows affected or returned ][0m 
2020/05/26 02:23 [35m(/home/teamgrit/Projects/mcs/mvc/dao/janus_dao.go:65)[0m
[33m[2020-05-26 02:23:33][0m [36;1m[0.85ms][0m SELECT * FROM b2b_live a  WHERE (a.live_seq = 'df3c6b02-a9d6-edcf-da17-7b7dd924eea9') 
[36;31m[1 rows affected or returned ][0m 
2020/05/26 02:33 [35m(/home/teamgrit/Projects/mcs/mvc/dao/janus_dao.go:65)[0m
[33m[2020-05-26 02:33:34][0m [36;1m[0.74ms][0m SELECT * FROM b2b_live a  WHERE (a.live_seq = '59e5638e-3bb1-a54d-c501-c96f80876c2d') 
[36;31m[1 rows affected or returned ][0m 
2020/05/26 02:34 [35m(/home/teamgrit/Projects/mcs/mvc/dao/janus_dao.go:65)[0m
[33m[2020-05-26 02:34:13][0m [36;1m[0.70ms][0m SELECT * FROM b2b_live a  WHERE (a.live_seq = '59e5638e-3bb1-a54d-c501-c96f80876c2d') 
[36;31m[1 rows affected or returned ][0m 
2020/05/26 02:34 [35m(/home/teamgrit/Projects/mcs/mvc/dao/janus_dao.go:65)[0m
[33m[2020-05-26 02:34:21][0m [36;1m[0.73ms][0m SELECT * FROM b2b_live a  WHERE (a.live_seq = '59e5638e-3bb1-a54d-c501-c96f80876c2d') 
[36;31m[1 rows affected or returned ][0m 
2020/05/26 02:34 [35m(/home/teamgrit/Projects/mcs/mvc/dao/janus_dao.go:65)[0m
[33m[2020-05-26 02:34:53][0m [36;1m[0.69ms][0m SELECT * FROM b2b_live a  WHERE (a.live_seq = '59e5638e-3bb1-a54d-c501-c96f80876c2d') 
[36;31m[1 rows affected or returned ][0m 
2020/05/26 02:34 [35m(/home/teamgrit/Projects/mcs/mvc/dao/janus_dao.go:65)[0m
[33m[2020-05-26 02:34:58][0m [36;1m[0.75ms][0m SELECT * FROM b2b_live a  WHERE (a.live_seq = '59e5638e-3bb1-a54d-c501-c96f80876c2d') 
[36;31m[1 rows affected or returned ][0m 
2020/05/26 02:48 [35m(/home/teamgrit/Projects/mcs/mvc/dao/janus_dao.go:65)[0m
[33m[2020-05-26 02:48:50][0m [36;1m[0.85ms][0m SELECT * FROM b2b_live a  WHERE (a.live_seq = '59e5638e-3bb1-a54d-c501-c96f80876c2d') 
[36;31m[1 rows affected or returned ][0m 
2020/05/26 02:49 [35m(/home/teamgrit/Projects/mcs/mvc/dao/janus_dao.go:65)[0m
[33m[2020-05-26 02:49:39][0m [36;1m[0.76ms][0m SELECT * FROM b2b_live a  WHERE (a.live_seq = 'df3c6b02-a9d6-edcf-da17-7b7dd924eea9') 
[36;31m[1 rows affected or returned ][0m 
2020/05/26 02:49 [35m(/home/teamgrit/Projects/mcs/mvc/dao/janus_dao.go:65)[0m
[33m[2020-05-26 02:49:41][0m [36;1m[0.72ms][0m SELECT * FROM b2b_live a  WHERE (a.live_seq = 'df3c6b02-a9d6-edcf-da17-7b7dd924eea9') 
[36;31m[1 rows affected or returned ][0m 
2020/05/26 02:49 [35m(/home/teamgrit/Projects/mcs/mvc/dao/janus_dao.go:95)[0m
[33m[2020-05-26 02:49:41][0m [36;1m[0.92ms][0m SELECT * FROM `b2b_live`  WHERE (live_seq = 'df3c6b02-a9d6-edcf-da17-7b7dd924eea9') 
[36;31m[1 rows affected or returned ][0m 
2020/05/26 02:49 [35m(/home/teamgrit/Projects/mcs/mvc/dao/janus_dao.go:97)[0m
[33m[2020-05-26 02:49:41][0m [36;1m[0.66ms][0m UPDATE `b2b_live` SET `status` = '9000', `updated_at` = '2020-05-26 02:49:41'  WHERE (live_seq = 'df3c6b02-a9d6-edcf-da17-7b7dd924eea9') 
[36;31m[1 rows affected or returned ][0m 
2020/05/26 02:49 [35m(/home/teamgrit/Projects/mcs/mvc/dao/janus_dao.go:47)[0m
[33m[2020-05-26 02:49:59][0m [36;1m[0.79ms][0m SELECT * FROM b2b_auth a  WHERE (a.key = 'coshop') 
[36;31m[1 rows affected or returned ][0m 
2020/05/26 02:49 [35m(/home/teamgrit/Projects/mcs/mvc/dao/janus_dao.go:57)[0m
[33m[2020-05-26 02:49:59][0m [36;1m[1.24ms][0m INSERT INTO `b2b_live` (`live_seq`,`service_seq`,`room_name`,`access_point`,`videoroom`,`textroom`,`record`,`description`,`status`,`created_at`,`updated_at`,`callback`) VALUES ('81d27ce2-8a72-9d65-d246-323ebf41f38b',1,'Title','wss://edge.cojam.shop:18001','6468083188959470','6468083188959470',true,'desc','1000','2020-05-26 02:49:59','2020-05-26 02:49:59','http://52.231.204.44:3000/media') 
[36;31m[1 rows affected or returned ][0m 
2020/05/26 02:50 [35m(/home/teamgrit/Projects/mcs/mvc/dao/janus_dao.go:65)[0m
[33m[2020-05-26 02:50:36][0m [36;1m[0.86ms][0m SELECT * FROM b2b_live a  WHERE (a.live_seq = '81d27ce2-8a72-9d65-d246-323ebf41f38b') 
[36;31m[1 rows affected or returned ][0m 
2020/05/26 02:50 [35m(/home/teamgrit/Projects/mcs/mvc/dao/janus_dao.go:95)[0m
[33m[2020-05-26 02:50:36][0m [36;1m[0.55ms][0m SELECT * FROM `b2b_live`  WHERE (live_seq = '81d27ce2-8a72-9d65-d246-323ebf41f38b') 
[36;31m[1 rows affected or returned ][0m 
2020/05/26 02:50 [35m(/home/teamgrit/Projects/mcs/mvc/dao/janus_dao.go:97)[0m
[33m[2020-05-26 02:50:36][0m [36;1m[0.54ms][0m UPDATE `b2b_live` SET `status` = '9000', `updated_at` = '2020-05-26 02:50:36'  WHERE (live_seq = '81d27ce2-8a72-9d65-d246-323ebf41f38b') 
[36;31m[1 rows affected or returned ][0m 
