2020/05/20 05:10 





2020/05/20 05:10 ===== ****************************** =====
2020/05/20 05:10 ===== ****************************** =====
2020/05/20 05:10 ===== START : Media Control Service  =====
2020/05/20 05:10 ===== **********(with iris)********* =====
2020/05/20 05:10 ===== ****************************** =====

2020/05/20 05:10 IRIS Version : 11.1.1
2020/05/20 05:19 [35m(/home/teamgrit/Projects/mcs/mvc/dao/janus_dao.go:65)[0m
[33m[2020-05-20 05:19:14][0m [36;1m[0.61ms][0m SELECT * FROM b2b_live a  WHERE (a.live_seq = '3ac95053-19dd-4dc8-c6b6-4f25e4026b91') 
[36;31m[1 rows affected or returned ][0m 
2020/05/20 05:50 [35m(/home/teamgrit/Projects/mcs/mvc/dao/janus_dao.go:65)[0m
[33m[2020-05-20 05:50:34][0m [36;1m[1.27ms][0m SELECT * FROM b2b_live a  WHERE (a.live_seq = '3ac95053-19dd-4dc8-c6b6-4f25e4026b91') 
[36;31m[1 rows affected or returned ][0m 
2020/05/20 05:54 [35m(/home/teamgrit/Projects/mcs/mvc/dao/janus_dao.go:65)[0m
[33m[2020-05-20 05:54:39][0m [36;1m[0.61ms][0m SELECT * FROM b2b_live a  WHERE (a.live_seq = '3ac95053-19dd-4dc8-c6b6-4f25e4026b91') 
[36;31m[1 rows affected or returned ][0m 
2020/05/20 05:54 [35m(/home/teamgrit/Projects/mcs/mvc/dao/janus_dao.go:47)[0m
[33m[2020-05-20 05:54:55][0m [36;1m[0.60ms][0m SELECT * FROM b2b_auth a  WHERE (a.key = 'coshop') 
[36;31m[1 rows affected or returned ][0m 
2020/05/20 05:54 [35m(/home/teamgrit/Projects/mcs/mvc/dao/janus_dao.go:57)[0m
[33m[2020-05-20 05:54:55][0m [36;1m[0.57ms][0m INSERT INTO `b2b_live` (`live_seq`,`service_seq`,`room_name`,`access_point`,`videoroom`,`textroom`,`record`,`description`,`status`,`created_at`,`updated_at`,`callback`) VALUES ('81ca87cf-b69d-6f9c-2d43-928401fcf85e',1,'Title','wss://edge.cojam.shop:18001','8347062399921704','8347062399921704',true,'desc','1000','2020-05-20 05:54:55','2020-05-20 05:54:55','http://52.231.204.44:3000/media') 
[36;31m[1 rows affected or returned ][0m 
2020/05/20 05:56 [35m(/home/teamgrit/Projects/mcs/mvc/dao/janus_dao.go:47)[0m
[33m[2020-05-20 05:56:08][0m [36;1m[0.54ms][0m SELECT * FROM b2b_auth a  WHERE (a.key = 'coshop') 
[36;31m[1 rows affected or returned ][0m 
2020/05/20 05:56 [35m(/home/teamgrit/Projects/mcs/mvc/dao/janus_dao.go:57)[0m
[33m[2020-05-20 05:56:08][0m [36;1m[0.51ms][0m INSERT INTO `b2b_live` (`live_seq`,`service_seq`,`room_name`,`access_point`,`videoroom`,`textroom`,`record`,`description`,`status`,`created_at`,`updated_at`,`callback`) VALUES ('a491cd7e-b99b-8388-78fe-173c85dad54c',1,'Title','wss://edge.cojam.shop:18001','7455606549952059','7455606549952059',true,'desc','1000','2020-05-20 05:56:08','2020-05-20 05:56:08','http://52.231.204.44:3000/media') 
[36;31m[1 rows affected or returned ][0m 
2020/05/20 05:58 [35m(/home/teamgrit/Projects/mcs/mvc/dao/janus_dao.go:65)[0m
[33m[2020-05-20 05:58:02][0m [36;1m[0.76ms][0m SELECT * FROM b2b_live a  WHERE (a.live_seq = 'a491cd7e-b99b-8388-78fe-173c85dad54c') 
[36;31m[1 rows affected or returned ][0m 
2020/05/20 05:58 [35m(/home/teamgrit/Projects/mcs/mvc/dao/janus_dao.go:95)[0m
[33m[2020-05-20 05:58:02][0m [36;1m[0.65ms][0m SELECT * FROM `b2b_live`  WHERE (live_seq = 'a491cd7e-b99b-8388-78fe-173c85dad54c') 
[36;31m[1 rows affected or returned ][0m 
2020/05/20 05:58 [35m(/home/teamgrit/Projects/mcs/mvc/dao/janus_dao.go:97)[0m
[33m[2020-05-20 05:58:02][0m [36;1m[0.48ms][0m UPDATE `b2b_live` SET `status` = '9000', `updated_at` = '2020-05-20 05:58:02'  WHERE (live_seq = 'a491cd7e-b99b-8388-78fe-173c85dad54c') 
[36;31m[1 rows affected or returned ][0m 
