2020/05/20 01:26 


2020/05/20 01:26 ===== ShutDown START : CoJam Server With IRIS =====
2020/05/20 01:26 Close RDB
2020/05/20 01:26 Close Redis
2020/05/20 01:26 Close SessionRedis
2020/05/20 01:26 ===== ShutDown END : CoJam Server With IRIS =====
2020/05/20 01:27 


2020/05/20 01:27 ===== ShutDown START : CoJam Server With IRIS =====
2020/05/20 01:27 Close RDB
2020/05/20 01:27 Close Redis
2020/05/20 01:27 Close SessionRedis
2020/05/20 01:27 ===== ShutDown END : CoJam Server With IRIS =====
2020/05/20 01:28 


2020/05/20 01:28 ===== ShutDown START : CoJam Server With IRIS =====
2020/05/20 01:28 Close RDB
2020/05/20 01:28 Close Redis
2020/05/20 01:28 Close SessionRedis
2020/05/20 01:28 ===== ShutDown END : CoJam Server With IRIS =====
2020/05/20 01:46 ****************************** trace----
2020/05/20 01:53 





2020/05/20 01:53 ===== ****************************** =====
2020/05/20 01:53 ===== ****************************** =====
2020/05/20 01:53 ===== START : Media Control Service  =====
2020/05/20 01:53 ===== **********(with iris)********* =====
2020/05/20 01:53 ===== ****************************** =====

2020/05/20 01:53 IRIS Version : 11.1.1
2020/05/20 01:54 





2020/05/20 01:54 ===== ****************************** =====
2020/05/20 01:54 ===== ****************************** =====
2020/05/20 01:54 ===== START : Media Control Service  =====
2020/05/20 01:54 ===== **********(with iris)********* =====
2020/05/20 01:54 ===== ****************************** =====

2020/05/20 01:54 IRIS Version : 11.1.1
