2020/05/20 02:34 [35m(/home/teamgrit/Projects/mcs/mvc/dao/janus_dao.go:47)[0m
[33m[2020-05-20 02:34:26][0m [36;1m[0.66ms][0m SELECT * FROM b2b_auth a  WHERE (a.key = 'coshop') 
[36;31m[1 rows affected or returned ][0m 
2020/05/20 02:34 [35m(/home/teamgrit/Projects/mcs/mvc/dao/janus_dao.go:57)[0m
[33m[2020-05-20 02:34:26][0m [36;1m[0.61ms][0m INSERT INTO `b2b_live` (`live_seq`,`service_seq`,`room_name`,`access_point`,`videoroom`,`textroom`,`record`,`description`,`status`,`created_at`,`updated_at`,`callback`) VALUES ('8343b582-8070-65f4-c26e-e8e9d2c42b8e',1,'Title','wss://edge.cojam.shop:18001','968683350740367','968683350740367',true,'desc','1000','2020-05-20 02:34:26','2020-05-20 02:34:26','http://52.231.204.44:3000/media') 
[36;31m[1 rows affected or returned ][0m 
2020/05/20 02:37 [35m(/home/teamgrit/Projects/mcs/mvc/dao/janus_dao.go:65)[0m
[33m[2020-05-20 02:37:53][0m [36;1m[0.84ms][0m SELECT * FROM b2b_live a  WHERE (a.live_seq = '8343b582-8070-65f4-c26e-e8e9d2c42b8e') 
[36;31m[1 rows affected or returned ][0m 
2020/05/20 02:37 [35m(/home/teamgrit/Projects/mcs/mvc/dao/janus_dao.go:95)[0m
[33m[2020-05-20 02:37:53][0m [36;1m[0.62ms][0m SELECT * FROM `b2b_live`  WHERE (live_seq = '8343b582-8070-65f4-c26e-e8e9d2c42b8e') 
[36;31m[1 rows affected or returned ][0m 
2020/05/20 02:37 [35m(/home/teamgrit/Projects/mcs/mvc/dao/janus_dao.go:97)[0m
[33m[2020-05-20 02:37:53][0m [36;1m[0.51ms][0m UPDATE `b2b_live` SET `status` = '9000', `updated_at` = '2020-05-20 02:37:53'  WHERE (live_seq = '8343b582-8070-65f4-c26e-e8e9d2c42b8e') 
[36;31m[1 rows affected or returned ][0m 
2020/05/20 02:38 [35m(/home/teamgrit/Projects/mcs/mvc/dao/janus_dao.go:47)[0m
[33m[2020-05-20 02:38:14][0m [36;1m[0.55ms][0m SELECT * FROM b2b_auth a  WHERE (a.key = 'coshop') 
[36;31m[1 rows affected or returned ][0m 
2020/05/20 02:38 [35m(/home/teamgrit/Projects/mcs/mvc/dao/janus_dao.go:57)[0m
[33m[2020-05-20 02:38:14][0m [36;1m[0.59ms][0m INSERT INTO `b2b_live` (`live_seq`,`service_seq`,`room_name`,`access_point`,`videoroom`,`textroom`,`record`,`description`,`status`,`created_at`,`updated_at`,`callback`) VALUES ('f3840292-e689-8360-9978-0ef2ae6914de',1,'Title','wss://edge.cojam.shop:18001','4422437709724420','4422437709724420',true,'desc','1000','2020-05-20 02:38:14','2020-05-20 02:38:14','http://52.231.204.44:3000/media') 
[36;31m[1 rows affected or returned ][0m 
2020/05/20 02:40 [35m(/home/teamgrit/Projects/mcs/mvc/dao/janus_dao.go:65)[0m
[33m[2020-05-20 02:40:18][0m [36;1m[0.72ms][0m SELECT * FROM b2b_live a  WHERE (a.live_seq = 'f3840292-e689-8360-9978-0ef2ae6914de') 
[36;31m[1 rows affected or returned ][0m 
2020/05/20 02:40 [35m(/home/teamgrit/Projects/mcs/mvc/dao/janus_dao.go:95)[0m
[33m[2020-05-20 02:40:18][0m [36;1m[0.67ms][0m SELECT * FROM `b2b_live`  WHERE (live_seq = 'f3840292-e689-8360-9978-0ef2ae6914de') 
[36;31m[1 rows affected or returned ][0m 
2020/05/20 02:40 [35m(/home/teamgrit/Projects/mcs/mvc/dao/janus_dao.go:97)[0m
[33m[2020-05-20 02:40:18][0m [36;1m[0.49ms][0m UPDATE `b2b_live` SET `status` = '9000', `updated_at` = '2020-05-20 02:40:18'  WHERE (live_seq = 'f3840292-e689-8360-9978-0ef2ae6914de') 
[36;31m[1 rows affected or returned ][0m 
