2020/05/28 06:00 [35m(/home/teamgrit/Projects/mcs/mvc/dao/janus_dao.go:65)[0m
[33m[2020-05-28 06:00:47][0m [36;1m[0.92ms][0m SELECT * FROM b2b_live a  WHERE (a.live_seq = 'dbd62b5e-6d8e-3d0b-3ed3-f29168fb6bcf') 
[36;31m[1 rows affected or returned ][0m 
2020/05/28 06:00 [35m(/home/teamgrit/Projects/mcs/mvc/dao/janus_dao.go:65)[0m
[33m[2020-05-28 06:00:49][0m [36;1m[0.84ms][0m SELECT * FROM b2b_live a  WHERE (a.live_seq = 'dbd62b5e-6d8e-3d0b-3ed3-f29168fb6bcf') 
[36;31m[1 rows affected or returned ][0m 
2020/05/28 06:00 [35m(/home/teamgrit/Projects/mcs/mvc/dao/janus_dao.go:65)[0m
[33m[2020-05-28 06:00:57][0m [36;1m[0.74ms][0m SELECT * FROM b2b_live a  WHERE (a.live_seq = 'dbd62b5e-6d8e-3d0b-3ed3-f29168fb6bcf') 
[36;31m[1 rows affected or returned ][0m 
2020/05/28 06:02 [35m(/home/teamgrit/Projects/mcs/mvc/dao/janus_dao.go:65)[0m
[33m[2020-05-28 06:02:20][0m [36;1m[0.73ms][0m SELECT * FROM b2b_live a  WHERE (a.live_seq = 'dbd62b5e-6d8e-3d0b-3ed3-f29168fb6bcf') 
[36;31m[1 rows affected or returned ][0m 
2020/05/28 06:04 [35m(/home/teamgrit/Projects/mcs/mvc/dao/janus_dao.go:65)[0m
[33m[2020-05-28 06:04:38][0m [36;1m[0.77ms][0m SELECT * FROM b2b_live a  WHERE (a.live_seq = 'dbd62b5e-6d8e-3d0b-3ed3-f29168fb6bcf') 
[36;31m[1 rows affected or returned ][0m 
2020/05/28 06:04 [35m(/home/teamgrit/Projects/mcs/mvc/dao/janus_dao.go:65)[0m
[33m[2020-05-28 06:04:42][0m [36;1m[0.79ms][0m SELECT * FROM b2b_live a  WHERE (a.live_seq = 'dbd62b5e-6d8e-3d0b-3ed3-f29168fb6bcf') 
[36;31m[1 rows affected or returned ][0m 
2020/05/28 06:04 [35m(/home/teamgrit/Projects/mcs/mvc/dao/janus_dao.go:95)[0m
[33m[2020-05-28 06:04:42][0m [36;1m[1.23ms][0m SELECT * FROM `b2b_live`  WHERE (live_seq = 'dbd62b5e-6d8e-3d0b-3ed3-f29168fb6bcf') 
[36;31m[1 rows affected or returned ][0m 
2020/05/28 06:04 [35m(/home/teamgrit/Projects/mcs/mvc/dao/janus_dao.go:97)[0m
[33m[2020-05-28 06:04:42][0m [36;1m[2.91ms][0m UPDATE `b2b_live` SET `status` = '9000', `updated_at` = '2020-05-28 06:04:42'  WHERE (live_seq = 'dbd62b5e-6d8e-3d0b-3ed3-f29168fb6bcf') 
[36;31m[1 rows affected or returned ][0m 
2020/05/28 06:06 [35m(/home/teamgrit/Projects/mcs/mvc/dao/janus_dao.go:47)[0m
[33m[2020-05-28 06:06:15][0m [36;1m[97.63ms][0m SELECT * FROM b2b_auth a  WHERE (a.key = 'coshop') 
[36;31m[1 rows affected or returned ][0m 
2020/05/28 06:06 [35m(/home/teamgrit/Projects/mcs/mvc/dao/janus_dao.go:57)[0m
[33m[2020-05-28 06:06:15][0m [36;1m[7.23ms][0m INSERT INTO `b2b_live` (`live_seq`,`service_seq`,`room_name`,`access_point`,`videoroom`,`textroom`,`record`,`description`,`status`,`created_at`,`updated_at`,`callback`) VALUES ('a33e04bb-fb04-c082-475a-af02f5bd511a',1,'Title','wss://edge.cojam.shop:18002','7135340378496042','7135340378496042',true,'desc','1000','2020-05-28 06:06:15','2020-05-28 06:06:15','http://52.231.204.44:3000/media') 
[36;31m[1 rows affected or returned ][0m 
2020/05/28 06:06 [35m(/home/teamgrit/Projects/mcs/mvc/dao/janus_dao.go:65)[0m
[33m[2020-05-28 06:06:27][0m [36;1m[2.46ms][0m SELECT * FROM b2b_live a  WHERE (a.live_seq = 'a33e04bb-fb04-c082-475a-af02f5bd511a') 
[36;31m[1 rows affected or returned ][0m 
2020/05/28 06:07 [35m(/home/teamgrit/Projects/mcs/mvc/dao/janus_dao.go:65)[0m
[33m[2020-05-28 06:07:32][0m [36;1m[1.71ms][0m SELECT * FROM b2b_live a  WHERE (a.live_seq = '47d15da3-cbaa-c857-281f-64c841e7c40a') 
[36;31m[1 rows affected or returned ][0m 
2020/05/28 06:11 [35m(/home/teamgrit/Projects/mcs/mvc/dao/janus_dao.go:65)[0m
[33m[2020-05-28 06:11:11][0m [36;1m[1.67ms][0m SELECT * FROM b2b_live a  WHERE (a.live_seq = 'bcddec95-1223-be00-7031-165345bf1555') 
[36;31m[1 rows affected or returned ][0m 
2020/05/28 06:12 [35m(/home/teamgrit/Projects/mcs/mvc/dao/janus_dao.go:65)[0m
[33m[2020-05-28 06:12:55][0m [36;1m[0.77ms][0m SELECT * FROM b2b_live a  WHERE (a.live_seq = 'bcddec95-1223-be00-7031-165345bf1555') 
[36;31m[1 rows affected or returned ][0m 
2020/05/28 06:14 [35m(/home/teamgrit/Projects/mcs/mvc/dao/janus_dao.go:65)[0m
[33m[2020-05-28 06:14:39][0m [36;1m[0.74ms][0m SELECT * FROM b2b_live a  WHERE (a.live_seq = 'a33e04bb-fb04-c082-475a-af02f5bd511a') 
[36;31m[1 rows affected or returned ][0m 
2020/05/28 06:14 [35m(/home/teamgrit/Projects/mcs/mvc/dao/janus_dao.go:65)[0m
[33m[2020-05-28 06:14:57][0m [36;1m[0.80ms][0m SELECT * FROM b2b_live a  WHERE (a.live_seq = 'a33e04bb-fb04-c082-475a-af02f5bd511a') 
[36;31m[1 rows affected or returned ][0m 
2020/05/28 06:15 [35m(/home/teamgrit/Projects/mcs/mvc/dao/janus_dao.go:65)[0m
[33m[2020-05-28 06:15:04][0m [36;1m[0.69ms][0m SELECT * FROM b2b_live a  WHERE (a.live_seq = 'a33e04bb-fb04-c082-475a-af02f5bd511a') 
[36;31m[1 rows affected or returned ][0m 
2020/05/28 06:15 [35m(/home/teamgrit/Projects/mcs/mvc/dao/janus_dao.go:65)[0m
[33m[2020-05-28 06:15:09][0m [36;1m[0.77ms][0m SELECT * FROM b2b_live a  WHERE (a.live_seq = 'a33e04bb-fb04-c082-475a-af02f5bd511a') 
[36;31m[1 rows affected or returned ][0m 
2020/05/28 06:15 [35m(/home/teamgrit/Projects/mcs/mvc/dao/janus_dao.go:65)[0m
[33m[2020-05-28 06:15:23][0m [36;1m[0.71ms][0m SELECT * FROM b2b_live a  WHERE (a.live_seq = 'a33e04bb-fb04-c082-475a-af02f5bd511a') 
[36;31m[1 rows affected or returned ][0m 
2020/05/28 06:15 [35m(/home/teamgrit/Projects/mcs/mvc/dao/janus_dao.go:65)[0m
[33m[2020-05-28 06:15:46][0m [36;1m[0.72ms][0m SELECT * FROM b2b_live a  WHERE (a.live_seq = 'a33e04bb-fb04-c082-475a-af02f5bd511a') 
[36;31m[1 rows affected or returned ][0m 
2020/05/28 06:16 [35m(/home/teamgrit/Projects/mcs/mvc/dao/janus_dao.go:65)[0m
[33m[2020-05-28 06:16:18][0m [36;1m[1.17ms][0m SELECT * FROM b2b_live a  WHERE (a.live_seq = 'a33e04bb-fb04-c082-475a-af02f5bd511a') 
[36;31m[1 rows affected or returned ][0m 
2020/05/28 06:16 [35m(/home/teamgrit/Projects/mcs/mvc/dao/janus_dao.go:65)[0m
[33m[2020-05-28 06:16:23][0m [36;1m[1.07ms][0m SELECT * FROM b2b_live a  WHERE (a.live_seq = 'a33e04bb-fb04-c082-475a-af02f5bd511a') 
[36;31m[1 rows affected or returned ][0m 
2020/05/28 06:20 [35m(/home/teamgrit/Projects/mcs/mvc/dao/janus_dao.go:65)[0m
[33m[2020-05-28 06:20:24][0m [36;1m[0.85ms][0m SELECT * FROM b2b_live a  WHERE (a.live_seq = 'a33e04bb-fb04-c082-475a-af02f5bd511a') 
[36;31m[1 rows affected or returned ][0m 
2020/05/28 06:20 [35m(/home/teamgrit/Projects/mcs/mvc/dao/janus_dao.go:65)[0m
[33m[2020-05-28 06:20:27][0m [36;1m[0.72ms][0m SELECT * FROM b2b_live a  WHERE (a.live_seq = 'a33e04bb-fb04-c082-475a-af02f5bd511a') 
[36;31m[1 rows affected or returned ][0m 
2020/05/28 06:20 [35m(/home/teamgrit/Projects/mcs/mvc/dao/janus_dao.go:65)[0m
[33m[2020-05-28 06:20:32][0m [36;1m[0.77ms][0m SELECT * FROM b2b_live a  WHERE (a.live_seq = 'a33e04bb-fb04-c082-475a-af02f5bd511a') 
[36;31m[1 rows affected or returned ][0m 
2020/05/28 06:20 [35m(/home/teamgrit/Projects/mcs/mvc/dao/janus_dao.go:65)[0m
[33m[2020-05-28 06:20:52][0m [36;1m[0.79ms][0m SELECT * FROM b2b_live a  WHERE (a.live_seq = 'a33e04bb-fb04-c082-475a-af02f5bd511a') 
[36;31m[1 rows affected or returned ][0m 
2020/05/28 06:22 [35m(/home/teamgrit/Projects/mcs/mvc/dao/janus_dao.go:65)[0m
[33m[2020-05-28 06:22:29][0m [36;1m[0.87ms][0m SELECT * FROM b2b_live a  WHERE (a.live_seq = 'bcddec95-1223-be00-7031-165345bf1555') 
[36;31m[1 rows affected or returned ][0m 
2020/05/28 06:22 [35m(/home/teamgrit/Projects/mcs/mvc/dao/janus_dao.go:65)[0m
[33m[2020-05-28 06:22:31][0m [36;1m[0.78ms][0m SELECT * FROM b2b_live a  WHERE (a.live_seq = 'a33e04bb-fb04-c082-475a-af02f5bd511a') 
[36;31m[1 rows affected or returned ][0m 
2020/05/28 06:23 [35m(/home/teamgrit/Projects/mcs/mvc/dao/janus_dao.go:65)[0m
[33m[2020-05-28 06:23:17][0m [36;1m[0.78ms][0m SELECT * FROM b2b_live a  WHERE (a.live_seq = 'a33e04bb-fb04-c082-475a-af02f5bd511a') 
[36;31m[1 rows affected or returned ][0m 
2020/05/28 06:23 [35m(/home/teamgrit/Projects/mcs/mvc/dao/janus_dao.go:65)[0m
[33m[2020-05-28 06:23:23][0m [36;1m[0.81ms][0m SELECT * FROM b2b_live a  WHERE (a.live_seq = 'a33e04bb-fb04-c082-475a-af02f5bd511a') 
[36;31m[1 rows affected or returned ][0m 
2020/05/28 06:23 [35m(/home/teamgrit/Projects/mcs/mvc/dao/janus_dao.go:65)[0m
[33m[2020-05-28 06:23:28][0m [36;1m[0.86ms][0m SELECT * FROM b2b_live a  WHERE (a.live_seq = 'a33e04bb-fb04-c082-475a-af02f5bd511a') 
[36;31m[1 rows affected or returned ][0m 
2020/05/28 06:23 [35m(/home/teamgrit/Projects/mcs/mvc/dao/janus_dao.go:65)[0m
[33m[2020-05-28 06:23:35][0m [36;1m[0.90ms][0m SELECT * FROM b2b_live a  WHERE (a.live_seq = 'dedc0d32-5741-c094-2c8d-3875ddcafd6f') 
[36;31m[1 rows affected or returned ][0m 
2020/05/28 06:23 [35m(/home/teamgrit/Projects/mcs/mvc/dao/janus_dao.go:65)[0m
[33m[2020-05-28 06:23:43][0m [36;1m[0.91ms][0m SELECT * FROM b2b_live a  WHERE (a.live_seq = 'da2632b9-45b1-4ed0-30d9-693f4505030f') 
[36;31m[1 rows affected or returned ][0m 
2020/05/28 06:23 [35m(/home/teamgrit/Projects/mcs/mvc/dao/janus_dao.go:65)[0m
[33m[2020-05-28 06:23:48][0m [36;1m[0.90ms][0m SELECT * FROM b2b_live a  WHERE (a.live_seq = '332ae42a-3501-926d-6638-c37ac93ea5ec') 
[36;31m[1 rows affected or returned ][0m 
2020/05/28 06:23 [35m(/home/teamgrit/Projects/mcs/mvc/dao/janus_dao.go:65)[0m
[33m[2020-05-28 06:23:53][0m [36;1m[0.74ms][0m SELECT * FROM b2b_live a  WHERE (a.live_seq = '47d15da3-cbaa-c857-281f-64c841e7c40a') 
[36;31m[1 rows affected or returned ][0m 
2020/05/28 06:23 [35m(/home/teamgrit/Projects/mcs/mvc/dao/janus_dao.go:65)[0m
[33m[2020-05-28 06:23:57][0m [36;1m[0.68ms][0m SELECT * FROM b2b_live a  WHERE (a.live_seq = 'a33e04bb-fb04-c082-475a-af02f5bd511a') 
[36;31m[1 rows affected or returned ][0m 
2020/05/28 06:24 [35m(/home/teamgrit/Projects/mcs/mvc/dao/janus_dao.go:65)[0m
[33m[2020-05-28 06:24:02][0m [36;1m[0.95ms][0m SELECT * FROM b2b_live a  WHERE (a.live_seq = 'a33e04bb-fb04-c082-475a-af02f5bd511a') 
[36;31m[1 rows affected or returned ][0m 
2020/05/28 06:24 [35m(/home/teamgrit/Projects/mcs/mvc/dao/janus_dao.go:65)[0m
[33m[2020-05-28 06:24:13][0m [36;1m[0.67ms][0m SELECT * FROM b2b_live a  WHERE (a.live_seq = 'a33e04bb-fb04-c082-475a-af02f5bd511a') 
[36;31m[1 rows affected or returned ][0m 
2020/05/28 06:24 [35m(/home/teamgrit/Projects/mcs/mvc/dao/janus_dao.go:65)[0m
[33m[2020-05-28 06:24:16][0m [36;1m[0.79ms][0m SELECT * FROM b2b_live a  WHERE (a.live_seq = 'bcddec95-1223-be00-7031-165345bf1555') 
[36;31m[1 rows affected or returned ][0m 
2020/05/28 06:24 [35m(/home/teamgrit/Projects/mcs/mvc/dao/janus_dao.go:65)[0m
[33m[2020-05-28 06:24:17][0m [36;1m[0.68ms][0m SELECT * FROM b2b_live a  WHERE (a.live_seq = 'a33e04bb-fb04-c082-475a-af02f5bd511a') 
[36;31m[1 rows affected or returned ][0m 
2020/05/28 06:24 [35m(/home/teamgrit/Projects/mcs/mvc/dao/janus_dao.go:65)[0m
[33m[2020-05-28 06:24:35][0m [36;1m[0.79ms][0m SELECT * FROM b2b_live a  WHERE (a.live_seq = 'a33e04bb-fb04-c082-475a-af02f5bd511a') 
[36;31m[1 rows affected or returned ][0m 
2020/05/28 06:25 [35m(/home/teamgrit/Projects/mcs/mvc/dao/janus_dao.go:65)[0m
[33m[2020-05-28 06:25:07][0m [36;1m[77.09ms][0m SELECT * FROM b2b_live a  WHERE (a.live_seq = 'a33e04bb-fb04-c082-475a-af02f5bd511a') 
[36;31m[1 rows affected or returned ][0m 
2020/05/28 06:26 [35m(/home/teamgrit/Projects/mcs/mvc/dao/janus_dao.go:65)[0m
[33m[2020-05-28 06:26:01][0m [36;1m[155.87ms][0m SELECT * FROM b2b_live a  WHERE (a.live_seq = 'a33e04bb-fb04-c082-475a-af02f5bd511a') 
[36;31m[1 rows affected or returned ][0m 
2020/05/28 06:29 [35m(/home/teamgrit/Projects/mcs/mvc/dao/janus_dao.go:65)[0m
[33m[2020-05-28 06:29:14][0m [36;1m[0.82ms][0m SELECT * FROM b2b_live a  WHERE (a.live_seq = '47d15da3-cbaa-c857-281f-64c841e7c40a') 
[36;31m[1 rows affected or returned ][0m 
2020/05/28 06:29 [35m(/home/teamgrit/Projects/mcs/mvc/dao/janus_dao.go:65)[0m
[33m[2020-05-28 06:29:27][0m [36;1m[0.76ms][0m SELECT * FROM b2b_live a  WHERE (a.live_seq = 'bcddec95-1223-be00-7031-165345bf1555') 
[36;31m[1 rows affected or returned ][0m 
2020/05/28 06:50 [35m(/home/teamgrit/Projects/mcs/mvc/dao/janus_dao.go:47)[0m
[33m[2020-05-28 06:50:25][0m [36;1m[31.67ms][0m SELECT * FROM b2b_auth a  WHERE (a.key = 'coshop') 
[36;31m[1 rows affected or returned ][0m 
2020/05/28 06:50 [35m(/home/teamgrit/Projects/mcs/mvc/dao/janus_dao.go:57)[0m
[33m[2020-05-28 06:50:25][0m [36;1m[45.20ms][0m INSERT INTO `b2b_live` (`live_seq`,`service_seq`,`room_name`,`access_point`,`videoroom`,`textroom`,`record`,`description`,`status`,`created_at`,`updated_at`,`callback`) VALUES ('ab5ca71d-86fd-41d1-a800-267acb22d477',1,'Title','wss://edge.cojam.shop:18001','7693164166200455','7693164166200455',true,'desc','1000','2020-05-28 06:50:25','2020-05-28 06:50:25','http://52.231.204.44:3000/media') 
[36;31m[1 rows affected or returned ][0m 
2020/05/28 06:51 [35m(/home/teamgrit/Projects/mcs/mvc/dao/janus_dao.go:65)[0m
[33m[2020-05-28 06:51:00][0m [36;1m[1.61ms][0m SELECT * FROM b2b_live a  WHERE (a.live_seq = 'ab5ca71d-86fd-41d1-a800-267acb22d477') 
[36;31m[1 rows affected or returned ][0m 
2020/05/28 06:51 [35m(/home/teamgrit/Projects/mcs/mvc/dao/janus_dao.go:95)[0m
[33m[2020-05-28 06:51:00][0m [36;1m[0.86ms][0m SELECT * FROM `b2b_live`  WHERE (live_seq = 'ab5ca71d-86fd-41d1-a800-267acb22d477') 
[36;31m[1 rows affected or returned ][0m 
2020/05/28 06:51 [35m(/home/teamgrit/Projects/mcs/mvc/dao/janus_dao.go:97)[0m
[33m[2020-05-28 06:51:00][0m [36;1m[2.52ms][0m UPDATE `b2b_live` SET `status` = '9000', `updated_at` = '2020-05-28 06:51:00'  WHERE (live_seq = 'ab5ca71d-86fd-41d1-a800-267acb22d477') 
[36;31m[1 rows affected or returned ][0m 
2020/05/28 06:51 [35m(/home/teamgrit/Projects/mcs/mvc/dao/janus_dao.go:47)[0m
[33m[2020-05-28 06:51:04][0m [36;1m[0.84ms][0m SELECT * FROM b2b_auth a  WHERE (a.key = 'coshop') 
[36;31m[1 rows affected or returned ][0m 
2020/05/28 06:51 [35m(/home/teamgrit/Projects/mcs/mvc/dao/janus_dao.go:57)[0m
[33m[2020-05-28 06:51:04][0m [36;1m[1.45ms][0m INSERT INTO `b2b_live` (`live_seq`,`service_seq`,`room_name`,`access_point`,`videoroom`,`textroom`,`record`,`description`,`status`,`created_at`,`updated_at`,`callback`) VALUES ('40197abb-3697-3fce-503b-0688ef074286',1,'Title','wss://edge.cojam.shop:18001','7242865363453178','7242865363453178',true,'desc','1000','2020-05-28 06:51:04','2020-05-28 06:51:04','http://52.231.204.44:3000/media') 
[36;31m[1 rows affected or returned ][0m 
2020/05/28 06:51 [35m(/home/teamgrit/Projects/mcs/mvc/dao/janus_dao.go:65)[0m
[33m[2020-05-28 06:51:08][0m [36;1m[192.72ms][0m SELECT * FROM b2b_live a  WHERE (a.live_seq = '40197abb-3697-3fce-503b-0688ef074286') 
[36;31m[1 rows affected or returned ][0m 
2020/05/28 06:51 [35m(/home/teamgrit/Projects/mcs/mvc/dao/janus_dao.go:65)[0m
[33m[2020-05-28 06:51:14][0m [36;1m[192.65ms][0m SELECT * FROM b2b_live a  WHERE (a.live_seq = '40197abb-3697-3fce-503b-0688ef074286') 
[36;31m[1 rows affected or returned ][0m 
2020/05/28 06:52 [35m(/home/teamgrit/Projects/mcs/mvc/dao/janus_dao.go:65)[0m
[33m[2020-05-28 06:52:51][0m [36;1m[63.76ms][0m SELECT * FROM b2b_live a  WHERE (a.live_seq = '40197abb-3697-3fce-503b-0688ef074286') 
[36;31m[1 rows affected or returned ][0m 
2020/05/28 06:52 [35m(/home/teamgrit/Projects/mcs/mvc/dao/janus_dao.go:95)[0m
[33m[2020-05-28 06:52:51][0m [36;1m[35.30ms][0m SELECT * FROM `b2b_live`  WHERE (live_seq = '40197abb-3697-3fce-503b-0688ef074286') 
[36;31m[1 rows affected or returned ][0m 
2020/05/28 06:52 [35m(/home/teamgrit/Projects/mcs/mvc/dao/janus_dao.go:97)[0m
[33m[2020-05-28 06:52:51][0m [36;1m[1.93ms][0m UPDATE `b2b_live` SET `status` = '9000', `updated_at` = '2020-05-28 06:52:51'  WHERE (live_seq = '40197abb-3697-3fce-503b-0688ef074286') 
[36;31m[1 rows affected or returned ][0m 
2020/05/28 06:52 [35m(/home/teamgrit/Projects/mcs/mvc/dao/janus_dao.go:47)[0m
[33m[2020-05-28 06:52:54][0m [36;1m[41.70ms][0m SELECT * FROM b2b_auth a  WHERE (a.key = 'coshop') 
[36;31m[1 rows affected or returned ][0m 
2020/05/28 06:52 [35m(/home/teamgrit/Projects/mcs/mvc/dao/janus_dao.go:57)[0m
[33m[2020-05-28 06:52:54][0m [36;1m[1.97ms][0m INSERT INTO `b2b_live` (`live_seq`,`service_seq`,`room_name`,`access_point`,`videoroom`,`textroom`,`record`,`description`,`status`,`created_at`,`updated_at`,`callback`) VALUES ('5c4e661a-fe3a-dfe3-b372-79925539f61b',1,'Title','wss://edge.cojam.shop:18002','2810428911388140','2810428911388140',true,'desc','1000','2020-05-28 06:52:54','2020-05-28 06:52:54','http://52.231.204.44:3000/media') 
[36;31m[1 rows affected or returned ][0m 
2020/05/28 06:53 [35m(/home/teamgrit/Projects/mcs/mvc/dao/janus_dao.go:65)[0m
[33m[2020-05-28 06:53:09][0m [36;1m[171.64ms][0m SELECT * FROM b2b_live a  WHERE (a.live_seq = '5c4e661a-fe3a-dfe3-b372-79925539f61b') 
[36;31m[1 rows affected or returned ][0m 
2020/05/28 06:54 [35m(/home/teamgrit/Projects/mcs/mvc/dao/janus_dao.go:65)[0m
[33m[2020-05-28 06:54:28][0m [36;1m[2.65ms][0m SELECT * FROM b2b_live a  WHERE (a.live_seq = '5c4e661a-fe3a-dfe3-b372-79925539f61b') 
[36;31m[1 rows affected or returned ][0m 
2020/05/28 06:54 [35m(/home/teamgrit/Projects/mcs/mvc/dao/janus_dao.go:95)[0m
[33m[2020-05-28 06:54:28][0m [36;1m[1.17ms][0m SELECT * FROM `b2b_live`  WHERE (live_seq = '5c4e661a-fe3a-dfe3-b372-79925539f61b') 
[36;31m[1 rows affected or returned ][0m 
2020/05/28 06:54 [35m(/home/teamgrit/Projects/mcs/mvc/dao/janus_dao.go:97)[0m
[33m[2020-05-28 06:54:28][0m [36;1m[1.75ms][0m UPDATE `b2b_live` SET `status` = '9000', `updated_at` = '2020-05-28 06:54:28'  WHERE (live_seq = '5c4e661a-fe3a-dfe3-b372-79925539f61b') 
[36;31m[1 rows affected or returned ][0m 
2020/05/28 06:54 [35m(/home/teamgrit/Projects/mcs/mvc/dao/janus_dao.go:47)[0m
[33m[2020-05-28 06:54:33][0m [36;1m[0.67ms][0m SELECT * FROM b2b_auth a  WHERE (a.key = 'coshop') 
[36;31m[1 rows affected or returned ][0m 
2020/05/28 06:54 [35m(/home/teamgrit/Projects/mcs/mvc/dao/janus_dao.go:57)[0m
[33m[2020-05-28 06:54:33][0m [36;1m[1.02ms][0m INSERT INTO `b2b_live` (`live_seq`,`service_seq`,`room_name`,`access_point`,`videoroom`,`textroom`,`record`,`description`,`status`,`created_at`,`updated_at`,`callback`) VALUES ('807a5472-490f-aae9-4223-7edc6740362e',1,'Title','wss://edge.cojam.shop:18002','4328692210396692','4328692210396692',true,'desc','1000','2020-05-28 06:54:33','2020-05-28 06:54:33','http://52.231.204.44:3000/media') 
[36;31m[1 rows affected or returned ][0m 
2020/05/28 06:55 [35m(/home/teamgrit/Projects/mcs/mvc/dao/janus_dao.go:65)[0m
[33m[2020-05-28 06:55:05][0m [36;1m[1.25ms][0m SELECT * FROM b2b_live a  WHERE (a.live_seq = '807a5472-490f-aae9-4223-7edc6740362e') 
[36;31m[1 rows affected or returned ][0m 
2020/05/28 06:55 [35m(/home/teamgrit/Projects/mcs/mvc/dao/janus_dao.go:65)[0m
[33m[2020-05-28 06:55:08][0m [36;1m[0.75ms][0m SELECT * FROM b2b_live a  WHERE (a.live_seq = '807a5472-490f-aae9-4223-7edc6740362e') 
[36;31m[1 rows affected or returned ][0m 
2020/05/28 06:55 [35m(/home/teamgrit/Projects/mcs/mvc/dao/janus_dao.go:95)[0m
[33m[2020-05-28 06:55:08][0m [36;1m[0.73ms][0m SELECT * FROM `b2b_live`  WHERE (live_seq = '807a5472-490f-aae9-4223-7edc6740362e') 
[36;31m[1 rows affected or returned ][0m 
2020/05/28 06:55 [35m(/home/teamgrit/Projects/mcs/mvc/dao/janus_dao.go:97)[0m
[33m[2020-05-28 06:55:08][0m [36;1m[0.60ms][0m UPDATE `b2b_live` SET `status` = '9000', `updated_at` = '2020-05-28 06:55:08'  WHERE (live_seq = '807a5472-490f-aae9-4223-7edc6740362e') 
[36;31m[1 rows affected or returned ][0m 
2020/05/28 06:55 [35m(/home/teamgrit/Projects/mcs/mvc/dao/janus_dao.go:47)[0m
[33m[2020-05-28 06:55:13][0m [36;1m[175.22ms][0m SELECT * FROM b2b_auth a  WHERE (a.key = 'coshop') 
[36;31m[1 rows affected or returned ][0m 
2020/05/28 06:55 [35m(/home/teamgrit/Projects/mcs/mvc/dao/janus_dao.go:57)[0m
[33m[2020-05-28 06:55:13][0m [36;1m[47.03ms][0m INSERT INTO `b2b_live` (`live_seq`,`service_seq`,`room_name`,`access_point`,`videoroom`,`textroom`,`record`,`description`,`status`,`created_at`,`updated_at`,`callback`) VALUES ('157d3785-ea33-5968-4982-c62ae5c00e4a',1,'Title','wss://edge.cojam.shop:18002','326151088415472','326151088415472',true,'desc','1000','2020-05-28 06:55:13','2020-05-28 06:55:13','http://52.231.204.44:3000/media') 
[36;31m[1 rows affected or returned ][0m 
2020/05/28 06:56 [35m(/home/teamgrit/Projects/mcs/mvc/dao/janus_dao.go:47)[0m
[33m[2020-05-28 06:56:40][0m [36;1m[80.03ms][0m SELECT * FROM b2b_auth a  WHERE (a.key = 'coshop') 
[36;31m[1 rows affected or returned ][0m 
2020/05/28 06:56 [35m(/home/teamgrit/Projects/mcs/mvc/dao/janus_dao.go:57)[0m
[33m[2020-05-28 06:56:40][0m [36;1m[45.65ms][0m INSERT INTO `b2b_live` (`live_seq`,`service_seq`,`room_name`,`access_point`,`videoroom`,`textroom`,`record`,`description`,`status`,`created_at`,`updated_at`,`callback`) VALUES ('b84cb8d1-8044-f8f6-4c9d-0edaf14007e2',1,'Title','wss://edge.cojam.shop:18002','7039308425542986','7039308425542986',true,'desc','1000','2020-05-28 06:56:40','2020-05-28 06:56:40','http://52.231.204.44:3000/media') 
[36;31m[1 rows affected or returned ][0m 
2020/05/28 06:56 [35m(/home/teamgrit/Projects/mcs/mvc/dao/janus_dao.go:47)[0m
[33m[2020-05-28 06:56:48][0m [36;1m[1.67ms][0m SELECT * FROM b2b_auth a  WHERE (a.key = 'coshop') 
[36;31m[1 rows affected or returned ][0m 
2020/05/28 06:56 [35m(/home/teamgrit/Projects/mcs/mvc/dao/janus_dao.go:57)[0m
[33m[2020-05-28 06:56:48][0m [36;1m[1.46ms][0m INSERT INTO `b2b_live` (`live_seq`,`service_seq`,`room_name`,`access_point`,`videoroom`,`textroom`,`record`,`description`,`status`,`created_at`,`updated_at`,`callback`) VALUES ('839aecdc-7cf7-7e0c-30e8-85e9be964f76',1,'Title','wss://edge.cojam.shop:18002','3452819399052023','3452819399052023',true,'desc','1000','2020-05-28 06:56:48','2020-05-28 06:56:48','http://52.231.204.44:3000/media') 
[36;31m[1 rows affected or returned ][0m 
2020/05/28 06:58 [35m(/home/teamgrit/Projects/mcs/mvc/dao/janus_dao.go:65)[0m
[33m[2020-05-28 06:58:32][0m [36;1m[2.16ms][0m SELECT * FROM b2b_live a  WHERE (a.live_seq = '839aecdc-7cf7-7e0c-30e8-85e9be964f76') 
[36;31m[1 rows affected or returned ][0m 
