2020/06/05 03:38 [35m(/home/teamgrit/Projects/mcs/mvc/dao/janus_dao.go:47)[0m
[33m[2020-06-05 03:38:17][0m [36;1m[18.98ms][0m SELECT * FROM b2b_auth a  WHERE (a.key = 'coshop') 
[36;31m[1 rows affected or returned ][0m 
2020/06/05 03:38 [35m(/home/teamgrit/Projects/mcs/mvc/dao/janus_dao.go:57)[0m
[33m[2020-06-05 03:38:17][0m [36;1m[4.17ms][0m INSERT INTO `b2b_live` (`live_seq`,`service_seq`,`room_name`,`access_point`,`videoroom`,`textroom`,`record`,`description`,`status`,`created_at`,`updated_at`,`callback`) VALUES ('2399534a-a555-6c52-324e-05852c39f063',1,'Title','wss://dev-edge.cojam.shop:18001','1854548943152169','1854548943152169',true,'desc','1000','2020-06-05 03:38:17','2020-06-05 03:38:17','https://dev-api.cojam.shop/media') 
[36;31m[1 rows affected or returned ][0m 
2020/06/05 03:38 [35m(/home/teamgrit/Projects/mcs/mvc/dao/janus_dao.go:65)[0m
[33m[2020-06-05 03:38:28][0m [36;1m[0.86ms][0m SELECT * FROM b2b_live a  WHERE (a.live_seq = '2399534a-a555-6c52-324e-05852c39f063') 
[36;31m[1 rows affected or returned ][0m 
2020/06/05 03:39 [35m(/home/teamgrit/Projects/mcs/mvc/dao/janus_dao.go:65)[0m
[33m[2020-06-05 03:39:28][0m [36;1m[0.80ms][0m SELECT * FROM b2b_live a  WHERE (a.live_seq = '2399534a-a555-6c52-324e-05852c39f063') 
[36;31m[1 rows affected or returned ][0m 
2020/06/05 03:39 [35m(/home/teamgrit/Projects/mcs/mvc/dao/janus_dao.go:65)[0m
[33m[2020-06-05 03:39:34][0m [36;1m[0.63ms][0m SELECT * FROM b2b_live a  WHERE (a.live_seq = '2399534a-a555-6c52-324e-05852c39f063') 
[36;31m[1 rows affected or returned ][0m 
2020/06/05 03:39 [35m(/home/teamgrit/Projects/mcs/mvc/dao/janus_dao.go:95)[0m
[33m[2020-06-05 03:39:34][0m [36;1m[0.92ms][0m SELECT * FROM `b2b_live`  WHERE (live_seq = '2399534a-a555-6c52-324e-05852c39f063') 
[36;31m[1 rows affected or returned ][0m 
2020/06/05 03:39 [35m(/home/teamgrit/Projects/mcs/mvc/dao/janus_dao.go:97)[0m
[33m[2020-06-05 03:39:34][0m [36;1m[8.31ms][0m UPDATE `b2b_live` SET `status` = '9000', `updated_at` = '2020-06-05 03:39:34'  WHERE (live_seq = '2399534a-a555-6c52-324e-05852c39f063') 
[36;31m[1 rows affected or returned ][0m 
[ERRO] 2020/06/05 03:42 RequestID: , C : JanusController::GetMessage() - destroy video room : Get http://10.0.0.4:19200/textroom/18002/_search?sort=indexed_at:asc&_source_includes=room,text,from,date,indexed_at&q=room:2428122744340312: dial tcp 10.0.0.4:19200: connect: connection refused
[ERRO] 2020/06/05 03:42 [RDB Transaction] RequestID: , RDB_TX Rollback()
[ERRO] 2020/06/05 03:42 RequestID: , C : JanusController::GetMessage() - destroy video room : Get http://10.0.0.4:19200/textroom/18002/_search?sort=indexed_at:asc&_source_includes=room,text,from,date,indexed_at&q=room:2428122744340312: dial tcp 10.0.0.4:19200: connect: connection refused
[ERRO] 2020/06/05 03:42 [RDB Transaction] RequestID: , RDB_TX Rollback()
