2020/06/11 06:22 [35m(/home/teamgrit/Projects/mcs/mvc/dao/janus_dao.go:47)[0m
[33m[2020-06-11 06:22:23][0m [36;1m[0.60ms][0m SELECT * FROM b2b_auth a  WHERE (a.key = 'coshop') 
[36;31m[1 rows affected or returned ][0m 
2020/06/11 06:22 [35m(/home/teamgrit/Projects/mcs/mvc/dao/janus_dao.go:57)[0m
[33m[2020-06-11 06:22:23][0m [36;1m[0.66ms][0m INSERT INTO `b2b_live` (`live_seq`,`service_seq`,`room_name`,`access_point`,`videoroom`,`textroom`,`record`,`description`,`status`,`created_at`,`updated_at`,`callback`) VALUES ('eb268181-9da4-4882-45bc-f187aca5cf6b',1,'Title','wss://dev-edge.cojam.shop:18002','5335183987993288','5335183987993288',true,'desc','1000','2020-06-11 06:22:23','2020-06-11 06:22:23','https://dev-api.cojam.shop/media') 
[36;31m[1 rows affected or returned ][0m 
2020/06/11 06:22 [35m(/home/teamgrit/Projects/mcs/mvc/dao/janus_dao.go:65)[0m
[33m[2020-06-11 06:22:34][0m [36;1m[1.06ms][0m SELECT * FROM b2b_live a  WHERE (a.live_seq = 'eb268181-9da4-4882-45bc-f187aca5cf6b') 
[36;31m[1 rows affected or returned ][0m 
2020/06/11 06:23 [35m(/home/teamgrit/Projects/mcs/mvc/dao/janus_dao.go:65)[0m
[33m[2020-06-11 06:23:37][0m [36;1m[0.66ms][0m SELECT * FROM b2b_live a  WHERE (a.live_seq = 'eb268181-9da4-4882-45bc-f187aca5cf6b') 
[36;31m[1 rows affected or returned ][0m 
2020/06/11 06:23 [35m(/home/teamgrit/Projects/mcs/mvc/dao/janus_dao.go:95)[0m
[33m[2020-06-11 06:23:37][0m [36;1m[0.76ms][0m SELECT * FROM `b2b_live`  WHERE (live_seq = 'eb268181-9da4-4882-45bc-f187aca5cf6b') 
[36;31m[1 rows affected or returned ][0m 
2020/06/11 06:23 [35m(/home/teamgrit/Projects/mcs/mvc/dao/janus_dao.go:97)[0m
[33m[2020-06-11 06:23:37][0m [36;1m[0.67ms][0m UPDATE `b2b_live` SET `status` = '9000', `updated_at` = '2020-06-11 06:23:37'  WHERE (live_seq = 'eb268181-9da4-4882-45bc-f187aca5cf6b') 
[36;31m[1 rows affected or returned ][0m 
2020/06/11 06:26 [35m(/home/teamgrit/Projects/mcs/mvc/dao/janus_dao.go:47)[0m
[33m[2020-06-11 06:26:51][0m [36;1m[0.83ms][0m SELECT * FROM b2b_auth a  WHERE (a.key = 'coshop') 
[36;31m[1 rows affected or returned ][0m 
2020/06/11 06:26 [35m(/home/teamgrit/Projects/mcs/mvc/dao/janus_dao.go:57)[0m
[33m[2020-06-11 06:26:51][0m [36;1m[0.82ms][0m INSERT INTO `b2b_live` (`live_seq`,`service_seq`,`room_name`,`access_point`,`videoroom`,`textroom`,`record`,`description`,`status`,`created_at`,`updated_at`,`callback`) VALUES ('929a41dd-c72e-0949-9e71-f0e0c2f4d5b8',1,'Title','wss://dev-edge.cojam.shop:18001','7618325699578035','7618325699578035',true,'desc','1000','2020-06-11 06:26:51','2020-06-11 06:26:51','https://dev-api.cojam.shop/media') 
[36;31m[1 rows affected or returned ][0m 
2020/06/11 06:27 [35m(/home/teamgrit/Projects/mcs/mvc/dao/janus_dao.go:65)[0m
[33m[2020-06-11 06:27:33][0m [36;1m[0.97ms][0m SELECT * FROM b2b_live a  WHERE (a.live_seq = '929a41dd-c72e-0949-9e71-f0e0c2f4d5b8') 
[36;31m[1 rows affected or returned ][0m 
2020/06/11 06:29 [35m(/home/teamgrit/Projects/mcs/mvc/dao/janus_dao.go:65)[0m
[33m[2020-06-11 06:29:39][0m [36;1m[0.88ms][0m SELECT * FROM b2b_live a  WHERE (a.live_seq = '929a41dd-c72e-0949-9e71-f0e0c2f4d5b8') 
[36;31m[1 rows affected or returned ][0m 
2020/06/11 06:30 [35m(/home/teamgrit/Projects/mcs/mvc/dao/janus_dao.go:65)[0m
[33m[2020-06-11 06:30:00][0m [36;1m[0.80ms][0m SELECT * FROM b2b_live a  WHERE (a.live_seq = '929a41dd-c72e-0949-9e71-f0e0c2f4d5b8') 
[36;31m[1 rows affected or returned ][0m 
