2020/05/27 06:07 [35m(/home/teamgrit/Projects/mcs/mvc/dao/janus_dao.go:65)[0m
[33m[2020-05-27 06:07:45][0m [36;1m[0.97ms][0m SELECT * FROM b2b_live a  WHERE (a.live_seq = '59e5638e-3bb1-a54d-c501-c96f80876c2d') 
[36;31m[1 rows affected or returned ][0m 
2020/05/27 06:07 [35m(/home/teamgrit/Projects/mcs/mvc/dao/janus_dao.go:47)[0m
[33m[2020-05-27 06:07:56][0m [36;1m[0.74ms][0m SELECT * FROM b2b_auth a  WHERE (a.key = 'coshop') 
[36;31m[1 rows affected or returned ][0m 
2020/05/27 06:07 [35m(/home/teamgrit/Projects/mcs/mvc/dao/janus_dao.go:57)[0m
[33m[2020-05-27 06:07:56][0m [36;1m[2.22ms][0m INSERT INTO `b2b_live` (`live_seq`,`service_seq`,`room_name`,`access_point`,`videoroom`,`textroom`,`record`,`description`,`status`,`created_at`,`updated_at`,`callback`) VALUES ('13fb4ec8-78ba-0657-dd87-47b4f7eeebdf',1,'Title','wss://edge.cojam.shop:18001','5360222780036430','5360222780036430',true,'desc','1000','2020-05-27 06:07:56','2020-05-27 06:07:56','http://52.231.204.44:3000/media') 
[36;31m[1 rows affected or returned ][0m 
2020/05/27 06:09 [35m(/home/teamgrit/Projects/mcs/mvc/dao/janus_dao.go:65)[0m
[33m[2020-05-27 06:09:51][0m [36;1m[0.85ms][0m SELECT * FROM b2b_live a  WHERE (a.live_seq = '13fb4ec8-78ba-0657-dd87-47b4f7eeebdf') 
[36;31m[1 rows affected or returned ][0m 
2020/05/27 06:09 [35m(/home/teamgrit/Projects/mcs/mvc/dao/janus_dao.go:95)[0m
[33m[2020-05-27 06:09:51][0m [36;1m[0.92ms][0m SELECT * FROM `b2b_live`  WHERE (live_seq = '13fb4ec8-78ba-0657-dd87-47b4f7eeebdf') 
[36;31m[1 rows affected or returned ][0m 
2020/05/27 06:09 [35m(/home/teamgrit/Projects/mcs/mvc/dao/janus_dao.go:97)[0m
[33m[2020-05-27 06:09:51][0m [36;1m[2.06ms][0m UPDATE `b2b_live` SET `status` = '9000', `updated_at` = '2020-05-27 06:09:51'  WHERE (live_seq = '13fb4ec8-78ba-0657-dd87-47b4f7eeebdf') 
[36;31m[1 rows affected or returned ][0m 
2020/05/27 06:15 [35m(/home/teamgrit/Projects/mcs/mvc/dao/janus_dao.go:65)[0m
[33m[2020-05-27 06:15:52][0m [36;1m[46.72ms][0m SELECT * FROM b2b_live a  WHERE (a.live_seq = 'bcddec95-1223-be00-7031-165345bf1555') 
[36;31m[1 rows affected or returned ][0m 
2020/05/27 06:33 [35m(/home/teamgrit/Projects/mcs/mvc/dao/janus_dao.go:65)[0m
[33m[2020-05-27 06:33:33][0m [36;1m[50.58ms][0m SELECT * FROM b2b_live a  WHERE (a.live_seq = '1d9ed571-afac-4afc-8e95-1abd28a36f75') 
[36;31m[1 rows affected or returned ][0m 
2020/05/27 06:34 [35m(/home/teamgrit/Projects/mcs/mvc/dao/janus_dao.go:65)[0m
[33m[2020-05-27 06:34:33][0m [36;1m[1.07ms][0m SELECT * FROM b2b_live a  WHERE (a.live_seq = '13fb4ec8-78ba-0657-dd87-47b4f7eeebdf') 
[36;31m[1 rows affected or returned ][0m 
2020/05/27 06:35 [35m(/home/teamgrit/Projects/mcs/mvc/dao/janus_dao.go:47)[0m
[33m[2020-05-27 06:35:03][0m [36;1m[0.75ms][0m SELECT * FROM b2b_auth a  WHERE (a.key = 'coshop') 
[36;31m[1 rows affected or returned ][0m 
2020/05/27 06:35 [35m(/home/teamgrit/Projects/mcs/mvc/dao/janus_dao.go:57)[0m
[33m[2020-05-27 06:35:03][0m [36;1m[2.10ms][0m INSERT INTO `b2b_live` (`live_seq`,`service_seq`,`room_name`,`access_point`,`videoroom`,`textroom`,`record`,`description`,`status`,`created_at`,`updated_at`,`callback`) VALUES ('94e38bf3-1672-1a5a-737a-c4687a32eb8d',1,'Title','wss://edge.cojam.shop:18001','8302788783377818','8302788783377818',true,'desc','1000','2020-05-27 06:35:03','2020-05-27 06:35:03','http://52.231.204.44:3000/media') 
[36;31m[1 rows affected or returned ][0m 
2020/05/27 06:35 [35m(/home/teamgrit/Projects/mcs/mvc/dao/janus_dao.go:65)[0m
[33m[2020-05-27 06:35:31][0m [36;1m[0.89ms][0m SELECT * FROM b2b_live a  WHERE (a.live_seq = '94e38bf3-1672-1a5a-737a-c4687a32eb8d') 
[36;31m[1 rows affected or returned ][0m 
2020/05/27 06:37 [35m(/home/teamgrit/Projects/mcs/mvc/dao/janus_dao.go:65)[0m
[33m[2020-05-27 06:37:02][0m [36;1m[0.68ms][0m SELECT * FROM b2b_live a  WHERE (a.live_seq = '94e38bf3-1672-1a5a-737a-c4687a32eb8d') 
[36;31m[1 rows affected or returned ][0m 
2020/05/27 06:37 [35m(/home/teamgrit/Projects/mcs/mvc/dao/janus_dao.go:95)[0m
[33m[2020-05-27 06:37:02][0m [36;1m[0.84ms][0m SELECT * FROM `b2b_live`  WHERE (live_seq = '94e38bf3-1672-1a5a-737a-c4687a32eb8d') 
[36;31m[1 rows affected or returned ][0m 
2020/05/27 06:37 [35m(/home/teamgrit/Projects/mcs/mvc/dao/janus_dao.go:97)[0m
[33m[2020-05-27 06:37:02][0m [36;1m[2.51ms][0m UPDATE `b2b_live` SET `status` = '9000', `updated_at` = '2020-05-27 06:37:02'  WHERE (live_seq = '94e38bf3-1672-1a5a-737a-c4687a32eb8d') 
[36;31m[1 rows affected or returned ][0m 
2020/05/27 06:37 [35m(/home/teamgrit/Projects/mcs/mvc/dao/janus_dao.go:65)[0m
[33m[2020-05-27 06:37:04][0m [36;1m[0.93ms][0m SELECT * FROM b2b_live a  WHERE (a.live_seq = '94e38bf3-1672-1a5a-737a-c4687a32eb8d') 
[36;31m[1 rows affected or returned ][0m 
2020/05/27 06:46 [35m(/home/teamgrit/Projects/mcs/mvc/dao/janus_dao.go:65)[0m
[33m[2020-05-27 06:46:01][0m [36;1m[3.15ms][0m SELECT * FROM b2b_live a  WHERE (a.live_seq = '94e38bf3-1672-1a5a-737a-c4687a32eb8d') 
[36;31m[1 rows affected or returned ][0m 
2020/05/27 06:46 [35m(/home/teamgrit/Projects/mcs/mvc/dao/janus_dao.go:47)[0m
[33m[2020-05-27 06:46:09][0m [36;1m[0.78ms][0m SELECT * FROM b2b_auth a  WHERE (a.key = 'coshop') 
[36;31m[1 rows affected or returned ][0m 
2020/05/27 06:46 [35m(/home/teamgrit/Projects/mcs/mvc/dao/janus_dao.go:57)[0m
[33m[2020-05-27 06:46:09][0m [36;1m[1.52ms][0m INSERT INTO `b2b_live` (`live_seq`,`service_seq`,`room_name`,`access_point`,`videoroom`,`textroom`,`record`,`description`,`status`,`created_at`,`updated_at`,`callback`) VALUES ('47d15da3-cbaa-c857-281f-64c841e7c40a',1,'Title','wss://edge.cojam.shop:18002','7532508880588281','7532508880588281',true,'desc','1000','2020-05-27 06:46:09','2020-05-27 06:46:09','http://52.231.204.44:3000/media') 
[36;31m[1 rows affected or returned ][0m 
2020/05/27 06:46 [35m(/home/teamgrit/Projects/mcs/mvc/dao/janus_dao.go:65)[0m
[33m[2020-05-27 06:46:26][0m [36;1m[1.55ms][0m SELECT * FROM b2b_live a  WHERE (a.live_seq = '47d15da3-cbaa-c857-281f-64c841e7c40a') 
[36;31m[1 rows affected or returned ][0m 
2020/05/27 06:46 [35m(/home/teamgrit/Projects/mcs/mvc/dao/janus_dao.go:65)[0m
[33m[2020-05-27 06:46:33][0m [36;1m[0.72ms][0m SELECT * FROM b2b_live a  WHERE (a.live_seq = '47d15da3-cbaa-c857-281f-64c841e7c40a') 
[36;31m[1 rows affected or returned ][0m 
2020/05/27 06:46 [35m(/home/teamgrit/Projects/mcs/mvc/dao/janus_dao.go:47)[0m
[33m[2020-05-27 06:46:39][0m [36;1m[0.78ms][0m SELECT * FROM b2b_auth a  WHERE (a.key = 'coshop') 
[36;31m[1 rows affected or returned ][0m 
2020/05/27 06:46 [35m(/home/teamgrit/Projects/mcs/mvc/dao/janus_dao.go:57)[0m
[33m[2020-05-27 06:46:39][0m [36;1m[0.63ms][0m INSERT INTO `b2b_live` (`live_seq`,`service_seq`,`room_name`,`access_point`,`videoroom`,`textroom`,`record`,`description`,`status`,`created_at`,`updated_at`,`callback`) VALUES ('332ae42a-3501-926d-6638-c37ac93ea5ec',1,'Title','wss://edge.cojam.shop:18002','86091964485871','86091964485871',true,'desc','1000','2020-05-27 06:46:39','2020-05-27 06:46:39','http://52.231.204.44:3000/media') 
[36;31m[1 rows affected or returned ][0m 
2020/05/27 06:46 [35m(/home/teamgrit/Projects/mcs/mvc/dao/janus_dao.go:65)[0m
[33m[2020-05-27 06:46:53][0m [36;1m[0.88ms][0m SELECT * FROM b2b_live a  WHERE (a.live_seq = '332ae42a-3501-926d-6638-c37ac93ea5ec') 
[36;31m[1 rows affected or returned ][0m 
2020/05/27 06:47 [35m(/home/teamgrit/Projects/mcs/mvc/dao/janus_dao.go:65)[0m
[33m[2020-05-27 06:47:20][0m [36;1m[0.89ms][0m SELECT * FROM b2b_live a  WHERE (a.live_seq = '332ae42a-3501-926d-6638-c37ac93ea5ec') 
[36;31m[1 rows affected or returned ][0m 
2020/05/27 06:52 [35m(/home/teamgrit/Projects/mcs/mvc/dao/janus_dao.go:65)[0m
[33m[2020-05-27 06:52:52][0m [36;1m[0.93ms][0m SELECT * FROM b2b_live a  WHERE (a.live_seq = '1d9ed571-afac-4afc-8e95-1abd28a36f75') 
[36;31m[1 rows affected or returned ][0m 
2020/05/27 06:52 [35m(/home/teamgrit/Projects/mcs/mvc/dao/janus_dao.go:47)[0m
[33m[2020-05-27 06:52:59][0m [36;1m[0.72ms][0m SELECT * FROM b2b_auth a  WHERE (a.key = 'coshop') 
[36;31m[1 rows affected or returned ][0m 
2020/05/27 06:52 [35m(/home/teamgrit/Projects/mcs/mvc/dao/janus_dao.go:57)[0m
[33m[2020-05-27 06:52:59][0m [36;1m[0.67ms][0m INSERT INTO `b2b_live` (`live_seq`,`service_seq`,`room_name`,`access_point`,`videoroom`,`textroom`,`record`,`description`,`status`,`created_at`,`updated_at`,`callback`) VALUES ('691b92dd-ef2e-9323-2d35-f86a9508f5cd',1,'Title','wss://edge.cojam.shop:18001','4245172516918296','4245172516918296',true,'desc','1000','2020-05-27 06:52:59','2020-05-27 06:52:59','http://52.231.204.44:3000/media') 
[36;31m[1 rows affected or returned ][0m 
2020/05/27 06:53 [35m(/home/teamgrit/Projects/mcs/mvc/dao/janus_dao.go:65)[0m
[33m[2020-05-27 06:53:55][0m [36;1m[0.94ms][0m SELECT * FROM b2b_live a  WHERE (a.live_seq = '691b92dd-ef2e-9323-2d35-f86a9508f5cd') 
[36;31m[1 rows affected or returned ][0m 
2020/05/27 06:54 [35m(/home/teamgrit/Projects/mcs/mvc/dao/janus_dao.go:65)[0m
[33m[2020-05-27 06:54:17][0m [36;1m[0.68ms][0m SELECT * FROM b2b_live a  WHERE (a.live_seq = '691b92dd-ef2e-9323-2d35-f86a9508f5cd') 
[36;31m[1 rows affected or returned ][0m 
2020/05/27 06:54 [35m(/home/teamgrit/Projects/mcs/mvc/dao/janus_dao.go:95)[0m
[33m[2020-05-27 06:54:17][0m [36;1m[0.92ms][0m SELECT * FROM `b2b_live`  WHERE (live_seq = '691b92dd-ef2e-9323-2d35-f86a9508f5cd') 
[36;31m[1 rows affected or returned ][0m 
2020/05/27 06:54 [35m(/home/teamgrit/Projects/mcs/mvc/dao/janus_dao.go:97)[0m
[33m[2020-05-27 06:54:17][0m [36;1m[0.64ms][0m UPDATE `b2b_live` SET `status` = '9000', `updated_at` = '2020-05-27 06:54:17'  WHERE (live_seq = '691b92dd-ef2e-9323-2d35-f86a9508f5cd') 
[36;31m[1 rows affected or returned ][0m 
2020/05/27 06:54 [35m(/home/teamgrit/Projects/mcs/mvc/dao/janus_dao.go:65)[0m
[33m[2020-05-27 06:54:28][0m [36;1m[38.54ms][0m SELECT * FROM b2b_live a  WHERE (a.live_seq = '691b92dd-ef2e-9323-2d35-f86a9508f5cd') 
[36;31m[1 rows affected or returned ][0m 
2020/05/27 06:54 [35m(/home/teamgrit/Projects/mcs/mvc/dao/janus_dao.go:95)[0m
[33m[2020-05-27 06:54:28][0m [36;1m[9.56ms][0m SELECT * FROM `b2b_live`  WHERE (live_seq = '691b92dd-ef2e-9323-2d35-f86a9508f5cd') 
[36;31m[1 rows affected or returned ][0m 
2020/05/27 06:54 [35m(/home/teamgrit/Projects/mcs/mvc/dao/janus_dao.go:97)[0m
[33m[2020-05-27 06:54:28][0m [36;1m[20.79ms][0m UPDATE `b2b_live` SET `status` = '9000', `updated_at` = '2020-05-27 06:54:28'  WHERE (live_seq = '691b92dd-ef2e-9323-2d35-f86a9508f5cd') 
[36;31m[1 rows affected or returned ][0m 
2020/05/27 06:55 [35m(/home/teamgrit/Projects/mcs/mvc/dao/janus_dao.go:47)[0m
[33m[2020-05-27 06:55:08][0m [36;1m[1.59ms][0m SELECT * FROM b2b_auth a  WHERE (a.key = 'coshop') 
[36;31m[1 rows affected or returned ][0m 
2020/05/27 06:55 [35m(/home/teamgrit/Projects/mcs/mvc/dao/janus_dao.go:57)[0m
[33m[2020-05-27 06:55:08][0m [36;1m[2.97ms][0m INSERT INTO `b2b_live` (`live_seq`,`service_seq`,`room_name`,`access_point`,`videoroom`,`textroom`,`record`,`description`,`status`,`created_at`,`updated_at`,`callback`) VALUES ('da2632b9-45b1-4ed0-30d9-693f4505030f',1,'Title','wss://edge.cojam.shop:18002','1845050606663936','1845050606663936',true,'desc','1000','2020-05-27 06:55:08','2020-05-27 06:55:08','http://52.231.204.44:3000/media') 
[36;31m[1 rows affected or returned ][0m 
2020/05/27 06:55 [35m(/home/teamgrit/Projects/mcs/mvc/dao/janus_dao.go:47)[0m
[33m[2020-05-27 06:55:20][0m [36;1m[0.73ms][0m SELECT * FROM b2b_auth a  WHERE (a.key = 'coshop') 
[36;31m[1 rows affected or returned ][0m 
2020/05/27 06:55 [35m(/home/teamgrit/Projects/mcs/mvc/dao/janus_dao.go:57)[0m
[33m[2020-05-27 06:55:20][0m [36;1m[0.72ms][0m INSERT INTO `b2b_live` (`live_seq`,`service_seq`,`room_name`,`access_point`,`videoroom`,`textroom`,`record`,`description`,`status`,`created_at`,`updated_at`,`callback`) VALUES ('dedc0d32-5741-c094-2c8d-3875ddcafd6f',1,'Title','wss://edge.cojam.shop:18002','3544484910645953','3544484910645953',true,'desc','1000','2020-05-27 06:55:20','2020-05-27 06:55:20','http://52.231.204.44:3000/media') 
[36;31m[1 rows affected or returned ][0m 
2020/05/27 06:55 [35m(/home/teamgrit/Projects/mcs/mvc/dao/janus_dao.go:47)[0m
[33m[2020-05-27 06:55:31][0m [36;1m[1.14ms][0m SELECT * FROM b2b_auth a  WHERE (a.key = 'coshop') 
[36;31m[1 rows affected or returned ][0m 
2020/05/27 06:55 [35m(/home/teamgrit/Projects/mcs/mvc/dao/janus_dao.go:57)[0m
[33m[2020-05-27 06:55:31][0m [36;1m[0.62ms][0m INSERT INTO `b2b_live` (`live_seq`,`service_seq`,`room_name`,`access_point`,`videoroom`,`textroom`,`record`,`description`,`status`,`created_at`,`updated_at`,`callback`) VALUES ('59a531f1-dc33-6287-e1cc-e933dda33749',1,'Title','wss://edge.cojam.shop:18001','727306463748834','727306463748834',true,'desc','1000','2020-05-27 06:55:31','2020-05-27 06:55:31','http://52.231.204.44:3000/media') 
[36;31m[1 rows affected or returned ][0m 
2020/05/27 06:56 [35m(/home/teamgrit/Projects/mcs/mvc/dao/janus_dao.go:65)[0m
[33m[2020-05-27 06:56:31][0m [36;1m[1.04ms][0m SELECT * FROM b2b_live a  WHERE (a.live_seq = '59a531f1-dc33-6287-e1cc-e933dda33749') 
[36;31m[1 rows affected or returned ][0m 
2020/05/27 06:56 [35m(/home/teamgrit/Projects/mcs/mvc/dao/janus_dao.go:95)[0m
[33m[2020-05-27 06:56:31][0m [36;1m[0.89ms][0m SELECT * FROM `b2b_live`  WHERE (live_seq = '59a531f1-dc33-6287-e1cc-e933dda33749') 
[36;31m[1 rows affected or returned ][0m 
2020/05/27 06:56 [35m(/home/teamgrit/Projects/mcs/mvc/dao/janus_dao.go:97)[0m
[33m[2020-05-27 06:56:31][0m [36;1m[0.71ms][0m UPDATE `b2b_live` SET `status` = '9000', `updated_at` = '2020-05-27 06:56:31'  WHERE (live_seq = '59a531f1-dc33-6287-e1cc-e933dda33749') 
[36;31m[1 rows affected or returned ][0m 
2020/05/27 06:57 [35m(/home/teamgrit/Projects/mcs/mvc/dao/janus_dao.go:65)[0m
[33m[2020-05-27 06:57:23][0m [36;1m[22.57ms][0m SELECT * FROM b2b_live a  WHERE (a.live_seq = '59a531f1-dc33-6287-e1cc-e933dda33749') 
[36;31m[1 rows affected or returned ][0m 
2020/05/27 06:57 [35m(/home/teamgrit/Projects/mcs/mvc/dao/janus_dao.go:95)[0m
[33m[2020-05-27 06:57:23][0m [36;1m[0.81ms][0m SELECT * FROM `b2b_live`  WHERE (live_seq = '59a531f1-dc33-6287-e1cc-e933dda33749') 
[36;31m[1 rows affected or returned ][0m 
2020/05/27 06:57 [35m(/home/teamgrit/Projects/mcs/mvc/dao/janus_dao.go:97)[0m
[33m[2020-05-27 06:57:23][0m [36;1m[30.16ms][0m UPDATE `b2b_live` SET `status` = '9000', `updated_at` = '2020-05-27 06:57:23'  WHERE (live_seq = '59a531f1-dc33-6287-e1cc-e933dda33749') 
[36;31m[1 rows affected or returned ][0m 
2020/05/27 06:58 [35m(/home/teamgrit/Projects/mcs/mvc/dao/janus_dao.go:47)[0m
[33m[2020-05-27 06:58:09][0m [36;1m[36.55ms][0m SELECT * FROM b2b_auth a  WHERE (a.key = 'coshop') 
[36;31m[1 rows affected or returned ][0m 
2020/05/27 06:58 [35m(/home/teamgrit/Projects/mcs/mvc/dao/janus_dao.go:57)[0m
[33m[2020-05-27 06:58:09][0m [36;1m[2.75ms][0m INSERT INTO `b2b_live` (`live_seq`,`service_seq`,`room_name`,`access_point`,`videoroom`,`textroom`,`record`,`description`,`status`,`created_at`,`updated_at`,`callback`) VALUES ('34235bcf-6488-a242-3b84-82b0628f047f',1,'Title','wss://edge.cojam.shop:18001','3352948198002951','3352948198002951',true,'desc','1000','2020-05-27 06:58:09','2020-05-27 06:58:09','http://52.231.204.44:3000/media') 
[36;31m[1 rows affected or returned ][0m 
2020/05/27 06:58 [35m(/home/teamgrit/Projects/mcs/mvc/dao/janus_dao.go:65)[0m
[33m[2020-05-27 06:58:22][0m [36;1m[1.72ms][0m SELECT * FROM b2b_live a  WHERE (a.live_seq = '34235bcf-6488-a242-3b84-82b0628f047f') 
[36;31m[1 rows affected or returned ][0m 
2020/05/27 06:58 [35m(/home/teamgrit/Projects/mcs/mvc/dao/janus_dao.go:65)[0m
[33m[2020-05-27 06:58:24][0m [36;1m[0.72ms][0m SELECT * FROM b2b_live a  WHERE (a.live_seq = '34235bcf-6488-a242-3b84-82b0628f047f') 
[36;31m[1 rows affected or returned ][0m 
2020/05/27 06:58 [35m(/home/teamgrit/Projects/mcs/mvc/dao/janus_dao.go:65)[0m
[33m[2020-05-27 06:58:28][0m [36;1m[0.72ms][0m SELECT * FROM b2b_live a  WHERE (a.live_seq = '34235bcf-6488-a242-3b84-82b0628f047f') 
[36;31m[1 rows affected or returned ][0m 
2020/05/27 06:58 [35m(/home/teamgrit/Projects/mcs/mvc/dao/janus_dao.go:65)[0m
[33m[2020-05-27 06:58:30][0m [36;1m[0.74ms][0m SELECT * FROM b2b_live a  WHERE (a.live_seq = '34235bcf-6488-a242-3b84-82b0628f047f') 
[36;31m[1 rows affected or returned ][0m 
