2020/05/27 03:02 [35m(/home/teamgrit/Projects/mcs/mvc/dao/janus_dao.go:65)[0m
[33m[2020-05-27 03:02:38][0m [36;1m[0.75ms][0m SELECT * FROM b2b_live a  WHERE (a.live_seq = '2db184af-b8d8-025c-53f0-7736e58f025b') 
[36;31m[1 rows affected or returned ][0m 
2020/05/27 03:02 [35m(/home/teamgrit/Projects/mcs/mvc/dao/janus_dao.go:65)[0m
[33m[2020-05-27 03:02:42][0m [36;1m[0.75ms][0m SELECT * FROM b2b_live a  WHERE (a.live_seq = '79fb4d77-f2ae-9082-1d6e-755098eb3cfc') 
[36;31m[1 rows affected or returned ][0m 
2020/05/27 03:03 [35m(/home/teamgrit/Projects/mcs/mvc/dao/janus_dao.go:65)[0m
[33m[2020-05-27 03:03:43][0m [36;1m[0.82ms][0m SELECT * FROM b2b_live a  WHERE (a.live_seq = '79fb4d77-f2ae-9082-1d6e-755098eb3cfc') 
[36;31m[1 rows affected or returned ][0m 
2020/05/27 03:04 [35m(/home/teamgrit/Projects/mcs/mvc/dao/janus_dao.go:65)[0m
[33m[2020-05-27 03:04:07][0m [36;1m[0.96ms][0m SELECT * FROM b2b_live a  WHERE (a.live_seq = 'f0c48506-9177-c6e6-fefc-04ed999ed014') 
[36;31m[1 rows affected or returned ][0m 
2020/05/27 03:04 [35m(/home/teamgrit/Projects/mcs/mvc/dao/janus_dao.go:95)[0m
[33m[2020-05-27 03:04:07][0m [36;1m[0.88ms][0m SELECT * FROM `b2b_live`  WHERE (live_seq = 'f0c48506-9177-c6e6-fefc-04ed999ed014') 
[36;31m[1 rows affected or returned ][0m 
2020/05/27 03:04 [35m(/home/teamgrit/Projects/mcs/mvc/dao/janus_dao.go:97)[0m
[33m[2020-05-27 03:04:07][0m [36;1m[0.64ms][0m UPDATE `b2b_live` SET `status` = '9000', `updated_at` = '2020-05-27 03:04:07'  WHERE (live_seq = 'f0c48506-9177-c6e6-fefc-04ed999ed014') 
[36;31m[1 rows affected or returned ][0m 
2020/05/27 03:05 [35m(/home/teamgrit/Projects/mcs/mvc/dao/janus_dao.go:65)[0m
[33m[2020-05-27 03:05:22][0m [36;1m[0.86ms][0m SELECT * FROM b2b_live a  WHERE (a.live_seq = '2db184af-b8d8-025c-53f0-7736e58f025b') 
[36;31m[1 rows affected or returned ][0m 
2020/05/27 03:05 [35m(/home/teamgrit/Projects/mcs/mvc/dao/janus_dao.go:65)[0m
[33m[2020-05-27 03:05:25][0m [36;1m[0.95ms][0m SELECT * FROM b2b_live a  WHERE (a.live_seq = '79fb4d77-f2ae-9082-1d6e-755098eb3cfc') 
[36;31m[1 rows affected or returned ][0m 
2020/05/27 03:09 [35m(/home/teamgrit/Projects/mcs/mvc/dao/janus_dao.go:65)[0m
[33m[2020-05-27 03:09:09][0m [36;1m[0.92ms][0m SELECT * FROM b2b_live a  WHERE (a.live_seq = '2db184af-b8d8-025c-53f0-7736e58f025b') 
[36;31m[1 rows affected or returned ][0m 
2020/05/27 03:09 [35m(/home/teamgrit/Projects/mcs/mvc/dao/janus_dao.go:65)[0m
[33m[2020-05-27 03:09:14][0m [36;1m[0.76ms][0m SELECT * FROM b2b_live a  WHERE (a.live_seq = '79fb4d77-f2ae-9082-1d6e-755098eb3cfc') 
[36;31m[1 rows affected or returned ][0m 
2020/05/27 03:10 [35m(/home/teamgrit/Projects/mcs/mvc/dao/janus_dao.go:65)[0m
[33m[2020-05-27 03:10:47][0m [36;1m[0.83ms][0m SELECT * FROM b2b_live a  WHERE (a.live_seq = '79fb4d77-f2ae-9082-1d6e-755098eb3cfc') 
[36;31m[1 rows affected or returned ][0m 
2020/05/27 03:10 [35m(/home/teamgrit/Projects/mcs/mvc/dao/janus_dao.go:65)[0m
[33m[2020-05-27 03:10:55][0m [36;1m[0.88ms][0m SELECT * FROM b2b_live a  WHERE (a.live_seq = '79fb4d77-f2ae-9082-1d6e-755098eb3cfc') 
[36;31m[1 rows affected or returned ][0m 
2020/05/27 03:11 [35m(/home/teamgrit/Projects/mcs/mvc/dao/janus_dao.go:65)[0m
[33m[2020-05-27 03:11:45][0m [36;1m[0.76ms][0m SELECT * FROM b2b_live a  WHERE (a.live_seq = '79fb4d77-f2ae-9082-1d6e-755098eb3cfc') 
[36;31m[1 rows affected or returned ][0m 
2020/05/27 03:12 [35m(/home/teamgrit/Projects/mcs/mvc/dao/janus_dao.go:65)[0m
[33m[2020-05-27 03:12:02][0m [36;1m[0.80ms][0m SELECT * FROM b2b_live a  WHERE (a.live_seq = '79fb4d77-f2ae-9082-1d6e-755098eb3cfc') 
[36;31m[1 rows affected or returned ][0m 
2020/05/27 03:12 [35m(/home/teamgrit/Projects/mcs/mvc/dao/janus_dao.go:65)[0m
[33m[2020-05-27 03:12:36][0m [36;1m[0.74ms][0m SELECT * FROM b2b_live a  WHERE (a.live_seq = '79fb4d77-f2ae-9082-1d6e-755098eb3cfc') 
[36;31m[1 rows affected or returned ][0m 
2020/05/27 03:12 [35m(/home/teamgrit/Projects/mcs/mvc/dao/janus_dao.go:65)[0m
[33m[2020-05-27 03:12:38][0m [36;1m[0.87ms][0m SELECT * FROM b2b_live a  WHERE (a.live_seq = '79fb4d77-f2ae-9082-1d6e-755098eb3cfc') 
[36;31m[1 rows affected or returned ][0m 
2020/05/27 03:12 [35m(/home/teamgrit/Projects/mcs/mvc/dao/janus_dao.go:65)[0m
[33m[2020-05-27 03:12:45][0m [36;1m[0.79ms][0m SELECT * FROM b2b_live a  WHERE (a.live_seq = '79fb4d77-f2ae-9082-1d6e-755098eb3cfc') 
[36;31m[1 rows affected or returned ][0m 
2020/05/27 03:14 [35m(/home/teamgrit/Projects/mcs/mvc/dao/janus_dao.go:65)[0m
[33m[2020-05-27 03:14:25][0m [36;1m[0.74ms][0m SELECT * FROM b2b_live a  WHERE (a.live_seq = '79fb4d77-f2ae-9082-1d6e-755098eb3cfc') 
[36;31m[1 rows affected or returned ][0m 
2020/05/27 03:14 [35m(/home/teamgrit/Projects/mcs/mvc/dao/janus_dao.go:65)[0m
[33m[2020-05-27 03:14:30][0m [36;1m[0.69ms][0m SELECT * FROM b2b_live a  WHERE (a.live_seq = '79fb4d77-f2ae-9082-1d6e-755098eb3cfc') 
[36;31m[1 rows affected or returned ][0m 
2020/05/27 03:15 [35m(/home/teamgrit/Projects/mcs/mvc/dao/janus_dao.go:65)[0m
[33m[2020-05-27 03:15:07][0m [36;1m[0.84ms][0m SELECT * FROM b2b_live a  WHERE (a.live_seq = '79fb4d77-f2ae-9082-1d6e-755098eb3cfc') 
[36;31m[1 rows affected or returned ][0m 
2020/05/27 03:15 [35m(/home/teamgrit/Projects/mcs/mvc/dao/janus_dao.go:65)[0m
[33m[2020-05-27 03:15:10][0m [36;1m[0.75ms][0m SELECT * FROM b2b_live a  WHERE (a.live_seq = '79fb4d77-f2ae-9082-1d6e-755098eb3cfc') 
[36;31m[1 rows affected or returned ][0m 
2020/05/27 03:15 [35m(/home/teamgrit/Projects/mcs/mvc/dao/janus_dao.go:65)[0m
[33m[2020-05-27 03:15:13][0m [36;1m[0.76ms][0m SELECT * FROM b2b_live a  WHERE (a.live_seq = '79fb4d77-f2ae-9082-1d6e-755098eb3cfc') 
[36;31m[1 rows affected or returned ][0m 
2020/05/27 03:17 [35m(/home/teamgrit/Projects/mcs/mvc/dao/janus_dao.go:65)[0m
[33m[2020-05-27 03:17:23][0m [36;1m[0.79ms][0m SELECT * FROM b2b_live a  WHERE (a.live_seq = '79fb4d77-f2ae-9082-1d6e-755098eb3cfc') 
[36;31m[1 rows affected or returned ][0m 
2020/05/27 03:17 [35m(/home/teamgrit/Projects/mcs/mvc/dao/janus_dao.go:65)[0m
[33m[2020-05-27 03:17:32][0m [36;1m[0.75ms][0m SELECT * FROM b2b_live a  WHERE (a.live_seq = '79fb4d77-f2ae-9082-1d6e-755098eb3cfc') 
[36;31m[1 rows affected or returned ][0m 
2020/05/27 03:17 [35m(/home/teamgrit/Projects/mcs/mvc/dao/janus_dao.go:65)[0m
[33m[2020-05-27 03:17:44][0m [36;1m[0.74ms][0m SELECT * FROM b2b_live a  WHERE (a.live_seq = '79fb4d77-f2ae-9082-1d6e-755098eb3cfc') 
[36;31m[1 rows affected or returned ][0m 
2020/05/27 03:17 [35m(/home/teamgrit/Projects/mcs/mvc/dao/janus_dao.go:65)[0m
[33m[2020-05-27 03:17:47][0m [36;1m[1.85ms][0m SELECT * FROM b2b_live a  WHERE (a.live_seq = '79fb4d77-f2ae-9082-1d6e-755098eb3cfc') 
[36;31m[1 rows affected or returned ][0m 
2020/05/27 03:17 [35m(/home/teamgrit/Projects/mcs/mvc/dao/janus_dao.go:65)[0m
[33m[2020-05-27 03:17:55][0m [36;1m[0.77ms][0m SELECT * FROM b2b_live a  WHERE (a.live_seq = '79fb4d77-f2ae-9082-1d6e-755098eb3cfc') 
[36;31m[1 rows affected or returned ][0m 
2020/05/27 03:18 [35m(/home/teamgrit/Projects/mcs/mvc/dao/janus_dao.go:65)[0m
[33m[2020-05-27 03:18:05][0m [36;1m[0.71ms][0m SELECT * FROM b2b_live a  WHERE (a.live_seq = '79fb4d77-f2ae-9082-1d6e-755098eb3cfc') 
[36;31m[1 rows affected or returned ][0m 
2020/05/27 03:19 [35m(/home/teamgrit/Projects/mcs/mvc/dao/janus_dao.go:65)[0m
[33m[2020-05-27 03:19:15][0m [36;1m[0.74ms][0m SELECT * FROM b2b_live a  WHERE (a.live_seq = '2db184af-b8d8-025c-53f0-7736e58f025b') 
[36;31m[1 rows affected or returned ][0m 
2020/05/27 03:19 [35m(/home/teamgrit/Projects/mcs/mvc/dao/janus_dao.go:65)[0m
[33m[2020-05-27 03:19:17][0m [36;1m[0.84ms][0m SELECT * FROM b2b_live a  WHERE (a.live_seq = '79fb4d77-f2ae-9082-1d6e-755098eb3cfc') 
[36;31m[1 rows affected or returned ][0m 
2020/05/27 03:19 [35m(/home/teamgrit/Projects/mcs/mvc/dao/janus_dao.go:65)[0m
[33m[2020-05-27 03:19:28][0m [36;1m[1.07ms][0m SELECT * FROM b2b_live a  WHERE (a.live_seq = '79fb4d77-f2ae-9082-1d6e-755098eb3cfc') 
[36;31m[1 rows affected or returned ][0m 
2020/05/27 03:19 [35m(/home/teamgrit/Projects/mcs/mvc/dao/janus_dao.go:65)[0m
[33m[2020-05-27 03:19:38][0m [36;1m[0.88ms][0m SELECT * FROM b2b_live a  WHERE (a.live_seq = '79fb4d77-f2ae-9082-1d6e-755098eb3cfc') 
[36;31m[1 rows affected or returned ][0m 
2020/05/27 03:19 [35m(/home/teamgrit/Projects/mcs/mvc/dao/janus_dao.go:65)[0m
[33m[2020-05-27 03:19:41][0m [36;1m[0.76ms][0m SELECT * FROM b2b_live a  WHERE (a.live_seq = '79fb4d77-f2ae-9082-1d6e-755098eb3cfc') 
[36;31m[1 rows affected or returned ][0m 
2020/05/27 03:19 [35m(/home/teamgrit/Projects/mcs/mvc/dao/janus_dao.go:65)[0m
[33m[2020-05-27 03:19:50][0m [36;1m[0.89ms][0m SELECT * FROM b2b_live a  WHERE (a.live_seq = '79fb4d77-f2ae-9082-1d6e-755098eb3cfc') 
[36;31m[1 rows affected or returned ][0m 
2020/05/27 03:20 [35m(/home/teamgrit/Projects/mcs/mvc/dao/janus_dao.go:65)[0m
[33m[2020-05-27 03:20:01][0m [36;1m[0.70ms][0m SELECT * FROM b2b_live a  WHERE (a.live_seq = '79fb4d77-f2ae-9082-1d6e-755098eb3cfc') 
[36;31m[1 rows affected or returned ][0m 
2020/05/27 03:20 [35m(/home/teamgrit/Projects/mcs/mvc/dao/janus_dao.go:65)[0m
[33m[2020-05-27 03:20:51][0m [36;1m[0.71ms][0m SELECT * FROM b2b_live a  WHERE (a.live_seq = '79fb4d77-f2ae-9082-1d6e-755098eb3cfc') 
[36;31m[1 rows affected or returned ][0m 
2020/05/27 03:21 [35m(/home/teamgrit/Projects/mcs/mvc/dao/janus_dao.go:65)[0m
[33m[2020-05-27 03:21:55][0m [36;1m[0.70ms][0m SELECT * FROM b2b_live a  WHERE (a.live_seq = '79fb4d77-f2ae-9082-1d6e-755098eb3cfc') 
[36;31m[1 rows affected or returned ][0m 
2020/05/27 03:21 [35m(/home/teamgrit/Projects/mcs/mvc/dao/janus_dao.go:95)[0m
[33m[2020-05-27 03:21:56][0m [36;1m[1.03ms][0m SELECT * FROM `b2b_live`  WHERE (live_seq = '79fb4d77-f2ae-9082-1d6e-755098eb3cfc') 
[36;31m[1 rows affected or returned ][0m 
2020/05/27 03:21 [35m(/home/teamgrit/Projects/mcs/mvc/dao/janus_dao.go:97)[0m
[33m[2020-05-27 03:21:56][0m [36;1m[1.06ms][0m UPDATE `b2b_live` SET `status` = '9000', `updated_at` = '2020-05-27 03:21:56'  WHERE (live_seq = '79fb4d77-f2ae-9082-1d6e-755098eb3cfc') 
[36;31m[1 rows affected or returned ][0m 
2020/05/27 03:24 [35m(/home/teamgrit/Projects/mcs/mvc/dao/janus_dao.go:65)[0m
[33m[2020-05-27 03:24:45][0m [36;1m[1.18ms][0m SELECT * FROM b2b_live a  WHERE (a.live_seq = '2db184af-b8d8-025c-53f0-7736e58f025b') 
[36;31m[1 rows affected or returned ][0m 
2020/05/27 03:24 [35m(/home/teamgrit/Projects/mcs/mvc/dao/janus_dao.go:65)[0m
[33m[2020-05-27 03:24:53][0m [36;1m[1.06ms][0m SELECT * FROM b2b_live a  WHERE (a.live_seq = '2db184af-b8d8-025c-53f0-7736e58f025b') 
[36;31m[1 rows affected or returned ][0m 
