2020/06/03 10:02 [35m(/home/teamgrit/Projects/mcs/mvc/dao/janus_dao.go:47)[0m
[33m[2020-06-03 10:02:28][0m [36;1m[0.79ms][0m SELECT * FROM b2b_auth a  WHERE (a.key = 'coshop') 
[36;31m[1 rows affected or returned ][0m 2020/06/03 10:02 [35m(/home/teamgrit/Projects/mcs/mvc/dao/janus_dao.go:57)[0m
[33m[2020-06-03 10:02:28][0m [36;1m[0.70ms][0m INSERT INTO `b2b_live` (`live_seq`,`service_seq`,`room_name`,`access_point`,`videoroom`,`textroom`,`record`,`description`,`status`,`created_at`,`updated_at`,`callback`) VALUES ('1443afac-1be0-b391-47e8-4cb4ac9d159c',1,'Title','wss://dev-edge.cojam.shop:18002','1350532233664278','1350532233664278',true,'desc','1000','2020-06-03 10:02:28','2020-06-03 10:02:28','https://dev-api.cojam.shop/media') 
[36;31m[1 rows affected or returned ][0m 2020/06/03 10:02 [35m(/home/teamgrit/Projects/mcs/mvc/dao/janus_dao.go:65)[0m
[33m[2020-06-03 10:02:56][0m [36;1m[1.17ms][0m SELECT * FROM b2b_live a  WHERE (a.live_seq = '1443afac-1be0-b391-47e8-4cb4ac9d159c') 
[36;31m[1 rows affected or returned ][0m 2020/06/03 10:04 [35m(/home/teamgrit/Projects/mcs/mvc/dao/janus_dao.go:65)[0m
[33m[2020-06-03 10:04:19][0m [36;1m[0.81ms][0m SELECT * FROM b2b_live a  WHERE (a.live_seq = '1443afac-1be0-b391-47e8-4cb4ac9d159c') 
[36;31m[1 rows affected or returned ][0m 2020/06/03 10:04 [35m(/home/teamgrit/Projects/mcs/mvc/dao/janus_dao.go:65)[0m
[33m[2020-06-03 10:04:23][0m [36;1m[0.80ms][0m SELECT * FROM b2b_live a  WHERE (a.live_seq = '1443afac-1be0-b391-47e8-4cb4ac9d159c') 
[36;31m[1 rows affected or returned ][0m 2020/06/03 10:05 [35m(/home/teamgrit/Projects/mcs/mvc/dao/janus_dao.go:65)[0m
[33m[2020-06-03 10:05:37][0m [36;1m[0.89ms][0m SELECT * FROM b2b_live a  WHERE (a.live_seq = '1443afac-1be0-b391-47e8-4cb4ac9d159c') 
[36;31m[1 rows affected or returned ][0m 2020/06/03 10:05 [35m(/home/teamgrit/Projects/mcs/mvc/dao/janus_dao.go:65)[0m
[33m[2020-06-03 10:05:40][0m [36;1m[0.83ms][0m SELECT * FROM b2b_live a  WHERE (a.live_seq = '1443afac-1be0-b391-47e8-4cb4ac9d159c') 
[36;31m[1 rows affected or returned ][0m 2020/06/03 10:05 [35m(/home/teamgrit/Projects/mcs/mvc/dao/janus_dao.go:137)[0m
[33m[2020-06-03 10:05:40][0m [36;1m[6.72ms][0m UPDATE `b2b_live` SET `status` = '1000', `updated_at` = '2020-06-03 10:05:40'   
[36;31m[873 rows affected or returned ][0m 2020/06/03 10:05 [35m(/home/teamgrit/Projects/mcs/mvc/dao/janus_dao.go:65)[0m
[33m[2020-06-03 10:05:41][0m [36;1m[0.93ms][0m SELECT * FROM b2b_live a  WHERE (a.live_seq = '1443afac-1be0-b391-47e8-4cb4ac9d159c') 
[36;31m[1 rows affected or returned ][0m 2020/06/03 10:06 [35m(/home/teamgrit/Projects/mcs/mvc/dao/janus_dao.go:65)[0m
[33m[2020-06-03 10:06:05][0m [36;1m[0.72ms][0m SELECT * FROM b2b_live a  WHERE (a.live_seq = '1443afac-1be0-b391-47e8-4cb4ac9d159c') 
[36;31m[1 rows affected or returned ][0m 2020/06/03 10:06 [35m(/home/teamgrit/Projects/mcs/mvc/dao/janus_dao.go:95)[0m
[33m[2020-06-03 10:06:05][0m [36;1m[1.10ms][0m SELECT * FROM `b2b_live`  WHERE (live_seq = '1443afac-1be0-b391-47e8-4cb4ac9d159c') 
[36;31m[1 rows affected or returned ][0m 2020/06/03 10:06 [35m(/home/teamgrit/Projects/mcs/mvc/dao/janus_dao.go:97)[0m
[33m[2020-06-03 10:06:05][0m [36;1m[0.78ms][0m UPDATE `b2b_live` SET `status` = '9000', `updated_at` = '2020-06-03 10:06:05'  WHERE (live_seq = '1443afac-1be0-b391-47e8-4cb4ac9d159c') 
[36;31m[1 rows affected or returned ][0m 2020/06/03 10:06 [35m(/home/teamgrit/Projects/mcs/mvc/dao/janus_dao.go:65)[0m
[33m[2020-06-03 10:06:08][0m [36;1m[1.10ms][0m SELECT * FROM b2b_live a  WHERE (a.live_seq = '1443afac-1be0-b391-47e8-4cb4ac9d159c') 
[36;31m[1 rows affected or returned ][0m 2020/06/03 10:06 [35m(/home/teamgrit/Projects/mcs/mvc/dao/janus_dao.go:95)[0m
[33m[2020-06-03 10:06:08][0m [36;1m[0.85ms][0m SELECT * FROM `b2b_live`  WHERE (live_seq = '1443afac-1be0-b391-47e8-4cb4ac9d159c') 
[36;31m[1 rows affected or returned ][0m 2020/06/03 10:06 [35m(/home/teamgrit/Projects/mcs/mvc/dao/janus_dao.go:97)[0m
[33m[2020-06-03 10:06:08][0m [36;1m[0.73ms][0m UPDATE `b2b_live` SET `status` = '9000', `updated_at` = '2020-06-03 10:06:08'  WHERE (live_seq = '1443afac-1be0-b391-47e8-4cb4ac9d159c') 
[36;31m[1 rows affected or returned ][0m 2020/06/03 10:06 [35m(/home/teamgrit/Projects/mcs/mvc/dao/janus_dao.go:65)[0m
[33m[2020-06-03 10:06:10][0m [36;1m[0.91ms][0m SELECT * FROM b2b_live a  WHERE (a.live_seq = '1443afac-1be0-b391-47e8-4cb4ac9d159c') 
[36;31m[1 rows affected or returned ][0m 2020/06/03 10:06 [35m(/home/teamgrit/Projects/mcs/mvc/dao/janus_dao.go:95)[0m
[33m[2020-06-03 10:06:10][0m [36;1m[0.76ms][0m SELECT * FROM `b2b_live`  WHERE (live_seq = '1443afac-1be0-b391-47e8-4cb4ac9d159c') 
[36;31m[1 rows affected or returned ][0m 2020/06/03 10:06 [35m(/home/teamgrit/Projects/mcs/mvc/dao/janus_dao.go:97)[0m
[33m[2020-06-03 10:06:10][0m [36;1m[0.67ms][0m UPDATE `b2b_live` SET `status` = '9000', `updated_at` = '2020-06-03 10:06:10'  WHERE (live_seq = '1443afac-1be0-b391-47e8-4cb4ac9d159c') 
[36;31m[1 rows affected or returned ][0m 