2020/06/03 06:18 [35m(/home/teamgrit/Projects/mcs/mvc/dao/janus_dao.go:47)[0m
[33m[2020-06-03 06:18:21][0m [36;1m[0.72ms][0m SELECT * FROM b2b_auth a  WHERE (a.key = 'coshop') 
[36;31m[1 rows affected or returned ][0m 2020/06/03 06:18 [35m(/home/teamgrit/Projects/mcs/mvc/dao/janus_dao.go:57)[0m
[33m[2020-06-03 06:18:21][0m [36;1m[1.49ms][0m INSERT INTO `b2b_live` (`live_seq`,`service_seq`,`room_name`,`access_point`,`videoroom`,`textroom`,`record`,`description`,`status`,`created_at`,`updated_at`,`callback`) VALUES ('3ebaafda-f91a-133e-a5bb-4fda5bac5d64',1,'Title','wss://dev-edge.cojam.shop:18001','3652225318221153','3652225318221153',true,'desc','1000','2020-06-03 06:18:21','2020-06-03 06:18:21','https://dev-api.cojam.shop/media') 
[36;31m[1 rows affected or returned ][0m 2020/06/03 06:19 [35m(/home/teamgrit/Projects/mcs/mvc/dao/janus_dao.go:65)[0m
[33m[2020-06-03 06:19:01][0m [36;1m[0.99ms][0m SELECT * FROM b2b_live a  WHERE (a.live_seq = '3ebaafda-f91a-133e-a5bb-4fda5bac5d64') 
[36;31m[1 rows affected or returned ][0m 2020/06/03 06:20 [35m(/home/teamgrit/Projects/mcs/mvc/dao/janus_dao.go:65)[0m
[33m[2020-06-03 06:20:46][0m [36;1m[0.84ms][0m SELECT * FROM b2b_live a  WHERE (a.live_seq = '3ebaafda-f91a-133e-a5bb-4fda5bac5d64') 
[36;31m[1 rows affected or returned ][0m 2020/06/03 06:21 [35m(/home/teamgrit/Projects/mcs/mvc/dao/janus_dao.go:65)[0m
[33m[2020-06-03 06:21:40][0m [36;1m[0.98ms][0m SELECT * FROM b2b_live a  WHERE (a.live_seq = '3ebaafda-f91a-133e-a5bb-4fda5bac5d64') 
[36;31m[1 rows affected or returned ][0m 2020/06/03 06:21 [35m(/home/teamgrit/Projects/mcs/mvc/dao/janus_dao.go:65)[0m
[33m[2020-06-03 06:21:43][0m [36;1m[0.82ms][0m SELECT * FROM b2b_live a  WHERE (a.live_seq = '3ebaafda-f91a-133e-a5bb-4fda5bac5d64') 
[36;31m[1 rows affected or returned ][0m 2020/06/03 06:22 [35m(/home/teamgrit/Projects/mcs/mvc/dao/janus_dao.go:65)[0m
[33m[2020-06-03 06:22:45][0m [36;1m[0.67ms][0m SELECT * FROM b2b_live a  WHERE (a.live_seq = '3ebaafda-f91a-133e-a5bb-4fda5bac5d64') 
[36;31m[1 rows affected or returned ][0m 2020/06/03 06:22 [35m(/home/teamgrit/Projects/mcs/mvc/dao/janus_dao.go:95)[0m
[33m[2020-06-03 06:22:45][0m [36;1m[0.95ms][0m SELECT * FROM `b2b_live`  WHERE (live_seq = '3ebaafda-f91a-133e-a5bb-4fda5bac5d64') 
[36;31m[1 rows affected or returned ][0m 2020/06/03 06:22 [35m(/home/teamgrit/Projects/mcs/mvc/dao/janus_dao.go:97)[0m
[33m[2020-06-03 06:22:45][0m [36;1m[2.01ms][0m UPDATE `b2b_live` SET `status` = '9000', `updated_at` = '2020-06-03 06:22:45'  WHERE (live_seq = '3ebaafda-f91a-133e-a5bb-4fda5bac5d64') 
[36;31m[1 rows affected or returned ][0m 2020/06/03 06:23 [35m(/home/teamgrit/Projects/mcs/mvc/dao/janus_dao.go:65)[0m
[33m[2020-06-03 06:23:56][0m [36;1m[1.01ms][0m SELECT * FROM b2b_live a  WHERE (a.live_seq = '3ebaafda-f91a-133e-a5bb-4fda5bac5d64') 
[36;31m[1 rows affected or returned ][0m 2020/06/03 06:25 [35m(/home/teamgrit/Projects/mcs/mvc/dao/janus_dao.go:47)[0m
[33m[2020-06-03 06:25:09][0m [36;1m[0.70ms][0m SELECT * FROM b2b_auth a  WHERE (a.key = 'coshop') 
[36;31m[1 rows affected or returned ][0m 2020/06/03 06:25 [35m(/home/teamgrit/Projects/mcs/mvc/dao/janus_dao.go:57)[0m
[33m[2020-06-03 06:25:09][0m [36;1m[0.73ms][0m INSERT INTO `b2b_live` (`live_seq`,`service_seq`,`room_name`,`access_point`,`videoroom`,`textroom`,`record`,`description`,`status`,`created_at`,`updated_at`,`callback`) VALUES ('c3a17fac-3d8a-eff5-0ce2-21b095a9f268',1,'Title','wss://dev-edge.cojam.shop:18001','3559014613249418','3559014613249418',true,'desc','1000','2020-06-03 06:25:09','2020-06-03 06:25:09','https://dev-api.cojam.shop/media') 
[36;31m[1 rows affected or returned ][0m 2020/06/03 06:26 [35m(/home/teamgrit/Projects/mcs/mvc/dao/janus_dao.go:65)[0m
[33m[2020-06-03 06:26:57][0m [36;1m[0.89ms][0m SELECT * FROM b2b_live a  WHERE (a.live_seq = 'c3a17fac-3d8a-eff5-0ce2-21b095a9f268') 
[36;31m[1 rows affected or returned ][0m 2020/06/03 06:26 [35m(/home/teamgrit/Projects/mcs/mvc/dao/janus_dao.go:95)[0m
[33m[2020-06-03 06:26:57][0m [36;1m[0.76ms][0m SELECT * FROM `b2b_live`  WHERE (live_seq = 'c3a17fac-3d8a-eff5-0ce2-21b095a9f268') 
[36;31m[1 rows affected or returned ][0m 2020/06/03 06:26 [35m(/home/teamgrit/Projects/mcs/mvc/dao/janus_dao.go:97)[0m
[33m[2020-06-03 06:26:57][0m [36;1m[0.70ms][0m UPDATE `b2b_live` SET `status` = '9000', `updated_at` = '2020-06-03 06:26:57'  WHERE (live_seq = 'c3a17fac-3d8a-eff5-0ce2-21b095a9f268') 
[36;31m[1 rows affected or returned ][0m 2020/06/03 06:27 [35m(/home/teamgrit/Projects/mcs/mvc/dao/janus_dao.go:65)[0m
[33m[2020-06-03 06:27:22][0m [36;1m[1.03ms][0m SELECT * FROM b2b_live a  WHERE (a.live_seq = '379a170f-9f2e-b979-3186-9fd63e9df0f3') 
[36;31m[1 rows affected or returned ][0m 2020/06/03 06:28 [35m(/home/teamgrit/Projects/mcs/mvc/dao/janus_dao.go:65)[0m
[33m[2020-06-03 06:28:57][0m [36;1m[0.69ms][0m SELECT * FROM b2b_live a  WHERE (a.live_seq = '379a170f-9f2e-b979-3186-9fd63e9df0f3') 
[36;31m[1 rows affected or returned ][0m 2020/06/03 06:29 [35m(/home/teamgrit/Projects/mcs/mvc/dao/janus_dao.go:47)[0m
[33m[2020-06-03 06:29:48][0m [36;1m[0.70ms][0m SELECT * FROM b2b_auth a  WHERE (a.key = 'coshop') 
[36;31m[1 rows affected or returned ][0m 2020/06/03 06:29 [35m(/home/teamgrit/Projects/mcs/mvc/dao/janus_dao.go:57)[0m
[33m[2020-06-03 06:29:48][0m [36;1m[0.54ms][0m INSERT INTO `b2b_live` (`live_seq`,`service_seq`,`room_name`,`access_point`,`videoroom`,`textroom`,`record`,`description`,`status`,`created_at`,`updated_at`,`callback`) VALUES ('51154a76-8862-bc2d-f7d3-4d9ccea2a0c2',1,'Title','wss://dev-edge.cojam.shop:18002','3745351819710973','3745351819710973',true,'desc','1000','2020-06-03 06:29:48','2020-06-03 06:29:48','https://dev-api.cojam.shop/media') 
[36;31m[1 rows affected or returned ][0m 2020/06/03 06:29 [35m(/home/teamgrit/Projects/mcs/mvc/dao/janus_dao.go:65)[0m
[33m[2020-06-03 06:29:59][0m [36;1m[0.99ms][0m SELECT * FROM b2b_live a  WHERE (a.live_seq = '51154a76-8862-bc2d-f7d3-4d9ccea2a0c2') 
[36;31m[1 rows affected or returned ][0m 2020/06/03 06:30 [35m(/home/teamgrit/Projects/mcs/mvc/dao/janus_dao.go:65)[0m
[33m[2020-06-03 06:30:55][0m [36;1m[2.10ms][0m SELECT * FROM b2b_live a  WHERE (a.live_seq = '51154a76-8862-bc2d-f7d3-4d9ccea2a0c2') 
[36;31m[1 rows affected or returned ][0m 2020/06/03 06:31 [35m(/home/teamgrit/Projects/mcs/mvc/dao/janus_dao.go:65)[0m
[33m[2020-06-03 06:31:58][0m [36;1m[0.98ms][0m SELECT * FROM b2b_live a  WHERE (a.live_seq = 'c3a17fac-3d8a-eff5-0ce2-21b095a9f268') 
[36;31m[1 rows affected or returned ][0m 2020/06/03 06:32 [35m(/home/teamgrit/Projects/mcs/mvc/dao/janus_dao.go:65)[0m
[33m[2020-06-03 06:32:33][0m [36;1m[0.88ms][0m SELECT * FROM b2b_live a  WHERE (a.live_seq = 'c3a17fac-3d8a-eff5-0ce2-21b095a9f268') 
[36;31m[1 rows affected or returned ][0m 2020/06/03 06:32 [35m(/home/teamgrit/Projects/mcs/mvc/dao/janus_dao.go:47)[0m
[33m[2020-06-03 06:32:53][0m [36;1m[0.81ms][0m SELECT * FROM b2b_auth a  WHERE (a.key = 'coshop') 
[36;31m[1 rows affected or returned ][0m 2020/06/03 06:32 [35m(/home/teamgrit/Projects/mcs/mvc/dao/janus_dao.go:57)[0m
[33m[2020-06-03 06:32:53][0m [36;1m[0.78ms][0m INSERT INTO `b2b_live` (`live_seq`,`service_seq`,`room_name`,`access_point`,`videoroom`,`textroom`,`record`,`description`,`status`,`created_at`,`updated_at`,`callback`) VALUES ('bb0fe416-53a1-a60c-8879-384ca856ce5a',1,'Title','wss://dev-edge.cojam.shop:18002','332039344958077','332039344958077',true,'desc','1000','2020-06-03 06:32:53','2020-06-03 06:32:53','https://dev-api.cojam.shop/media') 
[36;31m[1 rows affected or returned ][0m 2020/06/03 06:33 [35m(/home/teamgrit/Projects/mcs/mvc/dao/janus_dao.go:65)[0m
[33m[2020-06-03 06:33:25][0m [36;1m[0.85ms][0m SELECT * FROM b2b_live a  WHERE (a.live_seq = '51154a76-8862-bc2d-f7d3-4d9ccea2a0c2') 
[36;31m[1 rows affected or returned ][0m 2020/06/03 06:33 [35m(/home/teamgrit/Projects/mcs/mvc/dao/janus_dao.go:95)[0m
[33m[2020-06-03 06:33:25][0m [36;1m[0.69ms][0m SELECT * FROM `b2b_live`  WHERE (live_seq = '51154a76-8862-bc2d-f7d3-4d9ccea2a0c2') 
[36;31m[1 rows affected or returned ][0m 2020/06/03 06:33 [35m(/home/teamgrit/Projects/mcs/mvc/dao/janus_dao.go:97)[0m
[33m[2020-06-03 06:33:25][0m [36;1m[0.57ms][0m UPDATE `b2b_live` SET `status` = '9000', `updated_at` = '2020-06-03 06:33:25'  WHERE (live_seq = '51154a76-8862-bc2d-f7d3-4d9ccea2a0c2') 
[36;31m[1 rows affected or returned ][0m 2020/06/03 06:33 [35m(/home/teamgrit/Projects/mcs/mvc/dao/janus_dao.go:65)[0m
[33m[2020-06-03 06:33:27][0m [36;1m[1.04ms][0m SELECT * FROM b2b_live a  WHERE (a.live_seq = '51154a76-8862-bc2d-f7d3-4d9ccea2a0c2') 
[36;31m[1 rows affected or returned ][0m 2020/06/03 06:33 [35m(/home/teamgrit/Projects/mcs/mvc/dao/janus_dao.go:65)[0m
[33m[2020-06-03 06:33:33][0m [36;1m[1.08ms][0m SELECT * FROM b2b_live a  WHERE (a.live_seq = 'bb0fe416-53a1-a60c-8879-384ca856ce5a') 
[36;31m[1 rows affected or returned ][0m 2020/06/03 06:33 [35m(/home/teamgrit/Projects/mcs/mvc/dao/janus_dao.go:137)[0m
[33m[2020-06-03 06:33:33][0m [36;1m[10.00ms][0m UPDATE `b2b_live` SET `status` = '1000', `updated_at` = '2020-06-03 06:33:33'   
[36;31m[856 rows affected or returned ][0m 2020/06/03 06:33 [35m(/home/teamgrit/Projects/mcs/mvc/dao/janus_dao.go:65)[0m
[33m[2020-06-03 06:33:33][0m [36;1m[0.84ms][0m SELECT * FROM b2b_live a  WHERE (a.live_seq = '51154a76-8862-bc2d-f7d3-4d9ccea2a0c2') 
[36;31m[1 rows affected or returned ][0m 2020/06/03 06:33 [35m(/home/teamgrit/Projects/mcs/mvc/dao/janus_dao.go:65)[0m
[33m[2020-06-03 06:33:33][0m [36;1m[0.77ms][0m SELECT * FROM b2b_live a  WHERE (a.live_seq = 'bb0fe416-53a1-a60c-8879-384ca856ce5a') 
[36;31m[1 rows affected or returned ][0m 2020/06/03 06:34 [35m(/home/teamgrit/Projects/mcs/mvc/dao/janus_dao.go:65)[0m
[33m[2020-06-03 06:34:17][0m [36;1m[0.85ms][0m SELECT * FROM b2b_live a  WHERE (a.live_seq = '51154a76-8862-bc2d-f7d3-4d9ccea2a0c2') 
[36;31m[1 rows affected or returned ][0m 2020/06/03 06:34 [35m(/home/teamgrit/Projects/mcs/mvc/dao/janus_dao.go:65)[0m
[33m[2020-06-03 06:34:26][0m [36;1m[0.71ms][0m SELECT * FROM b2b_live a  WHERE (a.live_seq = 'bb0fe416-53a1-a60c-8879-384ca856ce5a') 
[36;31m[1 rows affected or returned ][0m 2020/06/03 06:34 [35m(/home/teamgrit/Projects/mcs/mvc/dao/janus_dao.go:65)[0m
[33m[2020-06-03 06:34:29][0m [36;1m[0.73ms][0m SELECT * FROM b2b_live a  WHERE (a.live_seq = '51154a76-8862-bc2d-f7d3-4d9ccea2a0c2') 
[36;31m[1 rows affected or returned ][0m 2020/06/03 06:36 [35m(/home/teamgrit/Projects/mcs/mvc/dao/janus_dao.go:65)[0m
[33m[2020-06-03 06:36:33][0m [36;1m[0.62ms][0m SELECT * FROM b2b_live a  WHERE (a.live_seq = 'bb0fe416-53a1-a60c-8879-384ca856ce5a') 
[36;31m[1 rows affected or returned ][0m 2020/06/03 06:36 [35m(/home/teamgrit/Projects/mcs/mvc/dao/janus_dao.go:95)[0m
[33m[2020-06-03 06:36:33][0m [36;1m[0.89ms][0m SELECT * FROM `b2b_live`  WHERE (live_seq = 'bb0fe416-53a1-a60c-8879-384ca856ce5a') 
[36;31m[1 rows affected or returned ][0m 2020/06/03 06:36 [35m(/home/teamgrit/Projects/mcs/mvc/dao/janus_dao.go:97)[0m
[33m[2020-06-03 06:36:33][0m [36;1m[0.60ms][0m UPDATE `b2b_live` SET `status` = '9000', `updated_at` = '2020-06-03 06:36:33'  WHERE (live_seq = 'bb0fe416-53a1-a60c-8879-384ca856ce5a') 
[36;31m[1 rows affected or returned ][0m 2020/06/03 06:37 [35m(/home/teamgrit/Projects/mcs/mvc/dao/janus_dao.go:65)[0m
[33m[2020-06-03 06:37:23][0m [36;1m[0.89ms][0m SELECT * FROM b2b_live a  WHERE (a.live_seq = '51154a76-8862-bc2d-f7d3-4d9ccea2a0c2') 
[36;31m[1 rows affected or returned ][0m 2020/06/03 06:38 [35m(/home/teamgrit/Projects/mcs/mvc/dao/janus_dao.go:65)[0m
[33m[2020-06-03 06:38:49][0m [36;1m[0.89ms][0m SELECT * FROM b2b_live a  WHERE (a.live_seq = '51154a76-8862-bc2d-f7d3-4d9ccea2a0c2') 
[36;31m[1 rows affected or returned ][0m 2020/06/03 06:39 [35m(/home/teamgrit/Projects/mcs/mvc/dao/janus_dao.go:65)[0m
[33m[2020-06-03 06:39:51][0m [36;1m[0.62ms][0m SELECT * FROM b2b_live a  WHERE (a.live_seq = '51154a76-8862-bc2d-f7d3-4d9ccea2a0c2') 
[36;31m[1 rows affected or returned ][0m 2020/06/03 06:43 [35m(/home/teamgrit/Projects/mcs/mvc/dao/janus_dao.go:65)[0m
[33m[2020-06-03 06:43:53][0m [36;1m[0.78ms][0m SELECT * FROM b2b_live a  WHERE (a.live_seq = '51154a76-8862-bc2d-f7d3-4d9ccea2a0c2') 
[36;31m[1 rows affected or returned ][0m 2020/06/03 06:45 [35m(/home/teamgrit/Projects/mcs/mvc/dao/janus_dao.go:65)[0m
[33m[2020-06-03 06:45:59][0m [36;1m[0.91ms][0m SELECT * FROM b2b_live a  WHERE (a.live_seq = '51154a76-8862-bc2d-f7d3-4d9ccea2a0c2') 
[36;31m[1 rows affected or returned ][0m 2020/06/03 06:47 [35m(/home/teamgrit/Projects/mcs/mvc/dao/janus_dao.go:65)[0m
[33m[2020-06-03 06:47:18][0m [36;1m[0.86ms][0m SELECT * FROM b2b_live a  WHERE (a.live_seq = 'cbd2b6e6-31b5-036a-910c-53ebd63e3e22') 
[36;31m[1 rows affected or returned ][0m 2020/06/03 06:47 [35m(/home/teamgrit/Projects/mcs/mvc/dao/janus_dao.go:65)[0m
[33m[2020-06-03 06:47:26][0m [36;1m[1.27ms][0m SELECT * FROM b2b_live a  WHERE (a.live_seq = '3dd3c52f-bfa2-1a0e-0a0f-030eba941211') 
[36;31m[1 rows affected or returned ][0m 2020/06/03 06:47 [35m(/home/teamgrit/Projects/mcs/mvc/dao/janus_dao.go:65)[0m
[33m[2020-06-03 06:47:32][0m [36;1m[2.20ms][0m SELECT * FROM b2b_live a  WHERE (a.live_seq = '51154a76-8862-bc2d-f7d3-4d9ccea2a0c2') 
[36;31m[1 rows affected or returned ][0m 2020/06/03 06:47 [35m(/home/teamgrit/Projects/mcs/mvc/dao/janus_dao.go:65)[0m
[33m[2020-06-03 06:47:38][0m [36;1m[0.92ms][0m SELECT * FROM b2b_live a  WHERE (a.live_seq = '3dd3c52f-bfa2-1a0e-0a0f-030eba941211') 
[36;31m[1 rows affected or returned ][0m 2020/06/03 06:47 [35m(/home/teamgrit/Projects/mcs/mvc/dao/janus_dao.go:47)[0m
[33m[2020-06-03 06:47:55][0m [36;1m[0.68ms][0m SELECT * FROM b2b_auth a  WHERE (a.key = 'coshop') 
[36;31m[1 rows affected or returned ][0m 2020/06/03 06:47 [35m(/home/teamgrit/Projects/mcs/mvc/dao/janus_dao.go:57)[0m
[33m[2020-06-03 06:47:55][0m [36;1m[1.13ms][0m INSERT INTO `b2b_live` (`live_seq`,`service_seq`,`room_name`,`access_point`,`videoroom`,`textroom`,`record`,`description`,`status`,`created_at`,`updated_at`,`callback`) VALUES ('4af2a4a8-d8bf-c86f-9aaa-2c9f42329328',1,'Title','wss://dev-edge.cojam.shop:18002','3047993132395001','3047993132395001',true,'desc','1000','2020-06-03 06:47:55','2020-06-03 06:47:55','https://dev-api.cojam.shop/media') 
[36;31m[1 rows affected or returned ][0m 2020/06/03 06:48 [35m(/home/teamgrit/Projects/mcs/mvc/dao/janus_dao.go:47)[0m
[33m[2020-06-03 06:48:17][0m [36;1m[0.85ms][0m SELECT * FROM b2b_auth a  WHERE (a.key = 'coshop') 
[36;31m[1 rows affected or returned ][0m 2020/06/03 06:48 [35m(/home/teamgrit/Projects/mcs/mvc/dao/janus_dao.go:57)[0m
[33m[2020-06-03 06:48:17][0m [36;1m[0.72ms][0m INSERT INTO `b2b_live` (`live_seq`,`service_seq`,`room_name`,`access_point`,`videoroom`,`textroom`,`record`,`description`,`status`,`created_at`,`updated_at`,`callback`) VALUES ('3e0d42d5-84d2-d024-b2d7-1e6b6d17ba5b',1,'Title','wss://dev-edge.cojam.shop:18002','6024017929073251','6024017929073251',true,'desc','1000','2020-06-03 06:48:17','2020-06-03 06:48:17','https://dev-api.cojam.shop/media') 
[36;31m[1 rows affected or returned ][0m 2020/06/03 06:48 [35m(/home/teamgrit/Projects/mcs/mvc/dao/janus_dao.go:65)[0m
[33m[2020-06-03 06:48:30][0m [36;1m[1.08ms][0m SELECT * FROM b2b_live a  WHERE (a.live_seq = '3e0d42d5-84d2-d024-b2d7-1e6b6d17ba5b') 
[36;31m[1 rows affected or returned ][0m 2020/06/03 06:48 [35m(/home/teamgrit/Projects/mcs/mvc/dao/janus_dao.go:65)[0m
[33m[2020-06-03 06:48:54][0m [36;1m[0.90ms][0m SELECT * FROM b2b_live a  WHERE (a.live_seq = '4af2a4a8-d8bf-c86f-9aaa-2c9f42329328') 
[36;31m[1 rows affected or returned ][0m 2020/06/03 06:50 [35m(/home/teamgrit/Projects/mcs/mvc/dao/janus_dao.go:65)[0m
[33m[2020-06-03 06:50:33][0m [36;1m[0.79ms][0m SELECT * FROM b2b_live a  WHERE (a.live_seq = '4af2a4a8-d8bf-c86f-9aaa-2c9f42329328') 
[36;31m[1 rows affected or returned ][0m 2020/06/03 06:50 [35m(/home/teamgrit/Projects/mcs/mvc/dao/janus_dao.go:95)[0m
[33m[2020-06-03 06:50:33][0m [36;1m[0.70ms][0m SELECT * FROM `b2b_live`  WHERE (live_seq = '4af2a4a8-d8bf-c86f-9aaa-2c9f42329328') 
[36;31m[1 rows affected or returned ][0m 2020/06/03 06:50 [35m(/home/teamgrit/Projects/mcs/mvc/dao/janus_dao.go:97)[0m
[33m[2020-06-03 06:50:33][0m [36;1m[0.73ms][0m UPDATE `b2b_live` SET `status` = '9000', `updated_at` = '2020-06-03 06:50:33'  WHERE (live_seq = '4af2a4a8-d8bf-c86f-9aaa-2c9f42329328') 
[36;31m[1 rows affected or returned ][0m 2020/06/03 06:50 [35m(/home/teamgrit/Projects/mcs/mvc/dao/janus_dao.go:65)[0m
[33m[2020-06-03 06:50:39][0m [36;1m[1.04ms][0m SELECT * FROM b2b_live a  WHERE (a.live_seq = '4af2a4a8-d8bf-c86f-9aaa-2c9f42329328') 
[36;31m[1 rows affected or returned ][0m 2020/06/03 06:50 [35m(/home/teamgrit/Projects/mcs/mvc/dao/janus_dao.go:95)[0m
[33m[2020-06-03 06:50:39][0m [36;1m[0.70ms][0m SELECT * FROM `b2b_live`  WHERE (live_seq = '4af2a4a8-d8bf-c86f-9aaa-2c9f42329328') 
[36;31m[1 rows affected or returned ][0m 2020/06/03 06:50 [35m(/home/teamgrit/Projects/mcs/mvc/dao/janus_dao.go:97)[0m
[33m[2020-06-03 06:50:39][0m [36;1m[0.77ms][0m UPDATE `b2b_live` SET `status` = '9000', `updated_at` = '2020-06-03 06:50:39'  WHERE (live_seq = '4af2a4a8-d8bf-c86f-9aaa-2c9f42329328') 
[36;31m[1 rows affected or returned ][0m 2020/06/03 06:51 [35m(/home/teamgrit/Projects/mcs/mvc/dao/janus_dao.go:47)[0m
[33m[2020-06-03 06:51:25][0m [36;1m[0.53ms][0m SELECT * FROM b2b_auth a  WHERE (a.key = 'coshop') 
[36;31m[1 rows affected or returned ][0m 2020/06/03 06:51 [35m(/home/teamgrit/Projects/mcs/mvc/dao/janus_dao.go:57)[0m
[33m[2020-06-03 06:51:25][0m [36;1m[1.45ms][0m INSERT INTO `b2b_live` (`live_seq`,`service_seq`,`room_name`,`access_point`,`videoroom`,`textroom`,`record`,`description`,`status`,`created_at`,`updated_at`,`callback`) VALUES ('54fb312e-35c5-4680-5015-18c074732d8a',1,'Title','wss://dev-edge.cojam.shop:18001','2109656076775405','2109656076775405',true,'desc','1000','2020-06-03 06:51:25','2020-06-03 06:51:25','https://dev-api.cojam.shop/media') 
[36;31m[1 rows affected or returned ][0m 2020/06/03 06:51 [35m(/home/teamgrit/Projects/mcs/mvc/dao/janus_dao.go:65)[0m
[33m[2020-06-03 06:51:32][0m [36;1m[0.70ms][0m SELECT * FROM b2b_live a  WHERE (a.live_seq = '3e0d42d5-84d2-d024-b2d7-1e6b6d17ba5b') 
[36;31m[1 rows affected or returned ][0m 2020/06/03 06:51 [35m(/home/teamgrit/Projects/mcs/mvc/dao/janus_dao.go:95)[0m
[33m[2020-06-03 06:51:32][0m [36;1m[1.17ms][0m SELECT * FROM `b2b_live`  WHERE (live_seq = '3e0d42d5-84d2-d024-b2d7-1e6b6d17ba5b') 
[36;31m[1 rows affected or returned ][0m 2020/06/03 06:51 [35m(/home/teamgrit/Projects/mcs/mvc/dao/janus_dao.go:97)[0m
[33m[2020-06-03 06:51:32][0m [36;1m[0.47ms][0m UPDATE `b2b_live` SET `status` = '9000', `updated_at` = '2020-06-03 06:51:32'  WHERE (live_seq = '3e0d42d5-84d2-d024-b2d7-1e6b6d17ba5b') 
[36;31m[1 rows affected or returned ][0m 2020/06/03 06:51 [35m(/home/teamgrit/Projects/mcs/mvc/dao/janus_dao.go:65)[0m
[33m[2020-06-03 06:51:33][0m [36;1m[0.84ms][0m SELECT * FROM b2b_live a  WHERE (a.live_seq = '3e0d42d5-84d2-d024-b2d7-1e6b6d17ba5b') 
[36;31m[1 rows affected or returned ][0m 2020/06/03 06:51 [35m(/home/teamgrit/Projects/mcs/mvc/dao/janus_dao.go:65)[0m
[33m[2020-06-03 06:51:38][0m [36;1m[0.71ms][0m SELECT * FROM b2b_live a  WHERE (a.live_seq = '3e0d42d5-84d2-d024-b2d7-1e6b6d17ba5b') 
[36;31m[1 rows affected or returned ][0m 2020/06/03 06:52 [35m(/home/teamgrit/Projects/mcs/mvc/dao/janus_dao.go:65)[0m
[33m[2020-06-03 06:52:02][0m [36;1m[0.67ms][0m SELECT * FROM b2b_live a  WHERE (a.live_seq = '54fb312e-35c5-4680-5015-18c074732d8a') 
[36;31m[1 rows affected or returned ][0m 2020/06/03 06:52 [35m(/home/teamgrit/Projects/mcs/mvc/dao/janus_dao.go:95)[0m
[33m[2020-06-03 06:52:02][0m [36;1m[0.56ms][0m SELECT * FROM `b2b_live`  WHERE (live_seq = '54fb312e-35c5-4680-5015-18c074732d8a') 
[36;31m[1 rows affected or returned ][0m 2020/06/03 06:52 [35m(/home/teamgrit/Projects/mcs/mvc/dao/janus_dao.go:97)[0m
[33m[2020-06-03 06:52:02][0m [36;1m[0.53ms][0m UPDATE `b2b_live` SET `status` = '9000', `updated_at` = '2020-06-03 06:52:02'  WHERE (live_seq = '54fb312e-35c5-4680-5015-18c074732d8a') 
[36;31m[1 rows affected or returned ][0m 2020/06/03 06:52 [35m(/home/teamgrit/Projects/mcs/mvc/dao/janus_dao.go:65)[0m
[33m[2020-06-03 06:52:17][0m [36;1m[0.70ms][0m SELECT * FROM b2b_live a  WHERE (a.live_seq = '3dd3c52f-bfa2-1a0e-0a0f-030eba941211') 
[36;31m[1 rows affected or returned ][0m 2020/06/03 06:52 [35m(/home/teamgrit/Projects/mcs/mvc/dao/janus_dao.go:65)[0m
[33m[2020-06-03 06:52:28][0m [36;1m[0.69ms][0m SELECT * FROM b2b_live a  WHERE (a.live_seq = '51154a76-8862-bc2d-f7d3-4d9ccea2a0c2') 
[36;31m[1 rows affected or returned ][0m 2020/06/03 06:55 [35m(/home/teamgrit/Projects/mcs/mvc/dao/janus_dao.go:65)[0m
[33m[2020-06-03 06:55:08][0m [36;1m[0.70ms][0m SELECT * FROM b2b_live a  WHERE (a.live_seq = '51154a76-8862-bc2d-f7d3-4d9ccea2a0c2') 
[36;31m[1 rows affected or returned ][0m 2020/06/03 06:57 [35m(/home/teamgrit/Projects/mcs/mvc/dao/janus_dao.go:65)[0m
[33m[2020-06-03 06:57:16][0m [36;1m[0.86ms][0m SELECT * FROM b2b_live a  WHERE (a.live_seq = '3dd3c52f-bfa2-1a0e-0a0f-030eba941211') 
[36;31m[1 rows affected or returned ][0m 