2020/06/02 09:08 [35m(/home/teamgrit/Projects/mcs/mvc/dao/janus_dao.go:65)[0m
[33m[2020-06-02 09:08:58][0m [36;1m[0.92ms][0m SELECT * FROM b2b_live a  WHERE (a.live_seq = '379a170f-9f2e-b979-3186-9fd63e9df0f3') 
[36;31m[1 rows affected or returned ][0m 
2020/06/02 09:10 [35m(/home/teamgrit/Projects/mcs/mvc/dao/janus_dao.go:65)[0m
[33m[2020-06-02 09:10:27][0m [36;1m[1.02ms][0m SELECT * FROM b2b_live a  WHERE (a.live_seq = '87151fef-1f64-0207-6d69-4f27f407fb02') 
[36;31m[1 rows affected or returned ][0m 
2020/06/02 09:10 [35m(/home/teamgrit/Projects/mcs/mvc/dao/janus_dao.go:47)[0m
[33m[2020-06-02 09:10:49][0m [36;1m[0.60ms][0m SELECT * FROM b2b_auth a  WHERE (a.key = 'coshop') 
[36;31m[1 rows affected or returned ][0m 
2020/06/02 09:10 [35m(/home/teamgrit/Projects/mcs/mvc/dao/janus_dao.go:57)[0m
[33m[2020-06-02 09:10:49][0m [36;1m[0.71ms][0m INSERT INTO `b2b_live` (`live_seq`,`service_seq`,`room_name`,`access_point`,`videoroom`,`textroom`,`record`,`description`,`status`,`created_at`,`updated_at`,`callback`) VALUES ('9106e4fe-c5da-fa5d-1a00-c556b8afb942',1,'Title','wss://dev-edge.cojam.shop:18001','5051475344732575','5051475344732575',true,'desc','1000','2020-06-02 09:10:49','2020-06-02 09:10:49','https://dev-api.cojam.shop/media') 
[36;31m[1 rows affected or returned ][0m 
2020/06/02 09:11 [35m(/home/teamgrit/Projects/mcs/mvc/dao/janus_dao.go:65)[0m
[33m[2020-06-02 09:11:35][0m [36;1m[1.06ms][0m SELECT * FROM b2b_live a  WHERE (a.live_seq = '9106e4fe-c5da-fa5d-1a00-c556b8afb942') 
[36;31m[1 rows affected or returned ][0m 
2020/06/02 09:11 [35m(/home/teamgrit/Projects/mcs/mvc/dao/janus_dao.go:65)[0m
[33m[2020-06-02 09:11:38][0m [36;1m[1.01ms][0m SELECT * FROM b2b_live a  WHERE (a.live_seq = '9106e4fe-c5da-fa5d-1a00-c556b8afb942') 
[36;31m[1 rows affected or returned ][0m 
2020/06/02 09:11 [35m(/home/teamgrit/Projects/mcs/mvc/dao/janus_dao.go:137)[0m
[33m[2020-06-02 09:11:38][0m [36;1m[6.68ms][0m UPDATE `b2b_live` SET `status` = '1000', `updated_at` = '2020-06-02 09:11:38'   
[36;31m[850 rows affected or returned ][0m 
2020/06/02 09:11 [35m(/home/teamgrit/Projects/mcs/mvc/dao/janus_dao.go:65)[0m
[33m[2020-06-02 09:11:39][0m [36;1m[0.97ms][0m SELECT * FROM b2b_live a  WHERE (a.live_seq = '9106e4fe-c5da-fa5d-1a00-c556b8afb942') 
[36;31m[1 rows affected or returned ][0m 
2020/06/02 09:13 [35m(/home/teamgrit/Projects/mcs/mvc/dao/janus_dao.go:65)[0m
[33m[2020-06-02 09:13:21][0m [36;1m[0.78ms][0m SELECT * FROM b2b_live a  WHERE (a.live_seq = '9106e4fe-c5da-fa5d-1a00-c556b8afb942') 
[36;31m[1 rows affected or returned ][0m 
2020/06/02 09:13 [35m(/home/teamgrit/Projects/mcs/mvc/dao/janus_dao.go:65)[0m
[33m[2020-06-02 09:13:30][0m [36;1m[0.79ms][0m SELECT * FROM b2b_live a  WHERE (a.live_seq = '9106e4fe-c5da-fa5d-1a00-c556b8afb942') 
[36;31m[1 rows affected or returned ][0m 
2020/06/02 09:14 [35m(/home/teamgrit/Projects/mcs/mvc/dao/janus_dao.go:65)[0m
[33m[2020-06-02 09:14:04][0m [36;1m[0.85ms][0m SELECT * FROM b2b_live a  WHERE (a.live_seq = '9106e4fe-c5da-fa5d-1a00-c556b8afb942') 
[36;31m[1 rows affected or returned ][0m 
2020/06/02 09:22 [35m(/home/teamgrit/Projects/mcs/mvc/dao/janus_dao.go:65)[0m
[33m[2020-06-02 09:22:13][0m [36;1m[0.97ms][0m SELECT * FROM b2b_live a  WHERE (a.live_seq = '379a170f-9f2e-b979-3186-9fd63e9df0f3') 
[36;31m[1 rows affected or returned ][0m 
2020/06/02 09:22 [35m(/home/teamgrit/Projects/mcs/mvc/dao/janus_dao.go:65)[0m
[33m[2020-06-02 09:22:14][0m [36;1m[0.88ms][0m SELECT * FROM b2b_live a  WHERE (a.live_seq = '379a170f-9f2e-b979-3186-9fd63e9df0f3') 
[36;31m[1 rows affected or returned ][0m 
2020/06/02 09:22 [35m(/home/teamgrit/Projects/mcs/mvc/dao/janus_dao.go:65)[0m
[33m[2020-06-02 09:22:16][0m [36;1m[0.71ms][0m SELECT * FROM b2b_live a  WHERE (a.live_seq = '379a170f-9f2e-b979-3186-9fd63e9df0f3') 
[36;31m[1 rows affected or returned ][0m 
2020/06/02 09:22 [35m(/home/teamgrit/Projects/mcs/mvc/dao/janus_dao.go:95)[0m
[33m[2020-06-02 09:22:16][0m [36;1m[0.84ms][0m SELECT * FROM `b2b_live`  WHERE (live_seq = '379a170f-9f2e-b979-3186-9fd63e9df0f3') 
[36;31m[1 rows affected or returned ][0m 
2020/06/02 09:22 [35m(/home/teamgrit/Projects/mcs/mvc/dao/janus_dao.go:97)[0m
[33m[2020-06-02 09:22:16][0m [36;1m[0.70ms][0m UPDATE `b2b_live` SET `status` = '9000', `updated_at` = '2020-06-02 09:22:16'  WHERE (live_seq = '379a170f-9f2e-b979-3186-9fd63e9df0f3') 
[36;31m[1 rows affected or returned ][0m 
2020/06/02 09:22 [35m(/home/teamgrit/Projects/mcs/mvc/dao/janus_dao.go:65)[0m
[33m[2020-06-02 09:22:20][0m [36;1m[0.91ms][0m SELECT * FROM b2b_live a  WHERE (a.live_seq = '379a170f-9f2e-b979-3186-9fd63e9df0f3') 
[36;31m[1 rows affected or returned ][0m 
2020/06/02 09:29 [35m(/home/teamgrit/Projects/mcs/mvc/dao/janus_dao.go:65)[0m
[33m[2020-06-02 09:29:37][0m [36;1m[1.02ms][0m SELECT * FROM b2b_live a  WHERE (a.live_seq = '9106e4fe-c5da-fa5d-1a00-c556b8afb942') 
[36;31m[1 rows affected or returned ][0m 
2020/06/02 09:44 [35m(/home/teamgrit/Projects/mcs/mvc/dao/janus_dao.go:65)[0m
[33m[2020-06-02 09:44:04][0m [36;1m[0.74ms][0m SELECT * FROM b2b_live a  WHERE (a.live_seq = '9106e4fe-c5da-fa5d-1a00-c556b8afb942') 
[36;31m[1 rows affected or returned ][0m 
2020/06/02 09:44 [35m(/home/teamgrit/Projects/mcs/mvc/dao/janus_dao.go:95)[0m
[33m[2020-06-02 09:44:04][0m [36;1m[0.95ms][0m SELECT * FROM `b2b_live`  WHERE (live_seq = '9106e4fe-c5da-fa5d-1a00-c556b8afb942') 
[36;31m[1 rows affected or returned ][0m 
2020/06/02 09:44 [35m(/home/teamgrit/Projects/mcs/mvc/dao/janus_dao.go:97)[0m
[33m[2020-06-02 09:44:04][0m [36;1m[0.78ms][0m UPDATE `b2b_live` SET `status` = '9000', `updated_at` = '2020-06-02 09:44:04'  WHERE (live_seq = '9106e4fe-c5da-fa5d-1a00-c556b8afb942') 
[36;31m[1 rows affected or returned ][0m 
2020/06/02 09:44 [35m(/home/teamgrit/Projects/mcs/mvc/dao/janus_dao.go:65)[0m
[33m[2020-06-02 09:44:11][0m [36;1m[1.45ms][0m SELECT * FROM b2b_live a  WHERE (a.live_seq = '9106e4fe-c5da-fa5d-1a00-c556b8afb942') 
[36;31m[1 rows affected or returned ][0m 
2020/06/02 09:44 [35m(/home/teamgrit/Projects/mcs/mvc/dao/janus_dao.go:95)[0m
[33m[2020-06-02 09:44:12][0m [36;1m[1.05ms][0m SELECT * FROM `b2b_live`  WHERE (live_seq = '9106e4fe-c5da-fa5d-1a00-c556b8afb942') 
[36;31m[1 rows affected or returned ][0m 
2020/06/02 09:44 [35m(/home/teamgrit/Projects/mcs/mvc/dao/janus_dao.go:97)[0m
[33m[2020-06-02 09:44:12][0m [36;1m[0.75ms][0m UPDATE `b2b_live` SET `status` = '9000', `updated_at` = '2020-06-02 09:44:12'  WHERE (live_seq = '9106e4fe-c5da-fa5d-1a00-c556b8afb942') 
[36;31m[1 rows affected or returned ][0m 
2020/06/02 09:45 [35m(/home/teamgrit/Projects/mcs/mvc/dao/janus_dao.go:65)[0m
[33m[2020-06-02 09:45:06][0m [36;1m[2.11ms][0m SELECT * FROM b2b_live a  WHERE (a.live_seq = '9106e4fe-c5da-fa5d-1a00-c556b8afb942') 
[36;31m[1 rows affected or returned ][0m 
2020/06/02 09:45 [35m(/home/teamgrit/Projects/mcs/mvc/dao/janus_dao.go:95)[0m
[33m[2020-06-02 09:45:06][0m [36;1m[0.94ms][0m SELECT * FROM `b2b_live`  WHERE (live_seq = '9106e4fe-c5da-fa5d-1a00-c556b8afb942') 
[36;31m[1 rows affected or returned ][0m 
2020/06/02 09:45 [35m(/home/teamgrit/Projects/mcs/mvc/dao/janus_dao.go:97)[0m
[33m[2020-06-02 09:45:06][0m [36;1m[1.21ms][0m UPDATE `b2b_live` SET `status` = '9000', `updated_at` = '2020-06-02 09:45:06'  WHERE (live_seq = '9106e4fe-c5da-fa5d-1a00-c556b8afb942') 
[36;31m[1 rows affected or returned ][0m 
2020/06/02 09:59 





2020/06/02 09:59 ===== ****************************** =====
2020/06/02 09:59 ===== ****************************** =====
2020/06/02 09:59 ===== START : Media Control Service  =====
2020/06/02 09:59 ===== **********(with iris)********* =====
2020/06/02 09:59 ===== ****************************** =====

2020/06/02 09:59 IRIS Version : 11.1.1
