2020/06/02 08:00 [35m(/home/teamgrit/Projects/mcs/mvc/dao/janus_dao.go:47)[0m
[33m[2020-06-02 08:00:01][0m [36;1m[0.67ms][0m SELECT * FROM b2b_auth a  WHERE (a.key = 'coshop') 
[36;31m[1 rows affected or returned ][0m 
2020/06/02 08:00 [35m(/home/teamgrit/Projects/mcs/mvc/dao/janus_dao.go:57)[0m
[33m[2020-06-02 08:00:01][0m [36;1m[0.70ms][0m INSERT INTO `b2b_live` (`live_seq`,`service_seq`,`room_name`,`access_point`,`videoroom`,`textroom`,`record`,`description`,`status`,`created_at`,`updated_at`,`callback`) VALUES ('1bc2e578-fcb8-4034-62d9-c13d6a3fa6ac',1,'Title','wss://dev-edge.cojam.shop:18001','3841649126247113','3841649126247113',true,'desc','1000','2020-06-02 08:00:01','2020-06-02 08:00:01','https://dev-api.cojam.shop/media') 
[36;31m[1 rows affected or returned ][0m 
2020/06/02 08:00 [35m(/home/teamgrit/Projects/mcs/mvc/dao/janus_dao.go:65)[0m
[33m[2020-06-02 08:00:13][0m [36;1m[0.87ms][0m SELECT * FROM b2b_live a  WHERE (a.live_seq = '1bc2e578-fcb8-4034-62d9-c13d6a3fa6ac') 
[36;31m[1 rows affected or returned ][0m 
2020/06/02 08:00 [35m(/home/teamgrit/Projects/mcs/mvc/dao/janus_dao.go:65)[0m
[33m[2020-06-02 08:00:27][0m [36;1m[0.76ms][0m SELECT * FROM b2b_live a  WHERE (a.live_seq = '1bc2e578-fcb8-4034-62d9-c13d6a3fa6ac') 
[36;31m[1 rows affected or returned ][0m 
2020/06/02 08:00 [35m(/home/teamgrit/Projects/mcs/mvc/dao/janus_dao.go:65)[0m
[33m[2020-06-02 08:00:58][0m [36;1m[2.16ms][0m SELECT * FROM b2b_live a  WHERE (a.live_seq = '3dd3c52f-bfa2-1a0e-0a0f-030eba941211') 
[36;31m[1 rows affected or returned ][0m 
2020/06/02 08:01 [35m(/home/teamgrit/Projects/mcs/mvc/dao/janus_dao.go:65)[0m
[33m[2020-06-02 08:01:07][0m [36;1m[0.95ms][0m SELECT * FROM b2b_live a  WHERE (a.live_seq = '1bc2e578-fcb8-4034-62d9-c13d6a3fa6ac') 
[36;31m[1 rows affected or returned ][0m 
2020/06/02 08:01 [35m(/home/teamgrit/Projects/mcs/mvc/dao/janus_dao.go:65)[0m
[33m[2020-06-02 08:01:25][0m [36;1m[1.36ms][0m SELECT * FROM b2b_live a  WHERE (a.live_seq = '1bc2e578-fcb8-4034-62d9-c13d6a3fa6ac') 
[36;31m[1 rows affected or returned ][0m 
2020/06/02 08:01 [35m(/home/teamgrit/Projects/mcs/mvc/dao/janus_dao.go:65)[0m
[33m[2020-06-02 08:01:53][0m [36;1m[1.69ms][0m SELECT * FROM b2b_live a  WHERE (a.live_seq = '1bc2e578-fcb8-4034-62d9-c13d6a3fa6ac') 
[36;31m[1 rows affected or returned ][0m 
2020/06/02 08:02 [35m(/home/teamgrit/Projects/mcs/mvc/dao/janus_dao.go:65)[0m
[33m[2020-06-02 08:02:00][0m [36;1m[1.15ms][0m SELECT * FROM b2b_live a  WHERE (a.live_seq = '1bc2e578-fcb8-4034-62d9-c13d6a3fa6ac') 
[36;31m[1 rows affected or returned ][0m 
2020/06/02 08:02 [35m(/home/teamgrit/Projects/mcs/mvc/dao/janus_dao.go:65)[0m
[33m[2020-06-02 08:02:39][0m [36;1m[0.87ms][0m SELECT * FROM b2b_live a  WHERE (a.live_seq = '1bc2e578-fcb8-4034-62d9-c13d6a3fa6ac') 
[36;31m[1 rows affected or returned ][0m 
2020/06/02 08:02 [35m(/home/teamgrit/Projects/mcs/mvc/dao/janus_dao.go:65)[0m
[33m[2020-06-02 08:02:58][0m [36;1m[0.78ms][0m SELECT * FROM b2b_live a  WHERE (a.live_seq = '1bc2e578-fcb8-4034-62d9-c13d6a3fa6ac') 
[36;31m[1 rows affected or returned ][0m 
2020/06/02 08:03 [35m(/home/teamgrit/Projects/mcs/mvc/dao/janus_dao.go:65)[0m
[33m[2020-06-02 08:03:00][0m [36;1m[0.65ms][0m SELECT * FROM b2b_live a  WHERE (a.live_seq = '1bc2e578-fcb8-4034-62d9-c13d6a3fa6ac') 
[36;31m[1 rows affected or returned ][0m 
2020/06/02 08:03 [35m(/home/teamgrit/Projects/mcs/mvc/dao/janus_dao.go:65)[0m
[33m[2020-06-02 08:03:16][0m [36;1m[0.75ms][0m SELECT * FROM b2b_live a  WHERE (a.live_seq = '1bc2e578-fcb8-4034-62d9-c13d6a3fa6ac') 
[36;31m[1 rows affected or returned ][0m 
2020/06/02 08:03 [35m(/home/teamgrit/Projects/mcs/mvc/dao/janus_dao.go:95)[0m
[33m[2020-06-02 08:03:16][0m [36;1m[0.76ms][0m SELECT * FROM `b2b_live`  WHERE (live_seq = '1bc2e578-fcb8-4034-62d9-c13d6a3fa6ac') 
[36;31m[1 rows affected or returned ][0m 
2020/06/02 08:03 [35m(/home/teamgrit/Projects/mcs/mvc/dao/janus_dao.go:97)[0m
[33m[2020-06-02 08:03:16][0m [36;1m[0.52ms][0m UPDATE `b2b_live` SET `status` = '9000', `updated_at` = '2020-06-02 08:03:16'  WHERE (live_seq = '1bc2e578-fcb8-4034-62d9-c13d6a3fa6ac') 
[36;31m[1 rows affected or returned ][0m 
2020/06/02 08:14 [35m(/home/teamgrit/Projects/mcs/mvc/dao/janus_dao.go:65)[0m
[33m[2020-06-02 08:14:19][0m [36;1m[1.04ms][0m SELECT * FROM b2b_live a  WHERE (a.live_seq = '3dd3c52f-bfa2-1a0e-0a0f-030eba941211') 
[36;31m[1 rows affected or returned ][0m 
2020/06/02 08:17 [35m(/home/teamgrit/Projects/mcs/mvc/dao/janus_dao.go:65)[0m
[33m[2020-06-02 08:17:55][0m [36;1m[0.98ms][0m SELECT * FROM b2b_live a  WHERE (a.live_seq = '3dd3c52f-bfa2-1a0e-0a0f-030eba941211') 
[36;31m[1 rows affected or returned ][0m 
2020/06/02 08:18 [35m(/home/teamgrit/Projects/mcs/mvc/dao/janus_dao.go:65)[0m
[33m[2020-06-02 08:18:02][0m [36;1m[0.86ms][0m SELECT * FROM b2b_live a  WHERE (a.live_seq = '3dd3c52f-bfa2-1a0e-0a0f-030eba941211') 
[36;31m[1 rows affected or returned ][0m 
2020/06/02 08:21 [35m(/home/teamgrit/Projects/mcs/mvc/dao/janus_dao.go:65)[0m
[33m[2020-06-02 08:21:24][0m [36;1m[0.99ms][0m SELECT * FROM b2b_live a  WHERE (a.live_seq = '1bc2e578-fcb8-4034-62d9-c13d6a3fa6ac') 
[36;31m[1 rows affected or returned ][0m 
2020/06/02 08:22 [35m(/home/teamgrit/Projects/mcs/mvc/dao/janus_dao.go:47)[0m
[33m[2020-06-02 08:22:18][0m [36;1m[0.78ms][0m SELECT * FROM b2b_auth a  WHERE (a.key = 'coshop') 
[36;31m[1 rows affected or returned ][0m 
2020/06/02 08:22 [35m(/home/teamgrit/Projects/mcs/mvc/dao/janus_dao.go:57)[0m
[33m[2020-06-02 08:22:18][0m [36;1m[0.77ms][0m INSERT INTO `b2b_live` (`live_seq`,`service_seq`,`room_name`,`access_point`,`videoroom`,`textroom`,`record`,`description`,`status`,`created_at`,`updated_at`,`callback`) VALUES ('4742a0b4-fd3c-1da1-e9cb-2fccdf73525c',1,'Title','wss://dev-edge.cojam.shop:18002','5541980366141791','5541980366141791',true,'desc','1000','2020-06-02 08:22:18','2020-06-02 08:22:18','https://dev-api.cojam.shop/media') 
[36;31m[1 rows affected or returned ][0m 
2020/06/02 08:22 [35m(/home/teamgrit/Projects/mcs/mvc/dao/janus_dao.go:65)[0m
[33m[2020-06-02 08:22:54][0m [36;1m[0.93ms][0m SELECT * FROM b2b_live a  WHERE (a.live_seq = '4742a0b4-fd3c-1da1-e9cb-2fccdf73525c') 
[36;31m[1 rows affected or returned ][0m 
2020/06/02 08:24 [35m(/home/teamgrit/Projects/mcs/mvc/dao/janus_dao.go:65)[0m
[33m[2020-06-02 08:24:30][0m [36;1m[0.77ms][0m SELECT * FROM b2b_live a  WHERE (a.live_seq = '4742a0b4-fd3c-1da1-e9cb-2fccdf73525c') 
[36;31m[1 rows affected or returned ][0m 
2020/06/02 08:24 [35m(/home/teamgrit/Projects/mcs/mvc/dao/janus_dao.go:95)[0m
[33m[2020-06-02 08:24:30][0m [36;1m[0.73ms][0m SELECT * FROM `b2b_live`  WHERE (live_seq = '4742a0b4-fd3c-1da1-e9cb-2fccdf73525c') 
[36;31m[1 rows affected or returned ][0m 
2020/06/02 08:24 [35m(/home/teamgrit/Projects/mcs/mvc/dao/janus_dao.go:97)[0m
[33m[2020-06-02 08:24:30][0m [36;1m[0.54ms][0m UPDATE `b2b_live` SET `status` = '9000', `updated_at` = '2020-06-02 08:24:30'  WHERE (live_seq = '4742a0b4-fd3c-1da1-e9cb-2fccdf73525c') 
[36;31m[1 rows affected or returned ][0m 
2020/06/02 08:46 [35m(/home/teamgrit/Projects/mcs/mvc/dao/janus_dao.go:65)[0m
[33m[2020-06-02 08:46:06][0m [36;1m[0.85ms][0m SELECT * FROM b2b_live a  WHERE (a.live_seq = '3dd3c52f-bfa2-1a0e-0a0f-030eba941211') 
[36;31m[1 rows affected or returned ][0m 
2020/06/02 08:47 [35m(/home/teamgrit/Projects/mcs/mvc/dao/janus_dao.go:47)[0m
[33m[2020-06-02 08:47:57][0m [36;1m[0.74ms][0m SELECT * FROM b2b_auth a  WHERE (a.key = 'coshop') 
[36;31m[1 rows affected or returned ][0m 
2020/06/02 08:47 [35m(/home/teamgrit/Projects/mcs/mvc/dao/janus_dao.go:57)[0m
[33m[2020-06-02 08:47:57][0m [36;1m[0.68ms][0m INSERT INTO `b2b_live` (`live_seq`,`service_seq`,`room_name`,`access_point`,`videoroom`,`textroom`,`record`,`description`,`status`,`created_at`,`updated_at`,`callback`) VALUES ('379a170f-9f2e-b979-3186-9fd63e9df0f3',1,'Title','wss://dev-edge.cojam.shop:18002','2768026808652806','2768026808652806',true,'desc','1000','2020-06-02 08:47:57','2020-06-02 08:47:57','https://dev-api.cojam.shop/media') 
[36;31m[1 rows affected or returned ][0m 
2020/06/02 08:48 [35m(/home/teamgrit/Projects/mcs/mvc/dao/janus_dao.go:65)[0m
[33m[2020-06-02 08:48:59][0m [36;1m[0.80ms][0m SELECT * FROM b2b_live a  WHERE (a.live_seq = '379a170f-9f2e-b979-3186-9fd63e9df0f3') 
[36;31m[1 rows affected or returned ][0m 
2020/06/02 08:48 [35m(/home/teamgrit/Projects/mcs/mvc/dao/janus_dao.go:95)[0m
[33m[2020-06-02 08:48:59][0m [36;1m[0.65ms][0m SELECT * FROM `b2b_live`  WHERE (live_seq = '379a170f-9f2e-b979-3186-9fd63e9df0f3') 
[36;31m[1 rows affected or returned ][0m 
2020/06/02 08:48 [35m(/home/teamgrit/Projects/mcs/mvc/dao/janus_dao.go:97)[0m
[33m[2020-06-02 08:48:59][0m [36;1m[0.65ms][0m UPDATE `b2b_live` SET `status` = '9000', `updated_at` = '2020-06-02 08:48:59'  WHERE (live_seq = '379a170f-9f2e-b979-3186-9fd63e9df0f3') 
[36;31m[1 rows affected or returned ][0m 
