2020/06/02 06:13 [35m(/home/teamgrit/Projects/mcs/mvc/dao/janus_dao.go:65)[0m
[33m[2020-06-02 06:13:43][0m [36;1m[0.85ms][0m SELECT * FROM b2b_live a  WHERE (a.live_seq = 'd2c5aa89-4fb8-22b8-6cb0-e33db286d552') 
[36;31m[0 rows affected or returned ][0m 
[ERRO] 2020/06/02 06:13 

============================== ERROR LOG START ================================
At Request: 500 /api/v2/status POST 10.0.0.15
ERROR Message : runtime error: invalid memory address or nil pointer dereference



================================ ERROR LOG END ================================


[ERRO] 2020/06/02 06:13 [RDB Transaction] RequestID: , RDB_TX Rollback()
2020/06/02 06:13 [35m(/home/teamgrit/Projects/mcs/mvc/dao/janus_dao.go:65)[0m
[33m[2020-06-02 06:13:48][0m [36;1m[0.59ms][0m SELECT * FROM b2b_live a  WHERE (a.live_seq = 'd2c5aa89-4fb8-22b8-6cb0-e33db286d552') 
[36;31m[0 rows affected or returned ][0m 
[ERRO] 2020/06/02 06:13 

============================== ERROR LOG START ================================
At Request: 500 /api/v2/remove/d2c5aa89-4fb8-22b8-6cb0-e33db286d552 POST 10.0.0.15
ERROR Message : runtime error: invalid memory address or nil pointer dereference



================================ ERROR LOG END ================================


[ERRO] 2020/06/02 06:13 [RDB Transaction] RequestID: , RDB_TX Rollback()
2020/06/02 06:15 [35m(/home/teamgrit/Projects/mcs/mvc/dao/janus_dao.go:47)[0m
[33m[2020-06-02 06:15:27][0m [36;1m[0.55ms][0m SELECT * FROM b2b_auth a  WHERE (a.key = 'coshop') 
[36;31m[1 rows affected or returned ][0m 
2020/06/02 06:15 [35m(/home/teamgrit/Projects/mcs/mvc/dao/janus_dao.go:57)[0m
[33m[2020-06-02 06:15:27][0m [36;1m[0.61ms][0m INSERT INTO `b2b_live` (`live_seq`,`service_seq`,`room_name`,`access_point`,`videoroom`,`textroom`,`record`,`description`,`status`,`created_at`,`updated_at`,`callback`) VALUES ('c6239ede-b31a-61cd-5f82-6910f71c8f74',1,'Title','wss://dev-edge.cojam.shop:18002','1857091215967807','1857091215967807',true,'desc','1000','2020-06-02 06:15:27','2020-06-02 06:15:27','https://dev-api.cojam.shop/media') 
[36;31m[1 rows affected or returned ][0m 
2020/06/02 06:18 [35m(/home/teamgrit/Projects/mcs/mvc/dao/janus_dao.go:65)[0m
[33m[2020-06-02 06:18:00][0m [36;1m[0.80ms][0m SELECT * FROM b2b_live a  WHERE (a.live_seq = 'c6239ede-b31a-61cd-5f82-6910f71c8f74') 
[36;31m[1 rows affected or returned ][0m 
2020/06/02 06:18 [35m(/home/teamgrit/Projects/mcs/mvc/dao/janus_dao.go:95)[0m
[33m[2020-06-02 06:18:00][0m [36;1m[0.72ms][0m SELECT * FROM `b2b_live`  WHERE (live_seq = 'c6239ede-b31a-61cd-5f82-6910f71c8f74') 
[36;31m[1 rows affected or returned ][0m 
2020/06/02 06:18 [35m(/home/teamgrit/Projects/mcs/mvc/dao/janus_dao.go:97)[0m
[33m[2020-06-02 06:18:00][0m [36;1m[0.63ms][0m UPDATE `b2b_live` SET `status` = '9000', `updated_at` = '2020-06-02 06:18:00'  WHERE (live_seq = 'c6239ede-b31a-61cd-5f82-6910f71c8f74') 
[36;31m[1 rows affected or returned ][0m 
2020/06/02 06:18 [35m(/home/teamgrit/Projects/mcs/mvc/dao/janus_dao.go:47)[0m
[33m[2020-06-02 06:18:30][0m [36;1m[0.79ms][0m SELECT * FROM b2b_auth a  WHERE (a.key = 'coshop') 
[36;31m[1 rows affected or returned ][0m 
2020/06/02 06:18 [35m(/home/teamgrit/Projects/mcs/mvc/dao/janus_dao.go:57)[0m
[33m[2020-06-02 06:18:30][0m [36;1m[0.73ms][0m INSERT INTO `b2b_live` (`live_seq`,`service_seq`,`room_name`,`access_point`,`videoroom`,`textroom`,`record`,`description`,`status`,`created_at`,`updated_at`,`callback`) VALUES ('8421ec31-4716-78c5-37e0-1e5a6ff4fe16',1,'Title','wss://dev-edge.cojam.shop:18001','6776691432774780','6776691432774780',true,'desc','1000','2020-06-02 06:18:30','2020-06-02 06:18:30','https://dev-api.cojam.shop/media') 
[36;31m[1 rows affected or returned ][0m 
2020/06/02 06:19 [35m(/home/teamgrit/Projects/mcs/mvc/dao/janus_dao.go:65)[0m
[33m[2020-06-02 06:19:24][0m [36;1m[0.93ms][0m SELECT * FROM b2b_live a  WHERE (a.live_seq = '12e0cd21-dacd-7835-d4c7-56d4579c2946') 
[36;31m[1 rows affected or returned ][0m 
2020/06/02 06:19 [35m(/home/teamgrit/Projects/mcs/mvc/dao/janus_dao.go:65)[0m
[33m[2020-06-02 06:19:52][0m [36;1m[0.94ms][0m SELECT * FROM b2b_live a  WHERE (a.live_seq = '8421ec31-4716-78c5-37e0-1e5a6ff4fe16') 
[36;31m[1 rows affected or returned ][0m 
2020/06/02 06:21 [35m(/home/teamgrit/Projects/mcs/mvc/dao/janus_dao.go:65)[0m
[33m[2020-06-02 06:21:14][0m [36;1m[0.85ms][0m SELECT * FROM b2b_live a  WHERE (a.live_seq = '8421ec31-4716-78c5-37e0-1e5a6ff4fe16') 
[36;31m[1 rows affected or returned ][0m 
2020/06/02 06:21 [35m(/home/teamgrit/Projects/mcs/mvc/dao/janus_dao.go:65)[0m
[33m[2020-06-02 06:21:49][0m [36;1m[0.79ms][0m SELECT * FROM b2b_live a  WHERE (a.live_seq = '8421ec31-4716-78c5-37e0-1e5a6ff4fe16') 
[36;31m[1 rows affected or returned ][0m 
2020/06/02 06:21 [35m(/home/teamgrit/Projects/mcs/mvc/dao/janus_dao.go:95)[0m
[33m[2020-06-02 06:21:49][0m [36;1m[0.77ms][0m SELECT * FROM `b2b_live`  WHERE (live_seq = '8421ec31-4716-78c5-37e0-1e5a6ff4fe16') 
[36;31m[1 rows affected or returned ][0m 
2020/06/02 06:21 [35m(/home/teamgrit/Projects/mcs/mvc/dao/janus_dao.go:97)[0m
[33m[2020-06-02 06:21:49][0m [36;1m[0.57ms][0m UPDATE `b2b_live` SET `status` = '9000', `updated_at` = '2020-06-02 06:21:49'  WHERE (live_seq = '8421ec31-4716-78c5-37e0-1e5a6ff4fe16') 
[36;31m[1 rows affected or returned ][0m 
2020/06/02 06:21 [35m(/home/teamgrit/Projects/mcs/mvc/dao/janus_dao.go:65)[0m
[33m[2020-06-02 06:21:50][0m [36;1m[1.06ms][0m SELECT * FROM b2b_live a  WHERE (a.live_seq = '8421ec31-4716-78c5-37e0-1e5a6ff4fe16') 
[36;31m[1 rows affected or returned ][0m 
2020/06/02 06:23 [35m(/home/teamgrit/Projects/mcs/mvc/dao/janus_dao.go:65)[0m
[33m[2020-06-02 06:23:42][0m [36;1m[1.06ms][0m SELECT * FROM b2b_live a  WHERE (a.live_seq = '12e0cd21-dacd-7835-d4c7-56d4579c2946') 
[36;31m[1 rows affected or returned ][0m 
2020/06/02 06:36 [35m(/home/teamgrit/Projects/mcs/mvc/dao/janus_dao.go:65)[0m
[33m[2020-06-02 06:36:06][0m [36;1m[0.73ms][0m SELECT * FROM b2b_live a  WHERE (a.live_seq = '8421ec31-4716-78c5-37e0-1e5a6ff4fe16') 
[36;31m[1 rows affected or returned ][0m 
2020/06/02 06:37 [35m(/home/teamgrit/Projects/mcs/mvc/dao/janus_dao.go:65)[0m
[33m[2020-06-02 06:37:53][0m [36;1m[0.76ms][0m SELECT * FROM b2b_live a  WHERE (a.live_seq = '8421ec31-4716-78c5-37e0-1e5a6ff4fe16') 
[36;31m[1 rows affected or returned ][0m 
2020/06/02 06:44 [35m(/home/teamgrit/Projects/mcs/mvc/dao/janus_dao.go:65)[0m
[33m[2020-06-02 06:44:26][0m [36;1m[0.75ms][0m SELECT * FROM b2b_live a  WHERE (a.live_seq = '8421ec31-4716-78c5-37e0-1e5a6ff4fe16') 
[36;31m[1 rows affected or returned ][0m 
2020/06/02 06:54 [35m(/home/teamgrit/Projects/mcs/mvc/dao/janus_dao.go:65)[0m
[33m[2020-06-02 06:54:40][0m [36;1m[0.99ms][0m SELECT * FROM b2b_live a  WHERE (a.live_seq = '87151fef-1f64-0207-6d69-4f27f407fb02') 
[36;31m[1 rows affected or returned ][0m 
2020/06/02 06:55 [35m(/home/teamgrit/Projects/mcs/mvc/dao/janus_dao.go:65)[0m
[33m[2020-06-02 06:55:23][0m [36;1m[0.96ms][0m SELECT * FROM b2b_live a  WHERE (a.live_seq = '87151fef-1f64-0207-6d69-4f27f407fb02') 
[36;31m[1 rows affected or returned ][0m 
2020/06/02 06:55 [35m(/home/teamgrit/Projects/mcs/mvc/dao/janus_dao.go:65)[0m
[33m[2020-06-02 06:55:24][0m [36;1m[0.76ms][0m SELECT * FROM b2b_live a  WHERE (a.live_seq = '87151fef-1f64-0207-6d69-4f27f407fb02') 
[36;31m[1 rows affected or returned ][0m 
2020/06/02 06:55 [35m(/home/teamgrit/Projects/mcs/mvc/dao/janus_dao.go:65)[0m
[33m[2020-06-02 06:55:25][0m [36;1m[0.76ms][0m SELECT * FROM b2b_live a  WHERE (a.live_seq = '87151fef-1f64-0207-6d69-4f27f407fb02') 
[36;31m[1 rows affected or returned ][0m 
2020/06/02 06:55 [35m(/home/teamgrit/Projects/mcs/mvc/dao/janus_dao.go:65)[0m
[33m[2020-06-02 06:55:25][0m [36;1m[0.78ms][0m SELECT * FROM b2b_live a  WHERE (a.live_seq = '87151fef-1f64-0207-6d69-4f27f407fb02') 
[36;31m[1 rows affected or returned ][0m 
2020/06/02 06:55 [35m(/home/teamgrit/Projects/mcs/mvc/dao/janus_dao.go:65)[0m
[33m[2020-06-02 06:55:25][0m [36;1m[0.71ms][0m SELECT * FROM b2b_live a  WHERE (a.live_seq = '87151fef-1f64-0207-6d69-4f27f407fb02') 
[36;31m[1 rows affected or returned ][0m 
2020/06/02 06:55 [35m(/home/teamgrit/Projects/mcs/mvc/dao/janus_dao.go:65)[0m
[33m[2020-06-02 06:55:28][0m [36;1m[0.72ms][0m SELECT * FROM b2b_live a  WHERE (a.live_seq = '87151fef-1f64-0207-6d69-4f27f407fb02') 
[36;31m[1 rows affected or returned ][0m 
2020/06/02 06:55 [35m(/home/teamgrit/Projects/mcs/mvc/dao/janus_dao.go:65)[0m
[33m[2020-06-02 06:55:28][0m [36;1m[0.69ms][0m SELECT * FROM b2b_live a  WHERE (a.live_seq = '87151fef-1f64-0207-6d69-4f27f407fb02') 
[36;31m[1 rows affected or returned ][0m 
